[0.071s] DEBUG:colcon:Command line arguments: ['/usr/bin/colcon', 'build', '--packages-select', 'behaviortree_cpp']
[0.071s] DEBUG:colcon:Parsed command line arguments: Namespace(log_base=None, log_level=None, verb_name='build', build_base='build', install_base='install', merge_install=False, symlink_install=False, test_result_base=None, continue_on_error=False, executor='parallel', parallel_workers=16, event_handlers=None, ignore_user_meta=False, metas=['./colcon.meta'], base_paths=['.'], packages_ignore=None, packages_ignore_regex=None, paths=None, packages_up_to=None, packages_up_to_regex=None, packages_above=None, packages_above_and_dependencies=None, packages_above_depth=None, packages_select_by_dep=None, packages_skip_by_dep=None, packages_skip_up_to=None, packages_select_build_failed=False, packages_skip_build_finished=False, packages_select_test_failures=False, packages_skip_test_passed=False, packages_select=['behaviortree_cpp'], packages_skip=None, packages_select_regex=None, packages_skip_regex=None, packages_start=None, packages_end=None, allow_overriding=[], cmake_args=None, cmake_target=None, cmake_target_skip_unavailable=False, cmake_clean_cache=False, cmake_clean_first=False, cmake_force_configure=False, ament_cmake_args=None, catkin_cmake_args=None, catkin_skip_building_tests=False, mixin_files=None, mixin=None, verb_parser=<colcon_mixin.mixin.mixin_argument.MixinArgumentDecorator object at 0x7a3c1e81ca30>, verb_extension=<colcon_core.verb.build.BuildVerb object at 0x7a3c1e81c3a0>, main=<bound method BuildVerb.main of <colcon_core.verb.build.BuildVerb object at 0x7a3c1e81c3a0>>, mixin_verb=('build',))
[0.166s] Level 1:colcon.colcon_core.package_discovery:discover_packages(colcon_meta) check parameters
[0.166s] Level 1:colcon.colcon_core.package_discovery:discover_packages(recursive) check parameters
[0.166s] Level 1:colcon.colcon_core.package_discovery:discover_packages(ignore) check parameters
[0.166s] Level 1:colcon.colcon_core.package_discovery:discover_packages(path) check parameters
[0.166s] Level 1:colcon.colcon_core.package_discovery:discover_packages(colcon_meta) discover
[0.166s] Level 1:colcon.colcon_core.package_discovery:discover_packages(recursive) discover
[0.166s] INFO:colcon.colcon_core.package_discovery:Crawling recursively for packages in '/home/larsandre/Documents/ascend/IARC10_Autonomy'
[0.166s] Level 1:colcon.colcon_core.package_identification:_identify(.) by extensions ['ignore', 'ignore_ament_install']
[0.167s] Level 1:colcon.colcon_core.package_identification:_identify(.) by extension 'ignore'
[0.167s] Level 1:colcon.colcon_core.package_identification:_identify(.) by extension 'ignore_ament_install'
[0.167s] Level 1:colcon.colcon_core.package_identification:_identify(.) by extensions ['colcon_pkg']
[0.167s] Level 1:colcon.colcon_core.package_identification:_identify(.) by extension 'colcon_pkg'
[0.167s] Level 1:colcon.colcon_core.package_identification:_identify(.) by extensions ['colcon_meta']
[0.167s] Level 1:colcon.colcon_core.package_identification:_identify(.) by extension 'colcon_meta'
[0.167s] Level 1:colcon.colcon_core.package_identification:_identify(.) by extensions ['ros']
[0.167s] Level 1:colcon.colcon_core.package_identification:_identify(.) by extension 'ros'
[0.175s] Level 1:colcon.colcon_core.package_identification:_identify(.) by extensions ['cmake', 'python']
[0.175s] Level 1:colcon.colcon_core.package_identification:_identify(.) by extension 'cmake'
[0.175s] Level 1:colcon.colcon_core.package_identification:_identify(.) by extension 'python'
[0.175s] Level 1:colcon.colcon_core.package_identification:_identify(.) by extensions ['python_setup_py']
[0.175s] Level 1:colcon.colcon_core.package_identification:_identify(.) by extension 'python_setup_py'
[0.175s] Level 1:colcon.colcon_core.package_identification:_identify(build) by extensions ['ignore', 'ignore_ament_install']
[0.175s] Level 1:colcon.colcon_core.package_identification:_identify(build) by extension 'ignore'
[0.175s] Level 1:colcon.colcon_core.package_identification:_identify(build) ignored
[0.175s] Level 1:colcon.colcon_core.package_identification:_identify(install) by extensions ['ignore', 'ignore_ament_install']
[0.175s] Level 1:colcon.colcon_core.package_identification:_identify(install) by extension 'ignore'
[0.175s] Level 1:colcon.colcon_core.package_identification:_identify(install) ignored
[0.175s] Level 1:colcon.colcon_core.package_identification:_identify(log) by extensions ['ignore', 'ignore_ament_install']
[0.175s] Level 1:colcon.colcon_core.package_identification:_identify(log) by extension 'ignore'
[0.175s] Level 1:colcon.colcon_core.package_identification:_identify(log) ignored
[0.175s] Level 1:colcon.colcon_core.package_identification:_identify(src) by extensions ['ignore', 'ignore_ament_install']
[0.176s] Level 1:colcon.colcon_core.package_identification:_identify(src) by extension 'ignore'
[0.176s] Level 1:colcon.colcon_core.package_identification:_identify(src) by extension 'ignore_ament_install'
[0.176s] Level 1:colcon.colcon_core.package_identification:_identify(src) by extensions ['colcon_pkg']
[0.176s] Level 1:colcon.colcon_core.package_identification:_identify(src) by extension 'colcon_pkg'
[0.176s] Level 1:colcon.colcon_core.package_identification:_identify(src) by extensions ['colcon_meta']
[0.176s] Level 1:colcon.colcon_core.package_identification:_identify(src) by extension 'colcon_meta'
[0.176s] Level 1:colcon.colcon_core.package_identification:_identify(src) by extensions ['ros']
[0.176s] Level 1:colcon.colcon_core.package_identification:_identify(src) by extension 'ros'
[0.176s] Level 1:colcon.colcon_core.package_identification:_identify(src) by extensions ['cmake', 'python']
[0.176s] Level 1:colcon.colcon_core.package_identification:_identify(src) by extension 'cmake'
[0.176s] Level 1:colcon.colcon_core.package_identification:_identify(src) by extension 'python'
[0.176s] Level 1:colcon.colcon_core.package_identification:_identify(src) by extensions ['python_setup_py']
[0.176s] Level 1:colcon.colcon_core.package_identification:_identify(src) by extension 'python_setup_py'
[0.176s] Level 1:colcon.colcon_core.package_identification:_identify(src/BehaviorTree.CPP) by extensions ['ignore', 'ignore_ament_install']
[0.176s] Level 1:colcon.colcon_core.package_identification:_identify(src/BehaviorTree.CPP) by extension 'ignore'
[0.176s] Level 1:colcon.colcon_core.package_identification:_identify(src/BehaviorTree.CPP) by extension 'ignore_ament_install'
[0.176s] Level 1:colcon.colcon_core.package_identification:_identify(src/BehaviorTree.CPP) by extensions ['colcon_pkg']
[0.176s] Level 1:colcon.colcon_core.package_identification:_identify(src/BehaviorTree.CPP) by extension 'colcon_pkg'
[0.176s] Level 1:colcon.colcon_core.package_identification:_identify(src/BehaviorTree.CPP) by extensions ['colcon_meta']
[0.176s] Level 1:colcon.colcon_core.package_identification:_identify(src/BehaviorTree.CPP) by extension 'colcon_meta'
[0.176s] Level 1:colcon.colcon_core.package_identification:_identify(src/BehaviorTree.CPP) by extensions ['ros']
[0.176s] Level 1:colcon.colcon_core.package_identification:_identify(src/BehaviorTree.CPP) by extension 'ros'
[0.182s] DEBUG:colcon.colcon_core.package_identification:Package 'src/BehaviorTree.CPP' with type 'ros.catkin' and name 'behaviortree_cpp'
[0.182s] Level 1:colcon.colcon_core.package_identification:_identify(src/BehaviorTree.ROS2) by extensions ['ignore', 'ignore_ament_install']
[0.182s] Level 1:colcon.colcon_core.package_identification:_identify(src/BehaviorTree.ROS2) by extension 'ignore'
[0.182s] Level 1:colcon.colcon_core.package_identification:_identify(src/BehaviorTree.ROS2) by extension 'ignore_ament_install'
[0.182s] Level 1:colcon.colcon_core.package_identification:_identify(src/BehaviorTree.ROS2) by extensions ['colcon_pkg']
[0.182s] Level 1:colcon.colcon_core.package_identification:_identify(src/BehaviorTree.ROS2) by extension 'colcon_pkg'
[0.182s] Level 1:colcon.colcon_core.package_identification:_identify(src/BehaviorTree.ROS2) by extensions ['colcon_meta']
[0.182s] Level 1:colcon.colcon_core.package_identification:_identify(src/BehaviorTree.ROS2) by extension 'colcon_meta'
[0.182s] Level 1:colcon.colcon_core.package_identification:_identify(src/BehaviorTree.ROS2) by extensions ['ros']
[0.182s] Level 1:colcon.colcon_core.package_identification:_identify(src/BehaviorTree.ROS2) by extension 'ros'
[0.182s] Level 1:colcon.colcon_core.package_identification:_identify(src/BehaviorTree.ROS2) by extensions ['cmake', 'python']
[0.182s] Level 1:colcon.colcon_core.package_identification:_identify(src/BehaviorTree.ROS2) by extension 'cmake'
[0.182s] Level 1:colcon.colcon_core.package_identification:_identify(src/BehaviorTree.ROS2) by extension 'python'
[0.182s] Level 1:colcon.colcon_core.package_identification:_identify(src/BehaviorTree.ROS2) by extensions ['python_setup_py']
[0.182s] Level 1:colcon.colcon_core.package_identification:_identify(src/BehaviorTree.ROS2) by extension 'python_setup_py'
[0.182s] Level 1:colcon.colcon_core.package_identification:_identify(src/BehaviorTree.ROS2/behaviortree_ros2) by extensions ['ignore', 'ignore_ament_install']
[0.183s] Level 1:colcon.colcon_core.package_identification:_identify(src/BehaviorTree.ROS2/behaviortree_ros2) by extension 'ignore'
[0.183s] Level 1:colcon.colcon_core.package_identification:_identify(src/BehaviorTree.ROS2/behaviortree_ros2) by extension 'ignore_ament_install'
[0.183s] Level 1:colcon.colcon_core.package_identification:_identify(src/BehaviorTree.ROS2/behaviortree_ros2) by extensions ['colcon_pkg']
[0.183s] Level 1:colcon.colcon_core.package_identification:_identify(src/BehaviorTree.ROS2/behaviortree_ros2) by extension 'colcon_pkg'
[0.183s] Level 1:colcon.colcon_core.package_identification:_identify(src/BehaviorTree.ROS2/behaviortree_ros2) by extensions ['colcon_meta']
[0.183s] Level 1:colcon.colcon_core.package_identification:_identify(src/BehaviorTree.ROS2/behaviortree_ros2) by extension 'colcon_meta'
[0.183s] Level 1:colcon.colcon_core.package_identification:_identify(src/BehaviorTree.ROS2/behaviortree_ros2) by extensions ['ros']
[0.183s] Level 1:colcon.colcon_core.package_identification:_identify(src/BehaviorTree.ROS2/behaviortree_ros2) by extension 'ros'
[0.183s] DEBUG:colcon.colcon_core.package_identification:Package 'src/BehaviorTree.ROS2/behaviortree_ros2' with type 'ros.ament_cmake' and name 'behaviortree_ros2'
[0.184s] Level 1:colcon.colcon_core.package_identification:_identify(src/BehaviorTree.ROS2/btcpp_ros2_interfaces) by extensions ['ignore', 'ignore_ament_install']
[0.184s] Level 1:colcon.colcon_core.package_identification:_identify(src/BehaviorTree.ROS2/btcpp_ros2_interfaces) by extension 'ignore'
[0.184s] Level 1:colcon.colcon_core.package_identification:_identify(src/BehaviorTree.ROS2/btcpp_ros2_interfaces) by extension 'ignore_ament_install'
[0.184s] Level 1:colcon.colcon_core.package_identification:_identify(src/BehaviorTree.ROS2/btcpp_ros2_interfaces) by extensions ['colcon_pkg']
[0.184s] Level 1:colcon.colcon_core.package_identification:_identify(src/BehaviorTree.ROS2/btcpp_ros2_interfaces) by extension 'colcon_pkg'
[0.184s] Level 1:colcon.colcon_core.package_identification:_identify(src/BehaviorTree.ROS2/btcpp_ros2_interfaces) by extensions ['colcon_meta']
[0.184s] Level 1:colcon.colcon_core.package_identification:_identify(src/BehaviorTree.ROS2/btcpp_ros2_interfaces) by extension 'colcon_meta'
[0.184s] Level 1:colcon.colcon_core.package_identification:_identify(src/BehaviorTree.ROS2/btcpp_ros2_interfaces) by extensions ['ros']
[0.184s] Level 1:colcon.colcon_core.package_identification:_identify(src/BehaviorTree.ROS2/btcpp_ros2_interfaces) by extension 'ros'
[0.184s] DEBUG:colcon.colcon_core.package_identification:Package 'src/BehaviorTree.ROS2/btcpp_ros2_interfaces' with type 'ros.ament_cmake' and name 'btcpp_ros2_interfaces'
[0.184s] Level 1:colcon.colcon_core.package_identification:_identify(src/BehaviorTree.ROS2/btcpp_ros2_samples) by extensions ['ignore', 'ignore_ament_install']
[0.184s] Level 1:colcon.colcon_core.package_identification:_identify(src/BehaviorTree.ROS2/btcpp_ros2_samples) by extension 'ignore'
[0.184s] Level 1:colcon.colcon_core.package_identification:_identify(src/BehaviorTree.ROS2/btcpp_ros2_samples) by extension 'ignore_ament_install'
[0.184s] Level 1:colcon.colcon_core.package_identification:_identify(src/BehaviorTree.ROS2/btcpp_ros2_samples) by extensions ['colcon_pkg']
[0.185s] Level 1:colcon.colcon_core.package_identification:_identify(src/BehaviorTree.ROS2/btcpp_ros2_samples) by extension 'colcon_pkg'
[0.185s] Level 1:colcon.colcon_core.package_identification:_identify(src/BehaviorTree.ROS2/btcpp_ros2_samples) by extensions ['colcon_meta']
[0.185s] Level 1:colcon.colcon_core.package_identification:_identify(src/BehaviorTree.ROS2/btcpp_ros2_samples) by extension 'colcon_meta'
[0.185s] Level 1:colcon.colcon_core.package_identification:_identify(src/BehaviorTree.ROS2/btcpp_ros2_samples) by extensions ['ros']
[0.185s] Level 1:colcon.colcon_core.package_identification:_identify(src/BehaviorTree.ROS2/btcpp_ros2_samples) by extension 'ros'
[0.185s] DEBUG:colcon.colcon_core.package_identification:Package 'src/BehaviorTree.ROS2/btcpp_ros2_samples' with type 'ros.ament_cmake' and name 'btcpp_ros2_samples'
[0.185s] Level 1:colcon.colcon_core.package_identification:_identify(src/bt_drone) by extensions ['ignore', 'ignore_ament_install']
[0.185s] Level 1:colcon.colcon_core.package_identification:_identify(src/bt_drone) by extension 'ignore'
[0.185s] Level 1:colcon.colcon_core.package_identification:_identify(src/bt_drone) by extension 'ignore_ament_install'
[0.185s] Level 1:colcon.colcon_core.package_identification:_identify(src/bt_drone) by extensions ['colcon_pkg']
[0.185s] Level 1:colcon.colcon_core.package_identification:_identify(src/bt_drone) by extension 'colcon_pkg'
[0.185s] Level 1:colcon.colcon_core.package_identification:_identify(src/bt_drone) by extensions ['colcon_meta']
[0.185s] Level 1:colcon.colcon_core.package_identification:_identify(src/bt_drone) by extension 'colcon_meta'
[0.185s] Level 1:colcon.colcon_core.package_identification:_identify(src/bt_drone) by extensions ['ros']
[0.185s] Level 1:colcon.colcon_core.package_identification:_identify(src/bt_drone) by extension 'ros'
[0.186s] DEBUG:colcon.colcon_core.package_identification:Package 'src/bt_drone' with type 'ros.ament_cmake' and name 'bt_drone'
[0.186s] Level 1:colcon.colcon_core.package_identification:_identify(src/the_tree) by extensions ['ignore', 'ignore_ament_install']
[0.186s] Level 1:colcon.colcon_core.package_identification:_identify(src/the_tree) by extension 'ignore'
[0.186s] Level 1:colcon.colcon_core.package_identification:_identify(src/the_tree) by extension 'ignore_ament_install'
[0.186s] Level 1:colcon.colcon_core.package_identification:_identify(src/the_tree) by extensions ['colcon_pkg']
[0.186s] Level 1:colcon.colcon_core.package_identification:_identify(src/the_tree) by extension 'colcon_pkg'
[0.186s] Level 1:colcon.colcon_core.package_identification:_identify(src/the_tree) by extensions ['colcon_meta']
[0.186s] Level 1:colcon.colcon_core.package_identification:_identify(src/the_tree) by extension 'colcon_meta'
[0.187s] Level 1:colcon.colcon_core.package_identification:_identify(src/the_tree) by extensions ['ros']
[0.187s] Level 1:colcon.colcon_core.package_identification:_identify(src/the_tree) by extension 'ros'
[0.187s] Level 1:colcon.colcon_core.package_identification:_identify(src/the_tree) by extensions ['cmake', 'python']
[0.187s] Level 1:colcon.colcon_core.package_identification:_identify(src/the_tree) by extension 'cmake'
[0.187s] Level 1:colcon.colcon_core.package_identification:_identify(src/the_tree) by extension 'python'
[0.187s] Level 1:colcon.colcon_core.package_identification:_identify(src/the_tree) by extensions ['python_setup_py']
[0.187s] Level 1:colcon.colcon_core.package_identification:_identify(src/the_tree) by extension 'python_setup_py'
[0.187s] Level 1:colcon.colcon_core.package_identification:_identify(src/the_tree/include) by extensions ['ignore', 'ignore_ament_install']
[0.187s] Level 1:colcon.colcon_core.package_identification:_identify(src/the_tree/include) by extension 'ignore'
[0.187s] Level 1:colcon.colcon_core.package_identification:_identify(src/the_tree/include) by extension 'ignore_ament_install'
[0.187s] Level 1:colcon.colcon_core.package_identification:_identify(src/the_tree/include) by extensions ['colcon_pkg']
[0.187s] Level 1:colcon.colcon_core.package_identification:_identify(src/the_tree/include) by extension 'colcon_pkg'
[0.187s] Level 1:colcon.colcon_core.package_identification:_identify(src/the_tree/include) by extensions ['colcon_meta']
[0.187s] Level 1:colcon.colcon_core.package_identification:_identify(src/the_tree/include) by extension 'colcon_meta'
[0.187s] Level 1:colcon.colcon_core.package_identification:_identify(src/the_tree/include) by extensions ['ros']
[0.187s] Level 1:colcon.colcon_core.package_identification:_identify(src/the_tree/include) by extension 'ros'
[0.187s] Level 1:colcon.colcon_core.package_identification:_identify(src/the_tree/include) by extensions ['cmake', 'python']
[0.187s] Level 1:colcon.colcon_core.package_identification:_identify(src/the_tree/include) by extension 'cmake'
[0.187s] Level 1:colcon.colcon_core.package_identification:_identify(src/the_tree/include) by extension 'python'
[0.187s] Level 1:colcon.colcon_core.package_identification:_identify(src/the_tree/include) by extensions ['python_setup_py']
[0.187s] Level 1:colcon.colcon_core.package_identification:_identify(src/the_tree/include) by extension 'python_setup_py'
[0.187s] Level 1:colcon.colcon_core.package_identification:_identify(src/the_tree/include/the_tree) by extensions ['ignore', 'ignore_ament_install']
[0.187s] Level 1:colcon.colcon_core.package_identification:_identify(src/the_tree/include/the_tree) by extension 'ignore'
[0.187s] Level 1:colcon.colcon_core.package_identification:_identify(src/the_tree/include/the_tree) by extension 'ignore_ament_install'
[0.188s] Level 1:colcon.colcon_core.package_identification:_identify(src/the_tree/include/the_tree) by extensions ['colcon_pkg']
[0.188s] Level 1:colcon.colcon_core.package_identification:_identify(src/the_tree/include/the_tree) by extension 'colcon_pkg'
[0.188s] Level 1:colcon.colcon_core.package_identification:_identify(src/the_tree/include/the_tree) by extensions ['colcon_meta']
[0.188s] Level 1:colcon.colcon_core.package_identification:_identify(src/the_tree/include/the_tree) by extension 'colcon_meta'
[0.188s] Level 1:colcon.colcon_core.package_identification:_identify(src/the_tree/include/the_tree) by extensions ['ros']
[0.188s] Level 1:colcon.colcon_core.package_identification:_identify(src/the_tree/include/the_tree) by extension 'ros'
[0.188s] Level 1:colcon.colcon_core.package_identification:_identify(src/the_tree/include/the_tree) by extensions ['cmake', 'python']
[0.188s] Level 1:colcon.colcon_core.package_identification:_identify(src/the_tree/include/the_tree) by extension 'cmake'
[0.188s] Level 1:colcon.colcon_core.package_identification:_identify(src/the_tree/include/the_tree) by extension 'python'
[0.188s] Level 1:colcon.colcon_core.package_identification:_identify(src/the_tree/include/the_tree) by extensions ['python_setup_py']
[0.188s] Level 1:colcon.colcon_core.package_identification:_identify(src/the_tree/include/the_tree) by extension 'python_setup_py'
[0.188s] Level 1:colcon.colcon_core.package_identification:_identify(src/utils) by extensions ['ignore', 'ignore_ament_install']
[0.188s] Level 1:colcon.colcon_core.package_identification:_identify(src/utils) by extension 'ignore'
[0.188s] Level 1:colcon.colcon_core.package_identification:_identify(src/utils) by extension 'ignore_ament_install'
[0.188s] Level 1:colcon.colcon_core.package_identification:_identify(src/utils) by extensions ['colcon_pkg']
[0.188s] Level 1:colcon.colcon_core.package_identification:_identify(src/utils) by extension 'colcon_pkg'
[0.188s] Level 1:colcon.colcon_core.package_identification:_identify(src/utils) by extensions ['colcon_meta']
[0.188s] Level 1:colcon.colcon_core.package_identification:_identify(src/utils) by extension 'colcon_meta'
[0.188s] Level 1:colcon.colcon_core.package_identification:_identify(src/utils) by extensions ['ros']
[0.188s] Level 1:colcon.colcon_core.package_identification:_identify(src/utils) by extension 'ros'
[0.188s] Level 1:colcon.colcon_core.package_identification:_identify(src/utils) by extensions ['cmake', 'python']
[0.188s] Level 1:colcon.colcon_core.package_identification:_identify(src/utils) by extension 'cmake'
[0.188s] Level 1:colcon.colcon_core.package_identification:_identify(src/utils) by extension 'python'
[0.188s] Level 1:colcon.colcon_core.package_identification:_identify(src/utils) by extensions ['python_setup_py']
[0.188s] Level 1:colcon.colcon_core.package_identification:_identify(src/utils) by extension 'python_setup_py'
[0.188s] Level 1:colcon.colcon_core.package_discovery:discover_packages(recursive) using defaults
[0.188s] Level 1:colcon.colcon_core.package_discovery:discover_packages(ignore) discover
[0.188s] Level 1:colcon.colcon_core.package_discovery:discover_packages(ignore) using defaults
[0.188s] Level 1:colcon.colcon_core.package_discovery:discover_packages(path) discover
[0.189s] Level 1:colcon.colcon_core.package_discovery:discover_packages(path) using defaults
[0.202s] INFO:colcon.colcon_core.package_selection:Skipping not selected package 'bt_drone' in 'src/bt_drone'
[0.202s] INFO:colcon.colcon_core.package_selection:Skipping not selected package 'btcpp_ros2_interfaces' in 'src/BehaviorTree.ROS2/btcpp_ros2_interfaces'
[0.202s] INFO:colcon.colcon_core.package_selection:Skipping not selected package 'behaviortree_ros2' in 'src/BehaviorTree.ROS2/behaviortree_ros2'
[0.202s] INFO:colcon.colcon_core.package_selection:Skipping not selected package 'btcpp_ros2_samples' in 'src/BehaviorTree.ROS2/btcpp_ros2_samples'
[0.203s] Level 1:colcon.colcon_core.package_discovery:discover_packages(prefix_path) check parameters
[0.203s] Level 1:colcon.colcon_core.package_discovery:discover_packages(prefix_path) discover
[0.204s] DEBUG:colcon.colcon_installed_package_information.package_discovery:Found 68 installed packages in /opt/ros/humble
[0.204s] Level 1:colcon.colcon_core.package_discovery:discover_packages(prefix_path) using defaults
[0.211s] Level 5:colcon.colcon_core.verb:set package 'behaviortree_cpp' build argument 'cmake_args' from command line to 'None'
[0.211s] Level 5:colcon.colcon_core.verb:set package 'behaviortree_cpp' build argument 'cmake_target' from command line to 'None'
[0.211s] Level 5:colcon.colcon_core.verb:set package 'behaviortree_cpp' build argument 'cmake_target_skip_unavailable' from command line to 'False'
[0.211s] Level 5:colcon.colcon_core.verb:set package 'behaviortree_cpp' build argument 'cmake_clean_cache' from command line to 'False'
[0.211s] Level 5:colcon.colcon_core.verb:set package 'behaviortree_cpp' build argument 'cmake_clean_first' from command line to 'False'
[0.211s] Level 5:colcon.colcon_core.verb:set package 'behaviortree_cpp' build argument 'cmake_force_configure' from command line to 'False'
[0.211s] Level 5:colcon.colcon_core.verb:set package 'behaviortree_cpp' build argument 'ament_cmake_args' from command line to 'None'
[0.211s] Level 5:colcon.colcon_core.verb:set package 'behaviortree_cpp' build argument 'catkin_cmake_args' from command line to 'None'
[0.211s] Level 5:colcon.colcon_core.verb:set package 'behaviortree_cpp' build argument 'catkin_skip_building_tests' from command line to 'False'
[0.211s] DEBUG:colcon.colcon_core.verb:Building package 'behaviortree_cpp' with the following arguments: {'ament_cmake_args': None, 'build_base': '/home/larsandre/Documents/ascend/IARC10_Autonomy/build/behaviortree_cpp', 'catkin_cmake_args': None, 'catkin_skip_building_tests': False, 'cmake_args': None, 'cmake_clean_cache': False, 'cmake_clean_first': False, 'cmake_force_configure': False, 'cmake_target': None, 'cmake_target_skip_unavailable': False, 'install_base': '/home/larsandre/Documents/ascend/IARC10_Autonomy/install/behaviortree_cpp', 'merge_install': False, 'path': '/home/larsandre/Documents/ascend/IARC10_Autonomy/src/BehaviorTree.CPP', 'symlink_install': False, 'test_result_base': None}
[0.211s] INFO:colcon.colcon_core.executor:Executing jobs using 'parallel' executor
[0.212s] DEBUG:colcon.colcon_parallel_executor.executor.parallel:run_until_complete
[0.212s] INFO:colcon.colcon_ros.task.catkin.build:Building ROS package in '/home/larsandre/Documents/ascend/IARC10_Autonomy/src/BehaviorTree.CPP' with build type 'catkin'
[0.213s] INFO:colcon.colcon_cmake.task.cmake.build:Building CMake package in '/home/larsandre/Documents/ascend/IARC10_Autonomy/src/BehaviorTree.CPP'
[0.215s] INFO:colcon.colcon_core.plugin_system:Skipping extension 'colcon_core.shell.bat': Not used on non-Windows systems
[0.215s] INFO:colcon.colcon_core.shell:Skip shell extension 'powershell' for command environment: Not usable outside of PowerShell
[0.215s] DEBUG:colcon.colcon_core.shell:Skip shell extension 'dsv' for command environment
[0.229s] DEBUG:colcon.colcon_core.event_handler.log_command:Invoking command in '/home/larsandre/Documents/ascend/IARC10_Autonomy/build/behaviortree_cpp': /usr/bin/cmake --build /home/larsandre/Documents/ascend/IARC10_Autonomy/build/behaviortree_cpp -- -j16 -l16
[51.725s] DEBUG:colcon.colcon_core.event_handler.log_command:Invoked command in '/home/larsandre/Documents/ascend/IARC10_Autonomy/build/behaviortree_cpp' returned '0': /usr/bin/cmake --build /home/larsandre/Documents/ascend/IARC10_Autonomy/build/behaviortree_cpp -- -j16 -l16
[51.734s] DEBUG:colcon.colcon_core.event_handler.log_command:Invoking command in '/home/larsandre/Documents/ascend/IARC10_Autonomy/build/behaviortree_cpp': /usr/bin/cmake --install /home/larsandre/Documents/ascend/IARC10_Autonomy/build/behaviortree_cpp
[51.774s] DEBUG:colcon.colcon_core.event_handler.log_command:Invoked command in '/home/larsandre/Documents/ascend/IARC10_Autonomy/build/behaviortree_cpp' returned '0': /usr/bin/cmake --install /home/larsandre/Documents/ascend/IARC10_Autonomy/build/behaviortree_cpp
[51.775s] Level 1:colcon.colcon_core.shell:create_environment_hook('behaviortree_cpp', 'ros_package_path')
[51.775s] INFO:colcon.colcon_core.shell:Creating environment hook '/home/larsandre/Documents/ascend/IARC10_Autonomy/install/behaviortree_cpp/share/behaviortree_cpp/hook/ros_package_path.ps1'
[51.776s] INFO:colcon.colcon_core.shell:Creating environment descriptor '/home/larsandre/Documents/ascend/IARC10_Autonomy/install/behaviortree_cpp/share/behaviortree_cpp/hook/ros_package_path.dsv'
[51.776s] INFO:colcon.colcon_core.shell:Creating environment hook '/home/larsandre/Documents/ascend/IARC10_Autonomy/install/behaviortree_cpp/share/behaviortree_cpp/hook/ros_package_path.sh'
[51.776s] Level 1:colcon.colcon_core.shell:create_environment_hook('behaviortree_cpp', 'pkg_config_path')
[51.777s] INFO:colcon.colcon_core.shell:Creating environment hook '/home/larsandre/Documents/ascend/IARC10_Autonomy/install/behaviortree_cpp/share/behaviortree_cpp/hook/pkg_config_path.ps1'
[51.777s] INFO:colcon.colcon_core.shell:Creating environment descriptor '/home/larsandre/Documents/ascend/IARC10_Autonomy/install/behaviortree_cpp/share/behaviortree_cpp/hook/pkg_config_path.dsv'
[51.777s] INFO:colcon.colcon_core.shell:Creating environment hook '/home/larsandre/Documents/ascend/IARC10_Autonomy/install/behaviortree_cpp/share/behaviortree_cpp/hook/pkg_config_path.sh'
[51.779s] Level 1:colcon.colcon_core.shell:create_environment_hook('behaviortree_cpp', 'pkg_config_path_multiarch')
[51.779s] INFO:colcon.colcon_core.shell:Creating environment hook '/home/larsandre/Documents/ascend/IARC10_Autonomy/install/behaviortree_cpp/share/behaviortree_cpp/hook/pkg_config_path_multiarch.ps1'
[51.779s] INFO:colcon.colcon_core.shell:Creating environment descriptor '/home/larsandre/Documents/ascend/IARC10_Autonomy/install/behaviortree_cpp/share/behaviortree_cpp/hook/pkg_config_path_multiarch.dsv'
[51.780s] INFO:colcon.colcon_core.shell:Creating environment hook '/home/larsandre/Documents/ascend/IARC10_Autonomy/install/behaviortree_cpp/share/behaviortree_cpp/hook/pkg_config_path_multiarch.sh'
[51.781s] Level 1:colcon.colcon_core.environment:create_environment_scripts_only(behaviortree_cpp)
[51.782s] Level 1:colcon.colcon_core.environment:checking '/home/larsandre/Documents/ascend/IARC10_Autonomy/install/behaviortree_cpp' for CMake module files
[51.783s] Level 1:colcon.colcon_core.environment:checking '/home/larsandre/Documents/ascend/IARC10_Autonomy/install/behaviortree_cpp' for CMake config files
[51.783s] Level 1:colcon.colcon_core.shell:create_environment_hook('behaviortree_cpp', 'cmake_prefix_path')
[51.783s] INFO:colcon.colcon_core.shell:Creating environment hook '/home/larsandre/Documents/ascend/IARC10_Autonomy/install/behaviortree_cpp/share/behaviortree_cpp/hook/cmake_prefix_path.ps1'
[51.784s] INFO:colcon.colcon_core.shell:Creating environment descriptor '/home/larsandre/Documents/ascend/IARC10_Autonomy/install/behaviortree_cpp/share/behaviortree_cpp/hook/cmake_prefix_path.dsv'
[51.784s] INFO:colcon.colcon_core.shell:Creating environment hook '/home/larsandre/Documents/ascend/IARC10_Autonomy/install/behaviortree_cpp/share/behaviortree_cpp/hook/cmake_prefix_path.sh'
[51.784s] Level 1:colcon.colcon_core.environment:checking '/home/larsandre/Documents/ascend/IARC10_Autonomy/install/behaviortree_cpp/lib'
[51.785s] Level 1:colcon.colcon_core.shell:create_environment_hook('behaviortree_cpp', 'ld_library_path_lib')
[51.785s] INFO:colcon.colcon_core.shell:Creating environment hook '/home/larsandre/Documents/ascend/IARC10_Autonomy/install/behaviortree_cpp/share/behaviortree_cpp/hook/ld_library_path_lib.ps1'
[51.785s] INFO:colcon.colcon_core.shell:Creating environment descriptor '/home/larsandre/Documents/ascend/IARC10_Autonomy/install/behaviortree_cpp/share/behaviortree_cpp/hook/ld_library_path_lib.dsv'
[51.785s] INFO:colcon.colcon_core.shell:Creating environment hook '/home/larsandre/Documents/ascend/IARC10_Autonomy/install/behaviortree_cpp/share/behaviortree_cpp/hook/ld_library_path_lib.sh'
[51.786s] Level 1:colcon.colcon_core.environment:checking '/home/larsandre/Documents/ascend/IARC10_Autonomy/install/behaviortree_cpp/bin'
[51.786s] Level 1:colcon.colcon_core.shell:create_environment_hook('behaviortree_cpp', 'path')
[51.786s] INFO:colcon.colcon_core.shell:Creating environment hook '/home/larsandre/Documents/ascend/IARC10_Autonomy/install/behaviortree_cpp/share/behaviortree_cpp/hook/path.ps1'
[51.786s] INFO:colcon.colcon_core.shell:Creating environment descriptor '/home/larsandre/Documents/ascend/IARC10_Autonomy/install/behaviortree_cpp/share/behaviortree_cpp/hook/path.dsv'
[51.786s] INFO:colcon.colcon_core.shell:Creating environment hook '/home/larsandre/Documents/ascend/IARC10_Autonomy/install/behaviortree_cpp/share/behaviortree_cpp/hook/path.sh'
[51.787s] Level 1:colcon.colcon_core.environment:checking '/home/larsandre/Documents/ascend/IARC10_Autonomy/install/behaviortree_cpp/lib/pkgconfig/behaviortree_cpp.pc'
[51.787s] Level 1:colcon.colcon_core.environment:checking '/home/larsandre/Documents/ascend/IARC10_Autonomy/install/behaviortree_cpp/lib/python3.10/site-packages'
[51.787s] Level 1:colcon.colcon_core.environment:checking '/home/larsandre/Documents/ascend/IARC10_Autonomy/install/behaviortree_cpp/bin'
[51.787s] Level 1:colcon.colcon_core.shell:create_environment_hook('behaviortree_cpp', 'pythonscriptspath')
[51.787s] INFO:colcon.colcon_core.shell:Creating environment hook '/home/larsandre/Documents/ascend/IARC10_Autonomy/install/behaviortree_cpp/share/behaviortree_cpp/hook/pythonscriptspath.ps1'
[51.787s] INFO:colcon.colcon_core.shell:Creating environment descriptor '/home/larsandre/Documents/ascend/IARC10_Autonomy/install/behaviortree_cpp/share/behaviortree_cpp/hook/pythonscriptspath.dsv'
[51.788s] INFO:colcon.colcon_core.shell:Creating environment hook '/home/larsandre/Documents/ascend/IARC10_Autonomy/install/behaviortree_cpp/share/behaviortree_cpp/hook/pythonscriptspath.sh'
[51.788s] INFO:colcon.colcon_core.shell:Creating package script '/home/larsandre/Documents/ascend/IARC10_Autonomy/install/behaviortree_cpp/share/behaviortree_cpp/package.ps1'
[51.789s] INFO:colcon.colcon_core.shell:Creating package descriptor '/home/larsandre/Documents/ascend/IARC10_Autonomy/install/behaviortree_cpp/share/behaviortree_cpp/package.dsv'
[51.789s] INFO:colcon.colcon_core.shell:Creating package script '/home/larsandre/Documents/ascend/IARC10_Autonomy/install/behaviortree_cpp/share/behaviortree_cpp/package.sh'
[51.790s] INFO:colcon.colcon_core.shell:Creating package script '/home/larsandre/Documents/ascend/IARC10_Autonomy/install/behaviortree_cpp/share/behaviortree_cpp/package.bash'
[51.790s] INFO:colcon.colcon_core.shell:Creating package script '/home/larsandre/Documents/ascend/IARC10_Autonomy/install/behaviortree_cpp/share/behaviortree_cpp/package.zsh'
[51.791s] Level 1:colcon.colcon_core.environment:create_file_with_runtime_dependencies(/home/larsandre/Documents/ascend/IARC10_Autonomy/install/behaviortree_cpp/share/colcon-core/packages/behaviortree_cpp)
[51.791s] DEBUG:colcon.colcon_parallel_executor.executor.parallel:closing loop
[51.792s] DEBUG:colcon.colcon_parallel_executor.executor.parallel:loop closed
[51.792s] DEBUG:colcon.colcon_parallel_executor.executor.parallel:run_until_complete finished with '0'
[51.792s] DEBUG:colcon.colcon_core.event_reactor:joining thread
[51.796s] INFO:colcon.colcon_core.plugin_system:Skipping extension 'colcon_notification.desktop_notification.notify_send': Could not find 'notify-send'
[51.796s] INFO:colcon.colcon_core.plugin_system:Skipping extension 'colcon_notification.desktop_notification.terminal_notifier': Not used on non-Darwin systems
[51.796s] INFO:colcon.colcon_core.plugin_system:Skipping extension 'colcon_notification.desktop_notification.win32': Not used on non-Windows systems
[51.796s] INFO:colcon.colcon_notification.desktop_notification:Sending desktop notification using 'notify2'
[51.809s] DEBUG:colcon.colcon_core.event_reactor:joined thread
[51.809s] INFO:colcon.colcon_core.shell:Creating prefix script '/home/larsandre/Documents/ascend/IARC10_Autonomy/install/local_setup.ps1'
[51.810s] INFO:colcon.colcon_core.shell:Creating prefix util module '/home/larsandre/Documents/ascend/IARC10_Autonomy/install/_local_setup_util_ps1.py'
[51.811s] INFO:colcon.colcon_core.shell:Creating prefix chain script '/home/larsandre/Documents/ascend/IARC10_Autonomy/install/setup.ps1'
[51.812s] INFO:colcon.colcon_core.shell:Creating prefix script '/home/larsandre/Documents/ascend/IARC10_Autonomy/install/local_setup.sh'
[51.813s] INFO:colcon.colcon_core.shell:Creating prefix util module '/home/larsandre/Documents/ascend/IARC10_Autonomy/install/_local_setup_util_sh.py'
[51.813s] INFO:colcon.colcon_core.shell:Creating prefix chain script '/home/larsandre/Documents/ascend/IARC10_Autonomy/install/setup.sh'
[51.814s] INFO:colcon.colcon_core.shell:Creating prefix script '/home/larsandre/Documents/ascend/IARC10_Autonomy/install/local_setup.bash'
[51.814s] INFO:colcon.colcon_core.shell:Creating prefix chain script '/home/larsandre/Documents/ascend/IARC10_Autonomy/install/setup.bash'
[51.815s] INFO:colcon.colcon_core.shell:Creating prefix script '/home/larsandre/Documents/ascend/IARC10_Autonomy/install/local_setup.zsh'
[51.815s] INFO:colcon.colcon_core.shell:Creating prefix chain script '/home/larsandre/Documents/ascend/IARC10_Autonomy/install/setup.zsh'
