[0.016s] Invoking command in '/home/larsandre/Documents/ascend/IARC10_Autonomy/build/btcpp_ros2_samples': CMAKE_PREFIX_PATH=/opt/ros/humble:/home/larsandre/Documents/ascend/IARC10_Autonomy/install/behaviortree_cpp LD_LIBRARY_PATH=/home/larsandre/Documents/ascend/IARC10_Autonomy/install/behaviortree_cpp/lib:${LD_LIBRARY_PATH} PATH=/home/larsandre/Documents/ascend/IARC10_Autonomy/install/behaviortree_cpp/bin:${PATH} PKG_CONFIG_PATH=/home/larsandre/Documents/ascend/IARC10_Autonomy/install/behaviortree_cpp/lib/x86_64-linux-gnu/pkgconfig:/home/larsandre/Documents/ascend/IARC10_Autonomy/install/behaviortree_cpp/lib/pkgconfig ROS_PACKAGE_PATH=/home/larsandre/Documents/ascend/IARC10_Autonomy/install/behaviortree_cpp/share /usr/bin/cmake /home/larsandre/Documents/ascend/IARC10_Autonomy/src/BehaviorTree.ROS2/btcpp_ros2_samples -DCMAKE_INSTALL_PREFIX=/home/larsandre/Documents/ascend/IARC10_Autonomy/install/btcpp_ros2_samples
[0.057s] -- The C compiler identification is GNU 11.4.0
[0.099s] -- The CXX compiler identification is GNU 11.4.0
[0.105s] -- Detecting C compiler ABI info
[0.160s] -- Detecting C compiler ABI info - done
[0.165s] -- Check for working C compiler: /usr/bin/cc - skipped
[0.165s] -- Detecting C compile features
[0.165s] -- Detecting C compile features - done
[0.168s] -- Detecting CXX compiler ABI info
[0.230s] -- Detecting CXX compiler ABI info - done
[0.235s] -- Check for working CXX compiler: /usr/bin/c++ - skipped
[0.236s] -- Detecting CXX compile features
[0.236s] -- Detecting CXX compile features - done
[0.238s] -- Found ament_cmake: 1.3.11 (/opt/ros/humble/share/ament_cmake/cmake)
[0.344s] -- Found Python3: /usr/bin/python3 (found version "3.10.12") found components: Interpreter 
[0.412s] [31mCMake Error at CMakeLists.txt:9 (find_package):
[0.412s]   By not providing "Findbehaviortree_ros2.cmake" in CMAKE_MODULE_PATH this
[0.412s]   project has asked CMake to find a package configuration file provided by
[0.413s]   "behaviortree_ros2", but CMake did not find one.
[0.413s] 
[0.413s]   Could not find a package configuration file provided by "behaviortree_ros2"
[0.413s]   with any of the following names:
[0.413s] 
[0.413s]     behaviortree_ros2Config.cmake
[0.413s]     behaviortree_ros2-config.cmake
[0.413s] 
[0.413s]   Add the installation prefix of "behaviortree_ros2" to CMAKE_PREFIX_PATH or
[0.413s]   set "behaviortree_ros2_DIR" to a directory containing one of the above
[0.413s]   files.  If "behaviortree_ros2" provides a separate development package or
[0.413s]   SDK, be sure it has been installed.
[0.413s] 
[0.413s] [0m
[0.413s] -- Configuring incomplete, errors occurred!
[0.413s] See also "/home/larsandre/Documents/ascend/IARC10_Autonomy/build/btcpp_ros2_samples/CMakeFiles/CMakeOutput.log".
[0.416s] Invoked command in '/home/larsandre/Documents/ascend/IARC10_Autonomy/build/btcpp_ros2_samples' returned '1': CMAKE_PREFIX_PATH=/opt/ros/humble:/home/larsandre/Documents/ascend/IARC10_Autonomy/install/behaviortree_cpp LD_LIBRARY_PATH=/home/larsandre/Documents/ascend/IARC10_Autonomy/install/behaviortree_cpp/lib:${LD_LIBRARY_PATH} PATH=/home/larsandre/Documents/ascend/IARC10_Autonomy/install/behaviortree_cpp/bin:${PATH} PKG_CONFIG_PATH=/home/larsandre/Documents/ascend/IARC10_Autonomy/install/behaviortree_cpp/lib/x86_64-linux-gnu/pkgconfig:/home/larsandre/Documents/ascend/IARC10_Autonomy/install/behaviortree_cpp/lib/pkgconfig ROS_PACKAGE_PATH=/home/larsandre/Documents/ascend/IARC10_Autonomy/install/behaviortree_cpp/share /usr/bin/cmake /home/larsandre/Documents/ascend/IARC10_Autonomy/src/BehaviorTree.ROS2/btcpp_ros2_samples -DCMAKE_INSTALL_PREFIX=/home/larsandre/Documents/ascend/IARC10_Autonomy/install/btcpp_ros2_samples
