[0.013s] Invoking command in '/home/frida/bt_ascend/build/btcpp_ros2_samples': CMAKE_PREFIX_PATH=/home/frida/bt_ascend/install/behaviortree_ros2:/home/frida/bt_ascend/install/btcpp_ros2_interfaces:/home/frida/bt_ascend/install/behaviortree_cpp:/home/frida/ros2_ws/install/behaviortree_ros2:/home/frida/ros2_ws/install/btcpp_ros2_interfaces:/home/frida/ros2_ws/install/behaviortree_cpp:/home/frida/bt_ascend/install/btcpp_ros2_samples:/home/frida/ros_tut/install/robot_cont:/opt/ros/humble LD_LIBRARY_PATH=/home/frida/bt_ascend/install/btcpp_ros2_interfaces/lib:/home/frida/bt_ascend/install/behaviortree_cpp/lib:/home/frida/ros2_ws/install/behaviortree_ros2/lib:/home/frida/ros2_ws/install/btcpp_ros2_interfaces/lib:/home/frida/ros2_ws/install/behaviortree_cpp/lib:/home/frida/bt_ascend/install/behaviortree_ros2/lib:/usr/lib/x86_64-linux-gnu/gazebo-11/plugins:/opt/ros/humble/opt/rviz_ogre_vendor/lib:/opt/ros/humble/lib/x86_64-linux-gnu:/opt/ros/humble/lib PATH=/home/frida/bt_ascend/install/behaviortree_cpp/bin:/home/frida/ros2_ws/install/behaviortree_cpp/bin:/home/frida/.nvm/versions/node/v20.17.0/bin:/opt/ros/humble/bin:/usr/local/sbin:/usr/local/bin:/usr/sbin:/usr/bin:/sbin:/bin:/usr/games:/usr/local/games:/snap/bin:/snap/bin /usr/bin/cmake --build /home/frida/bt_ascend/build/btcpp_ros2_samples -- -j16 -l16
[0.062s] [ 11%] Built target sleep_plugin
[0.065s] [ 22%] Built target sleep_server
[0.065s] [ 33%] Built target bool_server
[0.066s] [ 50%] Built target sample_bt_executor
[0.066s] [ 55%] Built target subscriber_test
[0.069s] [ 72%] Built target bool_client
[0.072s] [ 88%] Built target sleep_client
[0.087s] [100%] Built target sleep_client_dyn
[0.100s] Invoked command in '/home/frida/bt_ascend/build/btcpp_ros2_samples' returned '0': CMAKE_PREFIX_PATH=/home/frida/bt_ascend/install/behaviortree_ros2:/home/frida/bt_ascend/install/btcpp_ros2_interfaces:/home/frida/bt_ascend/install/behaviortree_cpp:/home/frida/ros2_ws/install/behaviortree_ros2:/home/frida/ros2_ws/install/btcpp_ros2_interfaces:/home/frida/ros2_ws/install/behaviortree_cpp:/home/frida/bt_ascend/install/btcpp_ros2_samples:/home/frida/ros_tut/install/robot_cont:/opt/ros/humble LD_LIBRARY_PATH=/home/frida/bt_ascend/install/btcpp_ros2_interfaces/lib:/home/frida/bt_ascend/install/behaviortree_cpp/lib:/home/frida/ros2_ws/install/behaviortree_ros2/lib:/home/frida/ros2_ws/install/btcpp_ros2_interfaces/lib:/home/frida/ros2_ws/install/behaviortree_cpp/lib:/home/frida/bt_ascend/install/behaviortree_ros2/lib:/usr/lib/x86_64-linux-gnu/gazebo-11/plugins:/opt/ros/humble/opt/rviz_ogre_vendor/lib:/opt/ros/humble/lib/x86_64-linux-gnu:/opt/ros/humble/lib PATH=/home/frida/bt_ascend/install/behaviortree_cpp/bin:/home/frida/ros2_ws/install/behaviortree_cpp/bin:/home/frida/.nvm/versions/node/v20.17.0/bin:/opt/ros/humble/bin:/usr/local/sbin:/usr/local/bin:/usr/sbin:/usr/bin:/sbin:/bin:/usr/games:/usr/local/games:/snap/bin:/snap/bin /usr/bin/cmake --build /home/frida/bt_ascend/build/btcpp_ros2_samples -- -j16 -l16
[0.101s] Invoking command in '/home/frida/bt_ascend/build/btcpp_ros2_samples': CMAKE_PREFIX_PATH=/home/frida/bt_ascend/install/behaviortree_ros2:/home/frida/bt_ascend/install/btcpp_ros2_interfaces:/home/frida/bt_ascend/install/behaviortree_cpp:/home/frida/ros2_ws/install/behaviortree_ros2:/home/frida/ros2_ws/install/btcpp_ros2_interfaces:/home/frida/ros2_ws/install/behaviortree_cpp:/home/frida/bt_ascend/install/btcpp_ros2_samples:/home/frida/ros_tut/install/robot_cont:/opt/ros/humble LD_LIBRARY_PATH=/home/frida/bt_ascend/install/btcpp_ros2_interfaces/lib:/home/frida/bt_ascend/install/behaviortree_cpp/lib:/home/frida/ros2_ws/install/behaviortree_ros2/lib:/home/frida/ros2_ws/install/btcpp_ros2_interfaces/lib:/home/frida/ros2_ws/install/behaviortree_cpp/lib:/home/frida/bt_ascend/install/behaviortree_ros2/lib:/usr/lib/x86_64-linux-gnu/gazebo-11/plugins:/opt/ros/humble/opt/rviz_ogre_vendor/lib:/opt/ros/humble/lib/x86_64-linux-gnu:/opt/ros/humble/lib PATH=/home/frida/bt_ascend/install/behaviortree_cpp/bin:/home/frida/ros2_ws/install/behaviortree_cpp/bin:/home/frida/.nvm/versions/node/v20.17.0/bin:/opt/ros/humble/bin:/usr/local/sbin:/usr/local/bin:/usr/sbin:/usr/bin:/sbin:/bin:/usr/games:/usr/local/games:/snap/bin:/snap/bin /usr/bin/cmake --install /home/frida/bt_ascend/build/btcpp_ros2_samples
[0.107s] -- Install configuration: ""
[0.107s] -- Up-to-date: /home/frida/bt_ascend/install/btcpp_ros2_samples/lib/btcpp_ros2_samples/sleep_client
[0.108s] -- Up-to-date: /home/frida/bt_ascend/install/btcpp_ros2_samples/lib/btcpp_ros2_samples/sleep_client_dyn
[0.108s] -- Up-to-date: /home/frida/bt_ascend/install/btcpp_ros2_samples/lib/btcpp_ros2_samples/sleep_server
[0.108s] -- Up-to-date: /home/frida/bt_ascend/install/btcpp_ros2_samples/lib/btcpp_ros2_samples/libsleep_plugin.so
[0.108s] -- Up-to-date: /home/frida/bt_ascend/install/btcpp_ros2_samples/lib/btcpp_ros2_samples/subscriber_test
[0.108s] -- Up-to-date: /home/frida/bt_ascend/install/btcpp_ros2_samples/lib/btcpp_ros2_samples/sample_bt_executor
[0.108s] -- Up-to-date: /home/frida/bt_ascend/install/btcpp_ros2_samples/lib/btcpp_ros2_samples/bool_client
[0.108s] -- Up-to-date: /home/frida/bt_ascend/install/btcpp_ros2_samples/lib/btcpp_ros2_samples/bool_server
[0.109s] -- Up-to-date: /home/frida/bt_ascend/install/btcpp_ros2_samples/share/btcpp_ros2_samples/bt_plugins/libsleep_plugin.so
[0.109s] -- Up-to-date: /home/frida/bt_ascend/install/btcpp_ros2_samples/share/btcpp_ros2_samples//behavior_trees
[0.109s] -- Up-to-date: /home/frida/bt_ascend/install/btcpp_ros2_samples/share/btcpp_ros2_samples//behavior_trees/door_closed.xml
[0.109s] -- Up-to-date: /home/frida/bt_ascend/install/btcpp_ros2_samples/share/btcpp_ros2_samples//behavior_trees/sleep_action.xml
[0.109s] -- Up-to-date: /home/frida/bt_ascend/install/btcpp_ros2_samples/share/btcpp_ros2_samples//behavior_trees/cross_door.xml
[0.109s] -- Up-to-date: /home/frida/bt_ascend/install/btcpp_ros2_samples/share/btcpp_ros2_samples//config
[0.109s] -- Up-to-date: /home/frida/bt_ascend/install/btcpp_ros2_samples/share/btcpp_ros2_samples//config/sample_bt_executor.yaml
[0.109s] -- Up-to-date: /home/frida/bt_ascend/install/btcpp_ros2_samples/share/btcpp_ros2_samples//launch
[0.109s] -- Up-to-date: /home/frida/bt_ascend/install/btcpp_ros2_samples/share/btcpp_ros2_samples//launch/sample_bt_executor.launch.xml
[0.110s] -- Up-to-date: /home/frida/bt_ascend/install/btcpp_ros2_samples/share/ament_index/resource_index/package_run_dependencies/btcpp_ros2_samples
[0.110s] -- Up-to-date: /home/frida/bt_ascend/install/btcpp_ros2_samples/share/ament_index/resource_index/parent_prefix_path/btcpp_ros2_samples
[0.110s] -- Up-to-date: /home/frida/bt_ascend/install/btcpp_ros2_samples/share/btcpp_ros2_samples/environment/ament_prefix_path.sh
[0.110s] -- Up-to-date: /home/frida/bt_ascend/install/btcpp_ros2_samples/share/btcpp_ros2_samples/environment/ament_prefix_path.dsv
[0.110s] -- Up-to-date: /home/frida/bt_ascend/install/btcpp_ros2_samples/share/btcpp_ros2_samples/environment/path.sh
[0.110s] -- Up-to-date: /home/frida/bt_ascend/install/btcpp_ros2_samples/share/btcpp_ros2_samples/environment/path.dsv
[0.110s] -- Up-to-date: /home/frida/bt_ascend/install/btcpp_ros2_samples/share/btcpp_ros2_samples/local_setup.bash
[0.110s] -- Up-to-date: /home/frida/bt_ascend/install/btcpp_ros2_samples/share/btcpp_ros2_samples/local_setup.sh
[0.110s] -- Up-to-date: /home/frida/bt_ascend/install/btcpp_ros2_samples/share/btcpp_ros2_samples/local_setup.zsh
[0.110s] -- Up-to-date: /home/frida/bt_ascend/install/btcpp_ros2_samples/share/btcpp_ros2_samples/local_setup.dsv
[0.110s] -- Installing: /home/frida/bt_ascend/install/btcpp_ros2_samples/share/btcpp_ros2_samples/package.dsv
[0.111s] -- Up-to-date: /home/frida/bt_ascend/install/btcpp_ros2_samples/share/ament_index/resource_index/packages/btcpp_ros2_samples
[0.111s] -- Up-to-date: /home/frida/bt_ascend/install/btcpp_ros2_samples/share/btcpp_ros2_samples/cmake/ament_cmake_export_dependencies-extras.cmake
[0.111s] -- Up-to-date: /home/frida/bt_ascend/install/btcpp_ros2_samples/share/btcpp_ros2_samples/cmake/btcpp_ros2_samplesConfig.cmake
[0.111s] -- Up-to-date: /home/frida/bt_ascend/install/btcpp_ros2_samples/share/btcpp_ros2_samples/cmake/btcpp_ros2_samplesConfig-version.cmake
[0.112s] -- Up-to-date: /home/frida/bt_ascend/install/btcpp_ros2_samples/share/btcpp_ros2_samples/package.xml
[0.112s] Invoked command in '/home/frida/bt_ascend/build/btcpp_ros2_samples' returned '0': CMAKE_PREFIX_PATH=/home/frida/bt_ascend/install/behaviortree_ros2:/home/frida/bt_ascend/install/btcpp_ros2_interfaces:/home/frida/bt_ascend/install/behaviortree_cpp:/home/frida/ros2_ws/install/behaviortree_ros2:/home/frida/ros2_ws/install/btcpp_ros2_interfaces:/home/frida/ros2_ws/install/behaviortree_cpp:/home/frida/bt_ascend/install/btcpp_ros2_samples:/home/frida/ros_tut/install/robot_cont:/opt/ros/humble LD_LIBRARY_PATH=/home/frida/bt_ascend/install/btcpp_ros2_interfaces/lib:/home/frida/bt_ascend/install/behaviortree_cpp/lib:/home/frida/ros2_ws/install/behaviortree_ros2/lib:/home/frida/ros2_ws/install/btcpp_ros2_interfaces/lib:/home/frida/ros2_ws/install/behaviortree_cpp/lib:/home/frida/bt_ascend/install/behaviortree_ros2/lib:/usr/lib/x86_64-linux-gnu/gazebo-11/plugins:/opt/ros/humble/opt/rviz_ogre_vendor/lib:/opt/ros/humble/lib/x86_64-linux-gnu:/opt/ros/humble/lib PATH=/home/frida/bt_ascend/install/behaviortree_cpp/bin:/home/frida/ros2_ws/install/behaviortree_cpp/bin:/home/frida/.nvm/versions/node/v20.17.0/bin:/opt/ros/humble/bin:/usr/local/sbin:/usr/local/bin:/usr/sbin:/usr/bin:/sbin:/bin:/usr/games:/usr/local/games:/snap/bin:/snap/bin /usr/bin/cmake --install /home/frida/bt_ascend/build/btcpp_ros2_samples
