[0.072s] DEBUG:colcon:Command line arguments: ['/usr/bin/colcon', 'build', '--packages-select', 'btcpp_ros2_interfaces']
[0.072s] DEBUG:colcon:Parsed command line arguments: Namespace(log_base=None, log_level=None, verb_name='build', build_base='build', install_base='install', merge_install=False, symlink_install=False, test_result_base=None, continue_on_error=False, executor='parallel', parallel_workers=16, event_handlers=None, ignore_user_meta=False, metas=['./colcon.meta'], base_paths=['.'], packages_ignore=None, packages_ignore_regex=None, paths=None, packages_up_to=None, packages_up_to_regex=None, packages_above=None, packages_above_and_dependencies=None, packages_above_depth=None, packages_select_by_dep=None, packages_skip_by_dep=None, packages_skip_up_to=None, packages_select_build_failed=False, packages_skip_build_finished=False, packages_select_test_failures=False, packages_skip_test_passed=False, packages_select=['btcpp_ros2_interfaces'], packages_skip=None, packages_select_regex=None, packages_skip_regex=None, packages_start=None, packages_end=None, allow_overriding=[], cmake_args=None, cmake_target=None, cmake_target_skip_unavailable=False, cmake_clean_cache=False, cmake_clean_first=False, cmake_force_configure=False, ament_cmake_args=None, catkin_cmake_args=None, catkin_skip_building_tests=False, mixin_files=None, mixin=None, verb_parser=<colcon_mixin.mixin.mixin_argument.MixinArgumentDecorator object at 0x70c962728a30>, verb_extension=<colcon_core.verb.build.BuildVerb object at 0x70c9627283a0>, main=<bound method BuildVerb.main of <colcon_core.verb.build.BuildVerb object at 0x70c9627283a0>>, mixin_verb=('build',))
[0.169s] Level 1:colcon.colcon_core.package_discovery:discover_packages(colcon_meta) check parameters
[0.169s] Level 1:colcon.colcon_core.package_discovery:discover_packages(recursive) check parameters
[0.169s] Level 1:colcon.colcon_core.package_discovery:discover_packages(ignore) check parameters
[0.169s] Level 1:colcon.colcon_core.package_discovery:discover_packages(path) check parameters
[0.169s] Level 1:colcon.colcon_core.package_discovery:discover_packages(colcon_meta) discover
[0.169s] Level 1:colcon.colcon_core.package_discovery:discover_packages(recursive) discover
[0.169s] INFO:colcon.colcon_core.package_discovery:Crawling recursively for packages in '/home/larsandre/Documents/ascend/IARC10_Autonomy'
[0.169s] Level 1:colcon.colcon_core.package_identification:_identify(.) by extensions ['ignore', 'ignore_ament_install']
[0.169s] Level 1:colcon.colcon_core.package_identification:_identify(.) by extension 'ignore'
[0.170s] Level 1:colcon.colcon_core.package_identification:_identify(.) by extension 'ignore_ament_install'
[0.170s] Level 1:colcon.colcon_core.package_identification:_identify(.) by extensions ['colcon_pkg']
[0.170s] Level 1:colcon.colcon_core.package_identification:_identify(.) by extension 'colcon_pkg'
[0.170s] Level 1:colcon.colcon_core.package_identification:_identify(.) by extensions ['colcon_meta']
[0.170s] Level 1:colcon.colcon_core.package_identification:_identify(.) by extension 'colcon_meta'
[0.170s] Level 1:colcon.colcon_core.package_identification:_identify(.) by extensions ['ros']
[0.170s] Level 1:colcon.colcon_core.package_identification:_identify(.) by extension 'ros'
[0.178s] Level 1:colcon.colcon_core.package_identification:_identify(.) by extensions ['cmake', 'python']
[0.178s] Level 1:colcon.colcon_core.package_identification:_identify(.) by extension 'cmake'
[0.178s] Level 1:colcon.colcon_core.package_identification:_identify(.) by extension 'python'
[0.178s] Level 1:colcon.colcon_core.package_identification:_identify(.) by extensions ['python_setup_py']
[0.178s] Level 1:colcon.colcon_core.package_identification:_identify(.) by extension 'python_setup_py'
[0.178s] Level 1:colcon.colcon_core.package_identification:_identify(build) by extensions ['ignore', 'ignore_ament_install']
[0.178s] Level 1:colcon.colcon_core.package_identification:_identify(build) by extension 'ignore'
[0.178s] Level 1:colcon.colcon_core.package_identification:_identify(build) ignored
[0.178s] Level 1:colcon.colcon_core.package_identification:_identify(install) by extensions ['ignore', 'ignore_ament_install']
[0.178s] Level 1:colcon.colcon_core.package_identification:_identify(install) by extension 'ignore'
[0.178s] Level 1:colcon.colcon_core.package_identification:_identify(install) ignored
[0.178s] Level 1:colcon.colcon_core.package_identification:_identify(log) by extensions ['ignore', 'ignore_ament_install']
[0.178s] Level 1:colcon.colcon_core.package_identification:_identify(log) by extension 'ignore'
[0.178s] Level 1:colcon.colcon_core.package_identification:_identify(log) ignored
[0.178s] Level 1:colcon.colcon_core.package_identification:_identify(src) by extensions ['ignore', 'ignore_ament_install']
[0.179s] Level 1:colcon.colcon_core.package_identification:_identify(src) by extension 'ignore'
[0.179s] Level 1:colcon.colcon_core.package_identification:_identify(src) by extension 'ignore_ament_install'
[0.179s] Level 1:colcon.colcon_core.package_identification:_identify(src) by extensions ['colcon_pkg']
[0.179s] Level 1:colcon.colcon_core.package_identification:_identify(src) by extension 'colcon_pkg'
[0.179s] Level 1:colcon.colcon_core.package_identification:_identify(src) by extensions ['colcon_meta']
[0.179s] Level 1:colcon.colcon_core.package_identification:_identify(src) by extension 'colcon_meta'
[0.179s] Level 1:colcon.colcon_core.package_identification:_identify(src) by extensions ['ros']
[0.179s] Level 1:colcon.colcon_core.package_identification:_identify(src) by extension 'ros'
[0.179s] Level 1:colcon.colcon_core.package_identification:_identify(src) by extensions ['cmake', 'python']
[0.179s] Level 1:colcon.colcon_core.package_identification:_identify(src) by extension 'cmake'
[0.179s] Level 1:colcon.colcon_core.package_identification:_identify(src) by extension 'python'
[0.179s] Level 1:colcon.colcon_core.package_identification:_identify(src) by extensions ['python_setup_py']
[0.179s] Level 1:colcon.colcon_core.package_identification:_identify(src) by extension 'python_setup_py'
[0.179s] Level 1:colcon.colcon_core.package_identification:_identify(src/BehaviorTree.CPP) by extensions ['ignore', 'ignore_ament_install']
[0.179s] Level 1:colcon.colcon_core.package_identification:_identify(src/BehaviorTree.CPP) by extension 'ignore'
[0.179s] Level 1:colcon.colcon_core.package_identification:_identify(src/BehaviorTree.CPP) by extension 'ignore_ament_install'
[0.179s] Level 1:colcon.colcon_core.package_identification:_identify(src/BehaviorTree.CPP) by extensions ['colcon_pkg']
[0.179s] Level 1:colcon.colcon_core.package_identification:_identify(src/BehaviorTree.CPP) by extension 'colcon_pkg'
[0.179s] Level 1:colcon.colcon_core.package_identification:_identify(src/BehaviorTree.CPP) by extensions ['colcon_meta']
[0.180s] Level 1:colcon.colcon_core.package_identification:_identify(src/BehaviorTree.CPP) by extension 'colcon_meta'
[0.180s] Level 1:colcon.colcon_core.package_identification:_identify(src/BehaviorTree.CPP) by extensions ['ros']
[0.180s] Level 1:colcon.colcon_core.package_identification:_identify(src/BehaviorTree.CPP) by extension 'ros'
[0.185s] DEBUG:colcon.colcon_core.package_identification:Package 'src/BehaviorTree.CPP' with type 'ros.catkin' and name 'behaviortree_cpp'
[0.185s] Level 1:colcon.colcon_core.package_identification:_identify(src/BehaviorTree.ROS2) by extensions ['ignore', 'ignore_ament_install']
[0.185s] Level 1:colcon.colcon_core.package_identification:_identify(src/BehaviorTree.ROS2) by extension 'ignore'
[0.185s] Level 1:colcon.colcon_core.package_identification:_identify(src/BehaviorTree.ROS2) by extension 'ignore_ament_install'
[0.185s] Level 1:colcon.colcon_core.package_identification:_identify(src/BehaviorTree.ROS2) by extensions ['colcon_pkg']
[0.185s] Level 1:colcon.colcon_core.package_identification:_identify(src/BehaviorTree.ROS2) by extension 'colcon_pkg'
[0.186s] Level 1:colcon.colcon_core.package_identification:_identify(src/BehaviorTree.ROS2) by extensions ['colcon_meta']
[0.186s] Level 1:colcon.colcon_core.package_identification:_identify(src/BehaviorTree.ROS2) by extension 'colcon_meta'
[0.186s] Level 1:colcon.colcon_core.package_identification:_identify(src/BehaviorTree.ROS2) by extensions ['ros']
[0.186s] Level 1:colcon.colcon_core.package_identification:_identify(src/BehaviorTree.ROS2) by extension 'ros'
[0.186s] Level 1:colcon.colcon_core.package_identification:_identify(src/BehaviorTree.ROS2) by extensions ['cmake', 'python']
[0.186s] Level 1:colcon.colcon_core.package_identification:_identify(src/BehaviorTree.ROS2) by extension 'cmake'
[0.186s] Level 1:colcon.colcon_core.package_identification:_identify(src/BehaviorTree.ROS2) by extension 'python'
[0.186s] Level 1:colcon.colcon_core.package_identification:_identify(src/BehaviorTree.ROS2) by extensions ['python_setup_py']
[0.186s] Level 1:colcon.colcon_core.package_identification:_identify(src/BehaviorTree.ROS2) by extension 'python_setup_py'
[0.186s] Level 1:colcon.colcon_core.package_identification:_identify(src/BehaviorTree.ROS2/behaviortree_ros2) by extensions ['ignore', 'ignore_ament_install']
[0.186s] Level 1:colcon.colcon_core.package_identification:_identify(src/BehaviorTree.ROS2/behaviortree_ros2) by extension 'ignore'
[0.186s] Level 1:colcon.colcon_core.package_identification:_identify(src/BehaviorTree.ROS2/behaviortree_ros2) by extension 'ignore_ament_install'
[0.186s] Level 1:colcon.colcon_core.package_identification:_identify(src/BehaviorTree.ROS2/behaviortree_ros2) by extensions ['colcon_pkg']
[0.186s] Level 1:colcon.colcon_core.package_identification:_identify(src/BehaviorTree.ROS2/behaviortree_ros2) by extension 'colcon_pkg'
[0.186s] Level 1:colcon.colcon_core.package_identification:_identify(src/BehaviorTree.ROS2/behaviortree_ros2) by extensions ['colcon_meta']
[0.186s] Level 1:colcon.colcon_core.package_identification:_identify(src/BehaviorTree.ROS2/behaviortree_ros2) by extension 'colcon_meta'
[0.186s] Level 1:colcon.colcon_core.package_identification:_identify(src/BehaviorTree.ROS2/behaviortree_ros2) by extensions ['ros']
[0.186s] Level 1:colcon.colcon_core.package_identification:_identify(src/BehaviorTree.ROS2/behaviortree_ros2) by extension 'ros'
[0.187s] DEBUG:colcon.colcon_core.package_identification:Package 'src/BehaviorTree.ROS2/behaviortree_ros2' with type 'ros.ament_cmake' and name 'behaviortree_ros2'
[0.187s] Level 1:colcon.colcon_core.package_identification:_identify(src/BehaviorTree.ROS2/btcpp_ros2_interfaces) by extensions ['ignore', 'ignore_ament_install']
[0.187s] Level 1:colcon.colcon_core.package_identification:_identify(src/BehaviorTree.ROS2/btcpp_ros2_interfaces) by extension 'ignore'
[0.187s] Level 1:colcon.colcon_core.package_identification:_identify(src/BehaviorTree.ROS2/btcpp_ros2_interfaces) by extension 'ignore_ament_install'
[0.187s] Level 1:colcon.colcon_core.package_identification:_identify(src/BehaviorTree.ROS2/btcpp_ros2_interfaces) by extensions ['colcon_pkg']
[0.187s] Level 1:colcon.colcon_core.package_identification:_identify(src/BehaviorTree.ROS2/btcpp_ros2_interfaces) by extension 'colcon_pkg'
[0.187s] Level 1:colcon.colcon_core.package_identification:_identify(src/BehaviorTree.ROS2/btcpp_ros2_interfaces) by extensions ['colcon_meta']
[0.187s] Level 1:colcon.colcon_core.package_identification:_identify(src/BehaviorTree.ROS2/btcpp_ros2_interfaces) by extension 'colcon_meta'
[0.187s] Level 1:colcon.colcon_core.package_identification:_identify(src/BehaviorTree.ROS2/btcpp_ros2_interfaces) by extensions ['ros']
[0.188s] Level 1:colcon.colcon_core.package_identification:_identify(src/BehaviorTree.ROS2/btcpp_ros2_interfaces) by extension 'ros'
[0.188s] DEBUG:colcon.colcon_core.package_identification:Package 'src/BehaviorTree.ROS2/btcpp_ros2_interfaces' with type 'ros.ament_cmake' and name 'btcpp_ros2_interfaces'
[0.188s] Level 1:colcon.colcon_core.package_identification:_identify(src/BehaviorTree.ROS2/btcpp_ros2_samples) by extensions ['ignore', 'ignore_ament_install']
[0.188s] Level 1:colcon.colcon_core.package_identification:_identify(src/BehaviorTree.ROS2/btcpp_ros2_samples) by extension 'ignore'
[0.188s] Level 1:colcon.colcon_core.package_identification:_identify(src/BehaviorTree.ROS2/btcpp_ros2_samples) by extension 'ignore_ament_install'
[0.188s] Level 1:colcon.colcon_core.package_identification:_identify(src/BehaviorTree.ROS2/btcpp_ros2_samples) by extensions ['colcon_pkg']
[0.188s] Level 1:colcon.colcon_core.package_identification:_identify(src/BehaviorTree.ROS2/btcpp_ros2_samples) by extension 'colcon_pkg'
[0.188s] Level 1:colcon.colcon_core.package_identification:_identify(src/BehaviorTree.ROS2/btcpp_ros2_samples) by extensions ['colcon_meta']
[0.188s] Level 1:colcon.colcon_core.package_identification:_identify(src/BehaviorTree.ROS2/btcpp_ros2_samples) by extension 'colcon_meta'
[0.188s] Level 1:colcon.colcon_core.package_identification:_identify(src/BehaviorTree.ROS2/btcpp_ros2_samples) by extensions ['ros']
[0.188s] Level 1:colcon.colcon_core.package_identification:_identify(src/BehaviorTree.ROS2/btcpp_ros2_samples) by extension 'ros'
[0.189s] DEBUG:colcon.colcon_core.package_identification:Package 'src/BehaviorTree.ROS2/btcpp_ros2_samples' with type 'ros.ament_cmake' and name 'btcpp_ros2_samples'
[0.189s] Level 1:colcon.colcon_core.package_identification:_identify(src/bt_drone) by extensions ['ignore', 'ignore_ament_install']
[0.189s] Level 1:colcon.colcon_core.package_identification:_identify(src/bt_drone) by extension 'ignore'
[0.189s] Level 1:colcon.colcon_core.package_identification:_identify(src/bt_drone) by extension 'ignore_ament_install'
[0.189s] Level 1:colcon.colcon_core.package_identification:_identify(src/bt_drone) by extensions ['colcon_pkg']
[0.189s] Level 1:colcon.colcon_core.package_identification:_identify(src/bt_drone) by extension 'colcon_pkg'
[0.189s] Level 1:colcon.colcon_core.package_identification:_identify(src/bt_drone) by extensions ['colcon_meta']
[0.189s] Level 1:colcon.colcon_core.package_identification:_identify(src/bt_drone) by extension 'colcon_meta'
[0.189s] Level 1:colcon.colcon_core.package_identification:_identify(src/bt_drone) by extensions ['ros']
[0.189s] Level 1:colcon.colcon_core.package_identification:_identify(src/bt_drone) by extension 'ros'
[0.190s] DEBUG:colcon.colcon_core.package_identification:Package 'src/bt_drone' with type 'ros.ament_cmake' and name 'bt_drone'
[0.190s] Level 1:colcon.colcon_core.package_identification:_identify(src/the_tree) by extensions ['ignore', 'ignore_ament_install']
[0.190s] Level 1:colcon.colcon_core.package_identification:_identify(src/the_tree) by extension 'ignore'
[0.190s] Level 1:colcon.colcon_core.package_identification:_identify(src/the_tree) by extension 'ignore_ament_install'
[0.190s] Level 1:colcon.colcon_core.package_identification:_identify(src/the_tree) by extensions ['colcon_pkg']
[0.191s] Level 1:colcon.colcon_core.package_identification:_identify(src/the_tree) by extension 'colcon_pkg'
[0.191s] Level 1:colcon.colcon_core.package_identification:_identify(src/the_tree) by extensions ['colcon_meta']
[0.191s] Level 1:colcon.colcon_core.package_identification:_identify(src/the_tree) by extension 'colcon_meta'
[0.191s] Level 1:colcon.colcon_core.package_identification:_identify(src/the_tree) by extensions ['ros']
[0.191s] Level 1:colcon.colcon_core.package_identification:_identify(src/the_tree) by extension 'ros'
[0.191s] Level 1:colcon.colcon_core.package_identification:_identify(src/the_tree) by extensions ['cmake', 'python']
[0.191s] Level 1:colcon.colcon_core.package_identification:_identify(src/the_tree) by extension 'cmake'
[0.191s] Level 1:colcon.colcon_core.package_identification:_identify(src/the_tree) by extension 'python'
[0.191s] Level 1:colcon.colcon_core.package_identification:_identify(src/the_tree) by extensions ['python_setup_py']
[0.191s] Level 1:colcon.colcon_core.package_identification:_identify(src/the_tree) by extension 'python_setup_py'
[0.191s] Level 1:colcon.colcon_core.package_identification:_identify(src/the_tree/include) by extensions ['ignore', 'ignore_ament_install']
[0.191s] Level 1:colcon.colcon_core.package_identification:_identify(src/the_tree/include) by extension 'ignore'
[0.191s] Level 1:colcon.colcon_core.package_identification:_identify(src/the_tree/include) by extension 'ignore_ament_install'
[0.191s] Level 1:colcon.colcon_core.package_identification:_identify(src/the_tree/include) by extensions ['colcon_pkg']
[0.191s] Level 1:colcon.colcon_core.package_identification:_identify(src/the_tree/include) by extension 'colcon_pkg'
[0.191s] Level 1:colcon.colcon_core.package_identification:_identify(src/the_tree/include) by extensions ['colcon_meta']
[0.191s] Level 1:colcon.colcon_core.package_identification:_identify(src/the_tree/include) by extension 'colcon_meta'
[0.191s] Level 1:colcon.colcon_core.package_identification:_identify(src/the_tree/include) by extensions ['ros']
[0.191s] Level 1:colcon.colcon_core.package_identification:_identify(src/the_tree/include) by extension 'ros'
[0.191s] Level 1:colcon.colcon_core.package_identification:_identify(src/the_tree/include) by extensions ['cmake', 'python']
[0.191s] Level 1:colcon.colcon_core.package_identification:_identify(src/the_tree/include) by extension 'cmake'
[0.192s] Level 1:colcon.colcon_core.package_identification:_identify(src/the_tree/include) by extension 'python'
[0.192s] Level 1:colcon.colcon_core.package_identification:_identify(src/the_tree/include) by extensions ['python_setup_py']
[0.192s] Level 1:colcon.colcon_core.package_identification:_identify(src/the_tree/include) by extension 'python_setup_py'
[0.192s] Level 1:colcon.colcon_core.package_identification:_identify(src/the_tree/include/the_tree) by extensions ['ignore', 'ignore_ament_install']
[0.192s] Level 1:colcon.colcon_core.package_identification:_identify(src/the_tree/include/the_tree) by extension 'ignore'
[0.192s] Level 1:colcon.colcon_core.package_identification:_identify(src/the_tree/include/the_tree) by extension 'ignore_ament_install'
[0.192s] Level 1:colcon.colcon_core.package_identification:_identify(src/the_tree/include/the_tree) by extensions ['colcon_pkg']
[0.192s] Level 1:colcon.colcon_core.package_identification:_identify(src/the_tree/include/the_tree) by extension 'colcon_pkg'
[0.192s] Level 1:colcon.colcon_core.package_identification:_identify(src/the_tree/include/the_tree) by extensions ['colcon_meta']
[0.192s] Level 1:colcon.colcon_core.package_identification:_identify(src/the_tree/include/the_tree) by extension 'colcon_meta'
[0.192s] Level 1:colcon.colcon_core.package_identification:_identify(src/the_tree/include/the_tree) by extensions ['ros']
[0.192s] Level 1:colcon.colcon_core.package_identification:_identify(src/the_tree/include/the_tree) by extension 'ros'
[0.192s] Level 1:colcon.colcon_core.package_identification:_identify(src/the_tree/include/the_tree) by extensions ['cmake', 'python']
[0.192s] Level 1:colcon.colcon_core.package_identification:_identify(src/the_tree/include/the_tree) by extension 'cmake'
[0.192s] Level 1:colcon.colcon_core.package_identification:_identify(src/the_tree/include/the_tree) by extension 'python'
[0.192s] Level 1:colcon.colcon_core.package_identification:_identify(src/the_tree/include/the_tree) by extensions ['python_setup_py']
[0.192s] Level 1:colcon.colcon_core.package_identification:_identify(src/the_tree/include/the_tree) by extension 'python_setup_py'
[0.192s] Level 1:colcon.colcon_core.package_identification:_identify(src/utils) by extensions ['ignore', 'ignore_ament_install']
[0.192s] Level 1:colcon.colcon_core.package_identification:_identify(src/utils) by extension 'ignore'
[0.193s] Level 1:colcon.colcon_core.package_identification:_identify(src/utils) by extension 'ignore_ament_install'
[0.193s] Level 1:colcon.colcon_core.package_identification:_identify(src/utils) by extensions ['colcon_pkg']
[0.193s] Level 1:colcon.colcon_core.package_identification:_identify(src/utils) by extension 'colcon_pkg'
[0.193s] Level 1:colcon.colcon_core.package_identification:_identify(src/utils) by extensions ['colcon_meta']
[0.193s] Level 1:colcon.colcon_core.package_identification:_identify(src/utils) by extension 'colcon_meta'
[0.193s] Level 1:colcon.colcon_core.package_identification:_identify(src/utils) by extensions ['ros']
[0.193s] Level 1:colcon.colcon_core.package_identification:_identify(src/utils) by extension 'ros'
[0.193s] Level 1:colcon.colcon_core.package_identification:_identify(src/utils) by extensions ['cmake', 'python']
[0.193s] Level 1:colcon.colcon_core.package_identification:_identify(src/utils) by extension 'cmake'
[0.193s] Level 1:colcon.colcon_core.package_identification:_identify(src/utils) by extension 'python'
[0.193s] Level 1:colcon.colcon_core.package_identification:_identify(src/utils) by extensions ['python_setup_py']
[0.193s] Level 1:colcon.colcon_core.package_identification:_identify(src/utils) by extension 'python_setup_py'
[0.193s] Level 1:colcon.colcon_core.package_discovery:discover_packages(recursive) using defaults
[0.193s] Level 1:colcon.colcon_core.package_discovery:discover_packages(ignore) discover
[0.193s] Level 1:colcon.colcon_core.package_discovery:discover_packages(ignore) using defaults
[0.193s] Level 1:colcon.colcon_core.package_discovery:discover_packages(path) discover
[0.193s] Level 1:colcon.colcon_core.package_discovery:discover_packages(path) using defaults
[0.207s] INFO:colcon.colcon_core.package_selection:Skipping not selected package 'behaviortree_cpp' in 'src/BehaviorTree.CPP'
[0.207s] INFO:colcon.colcon_core.package_selection:Skipping not selected package 'bt_drone' in 'src/bt_drone'
[0.207s] INFO:colcon.colcon_core.package_selection:Skipping not selected package 'behaviortree_ros2' in 'src/BehaviorTree.ROS2/behaviortree_ros2'
[0.207s] INFO:colcon.colcon_core.package_selection:Skipping not selected package 'btcpp_ros2_samples' in 'src/BehaviorTree.ROS2/btcpp_ros2_samples'
[0.208s] Level 1:colcon.colcon_core.package_discovery:discover_packages(prefix_path) check parameters
[0.208s] Level 1:colcon.colcon_core.package_discovery:discover_packages(prefix_path) discover
[0.209s] DEBUG:colcon.colcon_installed_package_information.package_discovery:Found 69 installed packages in /opt/ros/humble
[0.209s] Level 1:colcon.colcon_core.package_discovery:discover_packages(prefix_path) using defaults
[0.216s] Level 5:colcon.colcon_core.verb:set package 'btcpp_ros2_interfaces' build argument 'cmake_args' from command line to 'None'
[0.216s] Level 5:colcon.colcon_core.verb:set package 'btcpp_ros2_interfaces' build argument 'cmake_target' from command line to 'None'
[0.216s] Level 5:colcon.colcon_core.verb:set package 'btcpp_ros2_interfaces' build argument 'cmake_target_skip_unavailable' from command line to 'False'
[0.216s] Level 5:colcon.colcon_core.verb:set package 'btcpp_ros2_interfaces' build argument 'cmake_clean_cache' from command line to 'False'
[0.216s] Level 5:colcon.colcon_core.verb:set package 'btcpp_ros2_interfaces' build argument 'cmake_clean_first' from command line to 'False'
[0.216s] Level 5:colcon.colcon_core.verb:set package 'btcpp_ros2_interfaces' build argument 'cmake_force_configure' from command line to 'False'
[0.216s] Level 5:colcon.colcon_core.verb:set package 'btcpp_ros2_interfaces' build argument 'ament_cmake_args' from command line to 'None'
[0.216s] Level 5:colcon.colcon_core.verb:set package 'btcpp_ros2_interfaces' build argument 'catkin_cmake_args' from command line to 'None'
[0.216s] Level 5:colcon.colcon_core.verb:set package 'btcpp_ros2_interfaces' build argument 'catkin_skip_building_tests' from command line to 'False'
[0.216s] DEBUG:colcon.colcon_core.verb:Building package 'btcpp_ros2_interfaces' with the following arguments: {'ament_cmake_args': None, 'build_base': '/home/larsandre/Documents/ascend/IARC10_Autonomy/build/btcpp_ros2_interfaces', 'catkin_cmake_args': None, 'catkin_skip_building_tests': False, 'cmake_args': None, 'cmake_clean_cache': False, 'cmake_clean_first': False, 'cmake_force_configure': False, 'cmake_target': None, 'cmake_target_skip_unavailable': False, 'install_base': '/home/larsandre/Documents/ascend/IARC10_Autonomy/install/btcpp_ros2_interfaces', 'merge_install': False, 'path': '/home/larsandre/Documents/ascend/IARC10_Autonomy/src/BehaviorTree.ROS2/btcpp_ros2_interfaces', 'symlink_install': False, 'test_result_base': None}
[0.217s] INFO:colcon.colcon_core.executor:Executing jobs using 'parallel' executor
[0.218s] DEBUG:colcon.colcon_parallel_executor.executor.parallel:run_until_complete
[0.218s] INFO:colcon.colcon_ros.task.ament_cmake.build:Building ROS package in '/home/larsandre/Documents/ascend/IARC10_Autonomy/src/BehaviorTree.ROS2/btcpp_ros2_interfaces' with build type 'ament_cmake'
[0.218s] INFO:colcon.colcon_cmake.task.cmake.build:Building CMake package in '/home/larsandre/Documents/ascend/IARC10_Autonomy/src/BehaviorTree.ROS2/btcpp_ros2_interfaces'
[0.220s] INFO:colcon.colcon_core.plugin_system:Skipping extension 'colcon_core.shell.bat': Not used on non-Windows systems
[0.220s] INFO:colcon.colcon_core.shell:Skip shell extension 'powershell' for command environment: Not usable outside of PowerShell
[0.220s] DEBUG:colcon.colcon_core.shell:Skip shell extension 'dsv' for command environment
[0.233s] DEBUG:colcon.colcon_core.event_handler.log_command:Invoking command in '/home/larsandre/Documents/ascend/IARC10_Autonomy/build/btcpp_ros2_interfaces': CMAKE_PREFIX_PATH=/opt/ros/humble /usr/bin/cmake /home/larsandre/Documents/ascend/IARC10_Autonomy/src/BehaviorTree.ROS2/btcpp_ros2_interfaces -DCMAKE_INSTALL_PREFIX=/home/larsandre/Documents/ascend/IARC10_Autonomy/install/btcpp_ros2_interfaces
[0.498s] DEBUG:colcon.colcon_core.event_handler.log_command:Invoked command in '/home/larsandre/Documents/ascend/IARC10_Autonomy/build/btcpp_ros2_interfaces' returned '1': CMAKE_PREFIX_PATH=/opt/ros/humble /usr/bin/cmake /home/larsandre/Documents/ascend/IARC10_Autonomy/src/BehaviorTree.ROS2/btcpp_ros2_interfaces -DCMAKE_INSTALL_PREFIX=/home/larsandre/Documents/ascend/IARC10_Autonomy/install/btcpp_ros2_interfaces
[0.507s] Level 1:colcon.colcon_core.environment:create_environment_scripts_only(btcpp_ros2_interfaces)
[0.509s] Level 1:colcon.colcon_core.environment:checking '/home/larsandre/Documents/ascend/IARC10_Autonomy/install/btcpp_ros2_interfaces' for CMake module files
[0.510s] Level 1:colcon.colcon_core.environment:checking '/home/larsandre/Documents/ascend/IARC10_Autonomy/install/btcpp_ros2_interfaces' for CMake config files
[0.510s] Level 1:colcon.colcon_core.environment:checking '/home/larsandre/Documents/ascend/IARC10_Autonomy/install/btcpp_ros2_interfaces/bin'
[0.510s] Level 1:colcon.colcon_core.environment:checking '/home/larsandre/Documents/ascend/IARC10_Autonomy/install/btcpp_ros2_interfaces/lib/pkgconfig/btcpp_ros2_interfaces.pc'
[0.510s] Level 1:colcon.colcon_core.environment:checking '/home/larsandre/Documents/ascend/IARC10_Autonomy/install/btcpp_ros2_interfaces/lib/python3.10/site-packages'
[0.510s] Level 1:colcon.colcon_core.environment:checking '/home/larsandre/Documents/ascend/IARC10_Autonomy/install/btcpp_ros2_interfaces/bin'
[0.511s] INFO:colcon.colcon_core.shell:Creating package script '/home/larsandre/Documents/ascend/IARC10_Autonomy/install/btcpp_ros2_interfaces/share/btcpp_ros2_interfaces/package.ps1'
[0.511s] INFO:colcon.colcon_core.shell:Creating package descriptor '/home/larsandre/Documents/ascend/IARC10_Autonomy/install/btcpp_ros2_interfaces/share/btcpp_ros2_interfaces/package.dsv'
[0.511s] INFO:colcon.colcon_core.shell:Creating package script '/home/larsandre/Documents/ascend/IARC10_Autonomy/install/btcpp_ros2_interfaces/share/btcpp_ros2_interfaces/package.sh'
[0.512s] INFO:colcon.colcon_core.shell:Creating package script '/home/larsandre/Documents/ascend/IARC10_Autonomy/install/btcpp_ros2_interfaces/share/btcpp_ros2_interfaces/package.bash'
[0.513s] INFO:colcon.colcon_core.shell:Creating package script '/home/larsandre/Documents/ascend/IARC10_Autonomy/install/btcpp_ros2_interfaces/share/btcpp_ros2_interfaces/package.zsh'
[0.513s] Level 1:colcon.colcon_core.environment:create_file_with_runtime_dependencies(/home/larsandre/Documents/ascend/IARC10_Autonomy/install/btcpp_ros2_interfaces/share/colcon-core/packages/btcpp_ros2_interfaces)
[0.523s] DEBUG:colcon.colcon_parallel_executor.executor.parallel:closing loop
[0.524s] DEBUG:colcon.colcon_parallel_executor.executor.parallel:loop closed
[0.524s] DEBUG:colcon.colcon_parallel_executor.executor.parallel:run_until_complete finished with '1'
[0.524s] DEBUG:colcon.colcon_core.event_reactor:joining thread
[0.528s] INFO:colcon.colcon_core.plugin_system:Skipping extension 'colcon_notification.desktop_notification.notify_send': Could not find 'notify-send'
[0.528s] INFO:colcon.colcon_core.plugin_system:Skipping extension 'colcon_notification.desktop_notification.terminal_notifier': Not used on non-Darwin systems
[0.528s] INFO:colcon.colcon_core.plugin_system:Skipping extension 'colcon_notification.desktop_notification.win32': Not used on non-Windows systems
[0.528s] INFO:colcon.colcon_notification.desktop_notification:Sending desktop notification using 'notify2'
[0.540s] DEBUG:colcon.colcon_core.event_reactor:joined thread
[0.541s] INFO:colcon.colcon_core.shell:Creating prefix script '/home/larsandre/Documents/ascend/IARC10_Autonomy/install/local_setup.ps1'
[0.542s] INFO:colcon.colcon_core.shell:Creating prefix util module '/home/larsandre/Documents/ascend/IARC10_Autonomy/install/_local_setup_util_ps1.py'
[0.543s] INFO:colcon.colcon_core.shell:Creating prefix chain script '/home/larsandre/Documents/ascend/IARC10_Autonomy/install/setup.ps1'
[0.543s] INFO:colcon.colcon_core.shell:Creating prefix script '/home/larsandre/Documents/ascend/IARC10_Autonomy/install/local_setup.sh'
[0.544s] INFO:colcon.colcon_core.shell:Creating prefix util module '/home/larsandre/Documents/ascend/IARC10_Autonomy/install/_local_setup_util_sh.py'
[0.544s] INFO:colcon.colcon_core.shell:Creating prefix chain script '/home/larsandre/Documents/ascend/IARC10_Autonomy/install/setup.sh'
[0.545s] INFO:colcon.colcon_core.shell:Creating prefix script '/home/larsandre/Documents/ascend/IARC10_Autonomy/install/local_setup.bash'
[0.545s] INFO:colcon.colcon_core.shell:Creating prefix chain script '/home/larsandre/Documents/ascend/IARC10_Autonomy/install/setup.bash'
[0.546s] INFO:colcon.colcon_core.shell:Creating prefix script '/home/larsandre/Documents/ascend/IARC10_Autonomy/install/local_setup.zsh'
[0.546s] INFO:colcon.colcon_core.shell:Creating prefix chain script '/home/larsandre/Documents/ascend/IARC10_Autonomy/install/setup.zsh'
