[0.018s] Invoking command in '/home/frida/idk_anymore/build/behaviortree_cpp': CMAKE_PREFIX_PATH=${CMAKE_PREFIX_PATH}:/opt/ros/humble /usr/bin/cmake /home/frida/idk_anymore/src/BehaviorTree.CPP -DCMAKE_INSTALL_PREFIX=/home/frida/idk_anymore/install/behaviortree_cpp
[0.069s] -- The C compiler identification is GNU 11.4.0
[0.110s] -- The CXX compiler identification is GNU 11.4.0
[0.116s] -- Detecting C compiler ABI info
[0.181s] -- Detecting C compiler ABI info - done
[0.186s] -- Check for working C compiler: /usr/bin/cc - skipped
[0.186s] -- Detecting C compile features
[0.186s] -- Detecting C compile features - done
[0.188s] -- Detecting CXX compiler ABI info
[0.253s] -- Detecting CXX compiler ABI info - done
[0.258s] -- Check for working CXX compiler: /usr/bin/c++ - skipped
[0.258s] -- Detecting CXX compile features
[0.258s] -- Detecting CXX compile features - done
[0.258s] -- Setting build type to 'Release' as none was specified.
[0.259s] -- Looking for pthread.h
[0.317s] -- Looking for pthread.h - found
[0.317s] -- Performing Test CMAKE_HAVE_LIBC_PTHREAD
[0.382s] -- Performing Test CMAKE_HAVE_LIBC_PTHREAD - Success
[0.383s] -- Found Threads: TRUE  
[0.500s] -- Found Python3: /usr/bin/python3 (found version "3.10.12") found components: Interpreter 
[0.567s] -- ------------------------------------------
[0.567s] -- BehaviourTree is being built using AMENT.
[0.567s] -- ------------------------------------------
[0.576s] -- Found ZeroMQ: /usr/lib/x86_64-linux-gnu/libzmq.so  
[0.578s] -- Found SQLite3: /usr/include (found version "3.37.2") 
[0.579s] -- Found ament_index_cpp: 1.4.0 (/opt/ros/humble/share/ament_index_cpp/cmake)
[0.583s] -- BTCPP_EXTRA_LIBRARIES: $<BUILD_INTERFACE:ament_index_cpp::ament_index_cpp>;$<BUILD_INTERFACE:/usr/lib/x86_64-linux-gnu/libzmq.so>;$<BUILD_INTERFACE:/usr/lib/x86_64-linux-gnu/libsqlite3.so>
[0.583s] -- BTCPP_LIB_DESTINATION:   lib 
[0.583s] -- BTCPP_INCLUDE_DESTINATION: include 
[0.583s] -- BTCPP_UNIT_TESTS:   ON 
[0.585s] -- Found ament_cmake_gtest: 1.3.11 (/opt/ros/humble/share/ament_cmake_gtest/cmake)
[0.586s] -- Found gtest sources under '/opt/ros/humble/src/gtest_vendor': C++ tests using 'Google Test' will be built
[0.641s] -- Configuring done
[0.681s] -- Generating done
[0.691s] -- Build files have been written to: /home/frida/idk_anymore/build/behaviortree_cpp
[0.697s] Invoked command in '/home/frida/idk_anymore/build/behaviortree_cpp' returned '0': CMAKE_PREFIX_PATH=${CMAKE_PREFIX_PATH}:/opt/ros/humble /usr/bin/cmake /home/frida/idk_anymore/src/BehaviorTree.CPP -DCMAKE_INSTALL_PREFIX=/home/frida/idk_anymore/install/behaviortree_cpp
[0.699s] Invoking command in '/home/frida/idk_anymore/build/behaviortree_cpp': CMAKE_PREFIX_PATH=${CMAKE_PREFIX_PATH}:/opt/ros/humble /usr/bin/cmake --build /home/frida/idk_anymore/build/behaviortree_cpp -- -j16 -l16
[0.744s] [  1%] [32mBuilding CXX object CMakeFiles/minitrace.dir/3rdparty/minitrace/minitrace.cpp.o[0m
[0.746s] [  2%] [32mBuilding CXX object 3rdparty/lexy/src/CMakeFiles/lexy_file.dir/input/file.cpp.o[0m
[0.747s] [  2%] [32mBuilding CXX object gtest/CMakeFiles/gtest.dir/src/gtest-all.cc.o[0m
[0.748s] [  3%] [32mBuilding CXX object gtest/CMakeFiles/gtest_main.dir/src/gtest_main.cc.o[0m
[0.850s] [  4%] [32m[1mLinking CXX static library liblexy_file.a[0m
[0.885s] [  4%] [32m[1mLinking CXX static library libminitrace.a[0m
[0.887s] [  4%] Built target lexy_file
[0.912s] [  4%] Built target minitrace
[0.938s] [  7%] [32mBuilding CXX object CMakeFiles/behaviortree_cpp.dir/src/basic_types.cpp.o[0m
[0.938s] [  7%] [32mBuilding CXX object CMakeFiles/behaviortree_cpp.dir/src/action_node.cpp.o[0m
[0.939s] [  7%] [32mBuilding CXX object CMakeFiles/behaviortree_cpp.dir/src/blackboard.cpp.o[0m
[0.939s] [  7%] [32mBuilding CXX object CMakeFiles/behaviortree_cpp.dir/src/behavior_tree.cpp.o[0m
[0.939s] [  7%] [32mBuilding CXX object CMakeFiles/behaviortree_cpp.dir/src/control_node.cpp.o[0m
[0.939s] [  8%] [32mBuilding CXX object CMakeFiles/behaviortree_cpp.dir/src/script_parser.cpp.o[0m
[0.939s] [  9%] [32mBuilding CXX object CMakeFiles/behaviortree_cpp.dir/src/shared_library.cpp.o[0m
[0.939s] [  7%] [32mBuilding CXX object CMakeFiles/behaviortree_cpp.dir/src/decorator_node.cpp.o[0m
[0.940s] [ 11%] [32mBuilding CXX object CMakeFiles/behaviortree_cpp.dir/src/bt_factory.cpp.o[0m
[0.940s] [ 11%] [32mBuilding CXX object CMakeFiles/behaviortree_cpp.dir/src/tree_node.cpp.o[0m
[0.942s] [ 12%] [32mBuilding CXX object CMakeFiles/behaviortree_cpp.dir/src/condition_node.cpp.o[0m
[0.942s] [ 12%] [32mBuilding CXX object CMakeFiles/behaviortree_cpp.dir/src/json_export.cpp.o[0m
[0.947s] [ 13%] [32mBuilding CXX object CMakeFiles/behaviortree_cpp.dir/src/xml_parsing.cpp.o[0m
[0.954s] [ 14%] [32mBuilding CXX object CMakeFiles/behaviortree_cpp.dir/src/actions/test_node.cpp.o[0m
[2.348s] [ 14%] [32mBuilding CXX object CMakeFiles/behaviortree_cpp.dir/src/actions/sleep_node.cpp.o[0m
[2.391s] [ 14%] [32m[1mLinking CXX static library libgtest_main.a[0m
[2.453s] [ 14%] Built target gtest_main
[2.471s] [ 15%] [32mBuilding CXX object CMakeFiles/behaviortree_cpp.dir/src/actions/updated_action.cpp.o[0m
[6.085s] [ 16%] [32mBuilding CXX object CMakeFiles/behaviortree_cpp.dir/src/decorators/delay_node.cpp.o[0m
[7.019s] [ 17%] [32mBuilding CXX object CMakeFiles/behaviortree_cpp.dir/src/decorators/inverter_node.cpp.o[0m
[7.928s] [ 17%] [32mBuilding CXX object CMakeFiles/behaviortree_cpp.dir/src/decorators/repeat_node.cpp.o[0m
[9.034s] [ 18%] [32mBuilding CXX object CMakeFiles/behaviortree_cpp.dir/src/decorators/retry_node.cpp.o[0m
[9.075s] [ 19%] [32mBuilding CXX object CMakeFiles/behaviortree_cpp.dir/src/decorators/subtree_node.cpp.o[0m
[9.279s] [ 20%] [32mBuilding CXX object CMakeFiles/behaviortree_cpp.dir/src/decorators/timeout_node.cpp.o[0m
[10.677s] [ 20%] [32mBuilding CXX object CMakeFiles/behaviortree_cpp.dir/src/decorators/updated_decorator.cpp.o[0m
[12.626s] [ 21%] [32mBuilding CXX object CMakeFiles/behaviortree_cpp.dir/src/controls/if_then_else_node.cpp.o[0m
[13.610s] [ 22%] [32mBuilding CXX object CMakeFiles/behaviortree_cpp.dir/src/controls/fallback_node.cpp.o[0m
[13.628s] [ 22%] [32mBuilding CXX object CMakeFiles/behaviortree_cpp.dir/src/controls/parallel_node.cpp.o[0m
[13.737s] [ 23%] [32mBuilding CXX object CMakeFiles/behaviortree_cpp.dir/src/controls/parallel_all_node.cpp.o[0m
[14.856s] [ 24%] [32mBuilding CXX object CMakeFiles/behaviortree_cpp.dir/src/controls/reactive_sequence.cpp.o[0m
[15.325s] [ 25%] [32mBuilding CXX object CMakeFiles/behaviortree_cpp.dir/src/controls/reactive_fallback.cpp.o[0m
[17.046s] [ 25%] [32mBuilding CXX object CMakeFiles/behaviortree_cpp.dir/src/controls/sequence_node.cpp.o[0m
[17.452s] [ 26%] [32mBuilding CXX object CMakeFiles/behaviortree_cpp.dir/src/controls/sequence_with_memory_node.cpp.o[0m
[18.032s] [ 27%] [32mBuilding CXX object CMakeFiles/behaviortree_cpp.dir/src/controls/switch_node.cpp.o[0m
[18.626s] [ 28%] [32mBuilding CXX object CMakeFiles/behaviortree_cpp.dir/src/controls/while_do_else_node.cpp.o[0m
[19.365s] [ 28%] [32mBuilding CXX object CMakeFiles/behaviortree_cpp.dir/src/loggers/bt_cout_logger.cpp.o[0m
[19.561s] [ 29%] [32mBuilding CXX object CMakeFiles/behaviortree_cpp.dir/src/loggers/bt_file_logger_v2.cpp.o[0m
[19.677s] [ 30%] [32mBuilding CXX object CMakeFiles/behaviortree_cpp.dir/src/loggers/bt_minitrace_logger.cpp.o[0m
[21.434s] [ 31%] [32mBuilding CXX object CMakeFiles/behaviortree_cpp.dir/src/loggers/bt_observer.cpp.o[0m
[21.658s] [ 31%] [32mBuilding CXX object CMakeFiles/behaviortree_cpp.dir/3rdparty/tinyxml2/tinyxml2.cpp.o[0m
[21.688s] [ 32%] [32mBuilding CXX object CMakeFiles/behaviortree_cpp.dir/src/loggers/groot2_publisher.cpp.o[0m
[22.520s] [ 33%] [32mBuilding CXX object CMakeFiles/behaviortree_cpp.dir/src/loggers/bt_sqlite_logger.cpp.o[0m
[22.681s] [ 33%] [32mBuilding CXX object CMakeFiles/behaviortree_cpp.dir/src/shared_library_UNIX.cpp.o[0m
[29.796s] [ 34%] [32m[1mLinking CXX static library libgtest.a[0m
[29.899s] [ 34%] Built target gtest
[37.825s] [ 35%] [32m[1mLinking CXX shared library libbehaviortree_cpp.so[0m
[37.956s] [ 35%] Built target behaviortree_cpp
[37.971s] [ 36%] [32mBuilding CXX object sample_nodes/CMakeFiles/bt_sample_nodes.dir/crossdoor_nodes.cpp.o[0m
[37.971s] [ 38%] [32mBuilding CXX object sample_nodes/CMakeFiles/bt_sample_nodes.dir/movebase_node.cpp.o[0m
[37.971s] [ 38%] [32mBuilding CXX object tools/CMakeFiles/bt4_plugin_manifest.dir/bt_plugin_manifest.cpp.o[0m
[37.973s] [ 38%] [32mBuilding CXX object examples/CMakeFiles/test_plugin_action.dir/plugin_example/plugin_action.cpp.o[0m
[37.973s] [ 39%] [32mBuilding CXX object sample_nodes/CMakeFiles/dummy_nodes_dyn.dir/dummy_nodes.cpp.o[0m
[37.974s] [ 39%] [32mBuilding CXX object sample_nodes/CMakeFiles/bt_sample_nodes.dir/dummy_nodes.cpp.o[0m
[37.974s] [ 40%] [32mBuilding CXX object sample_nodes/CMakeFiles/crossdoor_nodes_dyn.dir/crossdoor_nodes.cpp.o[0m
[37.978s] [ 41%] [32mBuilding CXX object sample_nodes/CMakeFiles/movebase_node_dyn.dir/movebase_node.cpp.o[0m
[37.978s] [ 42%] [32mBuilding CXX object examples/CMakeFiles/t01_first_tree_dynamic.dir/t01_build_your_first_tree.cpp.o[0m
[37.978s] [ 43%] [32mBuilding CXX object examples/CMakeFiles/test_plugin_executor.dir/plugin_example/plugin_executor.cpp.o[0m
[42.028s] [ 44%] [32m[1mLinking CXX shared library test_plugin_action.so[0m
[42.289s] [ 44%] Built target test_plugin_action
[42.346s] [ 45%] [32m[1mLinking CXX shared library bin/libdummy_nodes_dyn.so[0m
[42.477s] [ 45%] Built target dummy_nodes_dyn
[43.438s] [ 46%] [32m[1mLinking CXX shared library bin/libmovebase_node_dyn.so[0m
[43.824s] [ 46%] Built target movebase_node_dyn
[44.021s] [ 46%] [32m[1mLinking CXX executable t01_first_tree_dynamic[0m
[44.029s] [ 46%] [32m[1mLinking CXX executable bt4_plugin_manifest[0m
[44.158s] [ 46%] Built target bt4_plugin_manifest
[44.196s] [ 46%] Built target t01_first_tree_dynamic
[45.312s] [ 47%] [32m[1mLinking CXX shared library bin/libcrossdoor_nodes_dyn.so[0m
[45.402s] [ 47%] Built target crossdoor_nodes_dyn
[45.821s] [ 48%] [32m[1mLinking CXX executable test_plugin_executor[0m
[45.908s] [ 48%] Built target test_plugin_executor
[46.038s] [ 48%] [32m[1mLinking CXX static library lib/libbt_sample_nodes.a[0m
[46.085s] [ 48%] Built target bt_sample_nodes
[46.110s] [ 49%] [32mBuilding CXX object examples/CMakeFiles/t11_groot_howto.dir/t11_groot_howto.cpp.o[0m
[46.110s] [ 49%] [32mBuilding CXX object examples/CMakeFiles/t04_reactive_sequence.dir/t04_reactive_sequence.cpp.o[0m
[46.110s] [ 50%] [32mBuilding CXX object examples/CMakeFiles/t01_first_tree_static.dir/t01_build_your_first_tree.cpp.o[0m
[46.111s] [ 51%] [32mBuilding CXX object tests/CMakeFiles/behaviortree_cpp_test.dir/src/action_test_node.cpp.o[0m
[46.111s] [ 52%] [32mBuilding CXX object examples/CMakeFiles/t07_load_multiple_xml.dir/t07_load_multiple_xml.cpp.o[0m
[46.111s] [ 52%] [32mBuilding CXX object examples/CMakeFiles/t08_additional_node_args.dir/t08_additional_node_args.cpp.o[0m
[46.111s] [ 53%] [32mBuilding CXX object examples/CMakeFiles/t03_generic_ports.dir/t03_generic_ports.cpp.o[0m
[46.111s] [ 55%] [32mBuilding CXX object examples/CMakeFiles/t02_basic_ports.dir/t02_basic_ports.cpp.o[0m
[46.112s] [ 55%] [32mBuilding CXX object examples/CMakeFiles/t05_crossdoor.dir/t05_crossdoor.cpp.o[0m
[46.112s] [ 55%] [32mBuilding CXX object examples/CMakeFiles/t06_subtree_port_remapping.dir/t06_subtree_port_remapping.cpp.o[0m
[46.113s] [ 56%] [32mBuilding CXX object examples/CMakeFiles/t12_default_ports.dir/t12_default_ports.cpp.o[0m
[46.113s] [ 55%] [32mBuilding CXX object examples/CMakeFiles/t10_observer.dir/t10_observer.cpp.o[0m
[46.113s] [ 57%] [32mBuilding CXX object examples/CMakeFiles/t13_access_by_ref.dir/t13_access_by_ref.cpp.o[0m
[46.116s] [ 59%] [32mBuilding CXX object examples/CMakeFiles/t14_subtree_model.dir/t14_subtree_model.cpp.o[0m
[46.117s] [ 59%] [32mBuilding CXX object examples/CMakeFiles/t09_scripting.dir/t09_scripting.cpp.o[0m
[46.119s] [ 59%] [32mBuilding CXX object examples/CMakeFiles/t15_nodes_mocking.dir/t15_nodes_mocking.cpp.o[0m
[51.218s] [ 60%] [32mBuilding CXX object tests/CMakeFiles/behaviortree_cpp_test.dir/src/condition_test_node.cpp.o[0m
[51.251s] [ 61%] [32m[1mLinking CXX executable t14_subtree_model[0m
[51.430s] [ 61%] Built target t14_subtree_model
[51.443s] [ 61%] [32mBuilding CXX object tests/CMakeFiles/behaviortree_cpp_test.dir/gtest_any.cpp.o[0m
[51.770s] [ 62%] [32m[1mLinking CXX executable t10_observer[0m
[52.061s] [ 63%] [32m[1mLinking CXX executable t07_load_multiple_xml[0m
[52.248s] [ 63%] Built target t07_load_multiple_xml
[52.263s] [ 64%] [32mBuilding CXX object tests/CMakeFiles/behaviortree_cpp_test.dir/gtest_blackboard.cpp.o[0m
[52.417s] [ 64%] Built target t10_observer
[52.452s] [ 65%] [32mBuilding CXX object examples/CMakeFiles/t16_global_blackboard.dir/t16_global_blackboard.cpp.o[0m
[52.470s] [ 66%] [32m[1mLinking CXX executable t05_crossdoor[0m
[52.472s] [ 67%] [32m[1mLinking CXX executable t15_nodes_mocking[0m
[52.671s] [ 67%] Built target t15_nodes_mocking
[52.684s] [ 68%] [32mBuilding CXX object tests/CMakeFiles/behaviortree_cpp_test.dir/gtest_coroutines.cpp.o[0m
[52.707s] [ 68%] Built target t05_crossdoor
[52.758s] [ 68%] [32mBuilding CXX object examples/CMakeFiles/t17_blackboard_backup.dir/t17_blackboard_backup.cpp.o[0m
[53.691s] [ 68%] [32m[1mLinking CXX executable t13_access_by_ref[0m
[53.897s] [ 68%] Built target t13_access_by_ref
[53.942s] [ 69%] [32mBuilding CXX object examples/CMakeFiles/t18_waypoints.dir/t18_waypoints.cpp.o[0m
[57.058s] [ 70%] [32m[1mLinking CXX executable t03_generic_ports[0m
[57.231s] [ 70%] Built target t03_generic_ports
[57.245s] [ 71%] [32mBuilding CXX object tests/CMakeFiles/behaviortree_cpp_test.dir/gtest_decorator.cpp.o[0m
[57.313s] [ 72%] [32m[1mLinking CXX executable t06_subtree_port_remapping[0m
[57.507s] [ 72%] Built target t06_subtree_port_remapping
[57.521s] [ 72%] [32mBuilding CXX object tests/CMakeFiles/behaviortree_cpp_test.dir/gtest_enums.cpp.o[0m
[57.725s] [ 73%] [32m[1mLinking CXX executable t12_default_ports[0m
[57.918s] [ 73%] Built target t12_default_ports
[57.931s] [ 74%] [32mBuilding CXX object tests/CMakeFiles/behaviortree_cpp_test.dir/gtest_factory.cpp.o[0m
[58.214s] [ 75%] [32mBuilding CXX object examples/CMakeFiles/ex01_wrap_legacy.dir/ex01_wrap_legacy.cpp.o[0m
[58.237s] [ 75%] [32mBuilding CXX object examples/CMakeFiles/ex02_runtime_ports.dir/ex02_runtime_ports.cpp.o[0m
[59.201s] [ 76%] [32m[1mLinking CXX executable t08_additional_node_args[0m
[59.381s] [ 76%] Built target t08_additional_node_args
[59.398s] [ 77%] [32mBuilding CXX object tests/CMakeFiles/behaviortree_cpp_test.dir/gtest_fallback.cpp.o[0m
[60.039s] [ 78%] [32m[1mLinking CXX executable t16_global_blackboard[0m
[60.226s] [ 78%] Built target t16_global_blackboard
[60.241s] [ 78%] [32mBuilding CXX object tests/CMakeFiles/behaviortree_cpp_test.dir/gtest_parallel.cpp.o[0m
[60.591s] [ 79%] [32m[1mLinking CXX executable t17_blackboard_backup[0m
[60.792s] [ 79%] Built target t17_blackboard_backup
[60.836s] [ 80%] [32mBuilding CXX object examples/CMakeFiles/ex03_sqlite_log.dir/ex03_sqlite_log.cpp.o[0m
[62.974s] [ 81%] [32m[1mLinking CXX executable t18_waypoints[0m
[63.155s] [ 81%] Built target t18_waypoints
[63.172s] [ 82%] [32mBuilding CXX object tests/CMakeFiles/behaviortree_cpp_test.dir/gtest_preconditions.cpp.o[0m
[65.654s] [ 83%] [32m[1mLinking CXX executable ex02_runtime_ports[0m
[65.837s] [ 83%] Built target ex02_runtime_ports
[65.850s] [ 84%] [32mBuilding CXX object tests/CMakeFiles/behaviortree_cpp_test.dir/gtest_ports.cpp.o[0m
[66.533s] [ 85%] [32mBuilding CXX object tests/CMakeFiles/behaviortree_cpp_test.dir/gtest_postconditions.cpp.o[0m
[66.702s] [ 85%] [32m[1mLinking CXX executable t11_groot_howto[0m
[66.891s] [ 85%] Built target t11_groot_howto
[66.992s] [ 85%] [32mBuilding CXX object tests/CMakeFiles/behaviortree_cpp_test.dir/gtest_match.cpp.o[0m
[68.252s] [ 86%] [32m[1mLinking CXX executable ex01_wrap_legacy[0m
[68.429s] [ 86%] Built target ex01_wrap_legacy
[68.441s] [ 87%] [32mBuilding CXX object tests/CMakeFiles/behaviortree_cpp_test.dir/gtest_json.cpp.o[0m
[68.776s] [ 88%] [32mBuilding CXX object tests/CMakeFiles/behaviortree_cpp_test.dir/gtest_reactive.cpp.o[0m
[69.148s] [ 89%] [32m[1mLinking CXX executable t04_reactive_sequence[0m
[69.334s] [ 89%] Built target t04_reactive_sequence
[69.351s] [ 90%] [32mBuilding CXX object tests/CMakeFiles/behaviortree_cpp_test.dir/gtest_reactive_backchaining.cpp.o[0m
[69.557s] [ 90%] [32mBuilding CXX object tests/CMakeFiles/behaviortree_cpp_test.dir/gtest_sequence.cpp.o[0m
[71.276s] [ 91%] [32m[1mLinking CXX executable ex03_sqlite_log[0m
[71.477s] [ 91%] Built target ex03_sqlite_log
[71.492s] [ 92%] [32mBuilding CXX object tests/CMakeFiles/behaviortree_cpp_test.dir/gtest_skipping.cpp.o[0m
[72.166s] [ 93%] [32m[1mLinking CXX executable t02_basic_ports[0m
[72.352s] [ 93%] Built target t02_basic_ports
[72.367s] [ 94%] [32mBuilding CXX object tests/CMakeFiles/behaviortree_cpp_test.dir/gtest_substitution.cpp.o[0m
[72.485s] [ 95%] [32m[1mLinking CXX executable t01_first_tree_static[0m
[72.756s] [ 95%] [32m[1mLinking CXX executable t09_scripting[0m
[72.939s] [ 95%] Built target t09_scripting
[72.952s] [ 95%] [32mBuilding CXX object tests/CMakeFiles/behaviortree_cpp_test.dir/gtest_subtree.cpp.o[0m
[73.173s] [ 95%] Built target t01_first_tree_static
[73.187s] [ 96%] [32mBuilding CXX object tests/CMakeFiles/behaviortree_cpp_test.dir/gtest_switch.cpp.o[0m
[75.419s] [ 97%] [32mBuilding CXX object tests/CMakeFiles/behaviortree_cpp_test.dir/gtest_tree.cpp.o[0m
[78.193s] [ 98%] [32mBuilding CXX object tests/CMakeFiles/behaviortree_cpp_test.dir/gtest_updates.cpp.o[0m
[79.720s] [ 98%] [32mBuilding CXX object tests/CMakeFiles/behaviortree_cpp_test.dir/gtest_wakeup.cpp.o[0m
[81.537s] [ 99%] [32mBuilding CXX object tests/CMakeFiles/behaviortree_cpp_test.dir/script_parser_test.cpp.o[0m
[101.322s] [100%] [32m[1mLinking CXX executable behaviortree_cpp_test[0m
[101.499s] [100%] Built target behaviortree_cpp_test
