[0.013s] Invoking command in '/home/frida/bt_ascend/build/btcpp_ros2_samples': AMENT_PREFIX_PATH=/home/frida/bt_ascend/install/behaviortree_ros2:/home/frida/bt_ascend/install/btcpp_ros2_interfaces:/home/frida/bt_ascend/install/behaviortree_cpp:${AMENT_PREFIX_PATH} CMAKE_PREFIX_PATH=/home/frida/bt_ascend/install/behaviortree_ros2:/home/frida/bt_ascend/install/btcpp_ros2_interfaces:/home/frida/bt_ascend/install/behaviortree_cpp:/home/frida/ros2_ws/install/behaviortree_ros2:/home/frida/ros2_ws/install/btcpp_ros2_interfaces:/home/frida/ros2_ws/install/behaviortree_cpp:/home/frida/ros_tut/install/robot_cont:/opt/ros/humble LD_LIBRARY_PATH=/home/frida/bt_ascend/install/behaviortree_ros2/lib:/home/frida/bt_ascend/install/btcpp_ros2_interfaces/lib:/home/frida/bt_ascend/install/behaviortree_cpp/lib:${LD_LIBRARY_PATH} PATH=/home/frida/bt_ascend/install/behaviortree_cpp/bin:${PATH} PYTHONPATH=/home/frida/bt_ascend/install/btcpp_ros2_interfaces/local/lib/python3.10/dist-packages:${PYTHONPATH} /usr/bin/cmake --build /home/frida/bt_ascend/build/btcpp_ros2_samples -- -j16 -l16
[0.052s] [35m[1mConsolidate compiler generated dependencies of target sample_bt_executor[0m
[0.052s] [35m[1mConsolidate compiler generated dependencies of target sleep_server[0m
[0.052s] [35m[1mConsolidate compiler generated dependencies of target sleep_client[0m
[0.054s] [35m[1mConsolidate compiler generated dependencies of target sleep_plugin[0m
[0.055s] [35m[1mConsolidate compiler generated dependencies of target subscriber_test[0m
[0.055s] [35m[1mConsolidate compiler generated dependencies of target bool_server[0m
[0.055s] [35m[1mConsolidate compiler generated dependencies of target bool_client[0m
[0.067s] [ 11%] Built target bool_server
[0.069s] [ 22%] Built target sample_bt_executor
[0.070s] [ 33%] Built target sleep_server
[0.071s] [ 50%] Built target sleep_client
[0.075s] [ 61%] Built target sleep_plugin
[0.080s] [ 72%] Built target subscriber_test
[0.081s] [ 88%] Built target bool_client
[0.086s] [35m[1mConsolidate compiler generated dependencies of target sleep_client_dyn[0m
[0.106s] [100%] Built target sleep_client_dyn
[0.117s] Invoked command in '/home/frida/bt_ascend/build/btcpp_ros2_samples' returned '0': AMENT_PREFIX_PATH=/home/frida/bt_ascend/install/behaviortree_ros2:/home/frida/bt_ascend/install/btcpp_ros2_interfaces:/home/frida/bt_ascend/install/behaviortree_cpp:${AMENT_PREFIX_PATH} CMAKE_PREFIX_PATH=/home/frida/bt_ascend/install/behaviortree_ros2:/home/frida/bt_ascend/install/btcpp_ros2_interfaces:/home/frida/bt_ascend/install/behaviortree_cpp:/home/frida/ros2_ws/install/behaviortree_ros2:/home/frida/ros2_ws/install/btcpp_ros2_interfaces:/home/frida/ros2_ws/install/behaviortree_cpp:/home/frida/ros_tut/install/robot_cont:/opt/ros/humble LD_LIBRARY_PATH=/home/frida/bt_ascend/install/behaviortree_ros2/lib:/home/frida/bt_ascend/install/btcpp_ros2_interfaces/lib:/home/frida/bt_ascend/install/behaviortree_cpp/lib:${LD_LIBRARY_PATH} PATH=/home/frida/bt_ascend/install/behaviortree_cpp/bin:${PATH} PYTHONPATH=/home/frida/bt_ascend/install/btcpp_ros2_interfaces/local/lib/python3.10/dist-packages:${PYTHONPATH} /usr/bin/cmake --build /home/frida/bt_ascend/build/btcpp_ros2_samples -- -j16 -l16
[0.119s] Invoking command in '/home/frida/bt_ascend/build/btcpp_ros2_samples': AMENT_PREFIX_PATH=/home/frida/bt_ascend/install/behaviortree_ros2:/home/frida/bt_ascend/install/btcpp_ros2_interfaces:/home/frida/bt_ascend/install/behaviortree_cpp:${AMENT_PREFIX_PATH} CMAKE_PREFIX_PATH=/home/frida/bt_ascend/install/behaviortree_ros2:/home/frida/bt_ascend/install/btcpp_ros2_interfaces:/home/frida/bt_ascend/install/behaviortree_cpp:/home/frida/ros2_ws/install/behaviortree_ros2:/home/frida/ros2_ws/install/btcpp_ros2_interfaces:/home/frida/ros2_ws/install/behaviortree_cpp:/home/frida/ros_tut/install/robot_cont:/opt/ros/humble LD_LIBRARY_PATH=/home/frida/bt_ascend/install/behaviortree_ros2/lib:/home/frida/bt_ascend/install/btcpp_ros2_interfaces/lib:/home/frida/bt_ascend/install/behaviortree_cpp/lib:${LD_LIBRARY_PATH} PATH=/home/frida/bt_ascend/install/behaviortree_cpp/bin:${PATH} PYTHONPATH=/home/frida/bt_ascend/install/btcpp_ros2_interfaces/local/lib/python3.10/dist-packages:${PYTHONPATH} /usr/bin/cmake --install /home/frida/bt_ascend/build/btcpp_ros2_samples
[0.124s] -- Install configuration: ""
[0.124s] -- Up-to-date: /home/frida/bt_ascend/install/btcpp_ros2_samples/lib/btcpp_ros2_samples/sleep_client
[0.125s] -- Up-to-date: /home/frida/bt_ascend/install/btcpp_ros2_samples/lib/btcpp_ros2_samples/sleep_client_dyn
[0.125s] -- Up-to-date: /home/frida/bt_ascend/install/btcpp_ros2_samples/lib/btcpp_ros2_samples/sleep_server
[0.125s] -- Up-to-date: /home/frida/bt_ascend/install/btcpp_ros2_samples/lib/btcpp_ros2_samples/libsleep_plugin.so
[0.125s] -- Up-to-date: /home/frida/bt_ascend/install/btcpp_ros2_samples/lib/btcpp_ros2_samples/subscriber_test
[0.125s] -- Up-to-date: /home/frida/bt_ascend/install/btcpp_ros2_samples/lib/btcpp_ros2_samples/sample_bt_executor
[0.125s] -- Up-to-date: /home/frida/bt_ascend/install/btcpp_ros2_samples/lib/btcpp_ros2_samples/bool_client
[0.125s] -- Up-to-date: /home/frida/bt_ascend/install/btcpp_ros2_samples/lib/btcpp_ros2_samples/bool_server
[0.125s] -- Up-to-date: /home/frida/bt_ascend/install/btcpp_ros2_samples/share/btcpp_ros2_samples/bt_plugins/libsleep_plugin.so
[0.125s] -- Up-to-date: /home/frida/bt_ascend/install/btcpp_ros2_samples/share/btcpp_ros2_samples//behavior_trees
[0.125s] -- Up-to-date: /home/frida/bt_ascend/install/btcpp_ros2_samples/share/btcpp_ros2_samples//behavior_trees/door_closed.xml
[0.125s] -- Up-to-date: /home/frida/bt_ascend/install/btcpp_ros2_samples/share/btcpp_ros2_samples//behavior_trees/sleep_action.xml
[0.125s] -- Up-to-date: /home/frida/bt_ascend/install/btcpp_ros2_samples/share/btcpp_ros2_samples//behavior_trees/cross_door.xml
[0.126s] -- Up-to-date: /home/frida/bt_ascend/install/btcpp_ros2_samples/share/btcpp_ros2_samples//config
[0.126s] -- Up-to-date: /home/frida/bt_ascend/install/btcpp_ros2_samples/share/btcpp_ros2_samples//config/sample_bt_executor.yaml
[0.126s] -- Up-to-date: /home/frida/bt_ascend/install/btcpp_ros2_samples/share/btcpp_ros2_samples//launch
[0.126s] -- Up-to-date: /home/frida/bt_ascend/install/btcpp_ros2_samples/share/btcpp_ros2_samples//launch/sample_bt_executor.launch.xml
[0.126s] -- Up-to-date: /home/frida/bt_ascend/install/btcpp_ros2_samples/share/ament_index/resource_index/package_run_dependencies/btcpp_ros2_samples
[0.126s] -- Up-to-date: /home/frida/bt_ascend/install/btcpp_ros2_samples/share/ament_index/resource_index/parent_prefix_path/btcpp_ros2_samples
[0.126s] -- Up-to-date: /home/frida/bt_ascend/install/btcpp_ros2_samples/share/btcpp_ros2_samples/environment/ament_prefix_path.sh
[0.126s] -- Up-to-date: /home/frida/bt_ascend/install/btcpp_ros2_samples/share/btcpp_ros2_samples/environment/ament_prefix_path.dsv
[0.126s] -- Up-to-date: /home/frida/bt_ascend/install/btcpp_ros2_samples/share/btcpp_ros2_samples/environment/path.sh
[0.126s] -- Up-to-date: /home/frida/bt_ascend/install/btcpp_ros2_samples/share/btcpp_ros2_samples/environment/path.dsv
[0.126s] -- Up-to-date: /home/frida/bt_ascend/install/btcpp_ros2_samples/share/btcpp_ros2_samples/local_setup.bash
[0.126s] -- Up-to-date: /home/frida/bt_ascend/install/btcpp_ros2_samples/share/btcpp_ros2_samples/local_setup.sh
[0.126s] -- Up-to-date: /home/frida/bt_ascend/install/btcpp_ros2_samples/share/btcpp_ros2_samples/local_setup.zsh
[0.126s] -- Up-to-date: /home/frida/bt_ascend/install/btcpp_ros2_samples/share/btcpp_ros2_samples/local_setup.dsv
[0.126s] -- Installing: /home/frida/bt_ascend/install/btcpp_ros2_samples/share/btcpp_ros2_samples/package.dsv
[0.126s] -- Up-to-date: /home/frida/bt_ascend/install/btcpp_ros2_samples/share/ament_index/resource_index/packages/btcpp_ros2_samples
[0.126s] -- Up-to-date: /home/frida/bt_ascend/install/btcpp_ros2_samples/share/btcpp_ros2_samples/cmake/ament_cmake_export_dependencies-extras.cmake
[0.126s] -- Up-to-date: /home/frida/bt_ascend/install/btcpp_ros2_samples/share/btcpp_ros2_samples/cmake/btcpp_ros2_samplesConfig.cmake
[0.126s] -- Up-to-date: /home/frida/bt_ascend/install/btcpp_ros2_samples/share/btcpp_ros2_samples/cmake/btcpp_ros2_samplesConfig-version.cmake
[0.126s] -- Up-to-date: /home/frida/bt_ascend/install/btcpp_ros2_samples/share/btcpp_ros2_samples/package.xml
[0.128s] Invoked command in '/home/frida/bt_ascend/build/btcpp_ros2_samples' returned '0': AMENT_PREFIX_PATH=/home/frida/bt_ascend/install/behaviortree_ros2:/home/frida/bt_ascend/install/btcpp_ros2_interfaces:/home/frida/bt_ascend/install/behaviortree_cpp:${AMENT_PREFIX_PATH} CMAKE_PREFIX_PATH=/home/frida/bt_ascend/install/behaviortree_ros2:/home/frida/bt_ascend/install/btcpp_ros2_interfaces:/home/frida/bt_ascend/install/behaviortree_cpp:/home/frida/ros2_ws/install/behaviortree_ros2:/home/frida/ros2_ws/install/btcpp_ros2_interfaces:/home/frida/ros2_ws/install/behaviortree_cpp:/home/frida/ros_tut/install/robot_cont:/opt/ros/humble LD_LIBRARY_PATH=/home/frida/bt_ascend/install/behaviortree_ros2/lib:/home/frida/bt_ascend/install/btcpp_ros2_interfaces/lib:/home/frida/bt_ascend/install/behaviortree_cpp/lib:${LD_LIBRARY_PATH} PATH=/home/frida/bt_ascend/install/behaviortree_cpp/bin:${PATH} PYTHONPATH=/home/frida/bt_ascend/install/btcpp_ros2_interfaces/local/lib/python3.10/dist-packages:${PYTHONPATH} /usr/bin/cmake --install /home/frida/bt_ascend/build/btcpp_ros2_samples
