[0.014s] Invoking command in '/home/frida/bt_ascend/build/the_tree': CMAKE_PREFIX_PATH=/home/frida/bt_ascend/install/behaviortree_ros2:/home/frida/bt_ascend/install/btcpp_ros2_interfaces:/home/frida/bt_ascend/install/behaviortree_cpp:/home/frida/bt_ascend/install/btcpp_ros2_samples:/home/frida/ros2_ws/install/behaviortree_ros2:/home/frida/ros2_ws/install/btcpp_ros2_interfaces:/home/frida/ros2_ws/install/behaviortree_cpp:/home/frida/ros_tut/install/robot_cont:/opt/ros/humble LD_LIBRARY_PATH=/home/frida/bt_ascend/install/btcpp_ros2_interfaces/lib:/home/frida/bt_ascend/install/behaviortree_cpp/lib:/home/frida/bt_ascend/install/behaviortree_ros2/lib:/home/frida/ros2_ws/install/behaviortree_ros2/lib:/home/frida/ros2_ws/install/btcpp_ros2_interfaces/lib:/home/frida/ros2_ws/install/behaviortree_cpp/lib:/usr/lib/x86_64-linux-gnu/gazebo-11/plugins:/opt/ros/humble/opt/rviz_ogre_vendor/lib:/opt/ros/humble/lib/x86_64-linux-gnu:/opt/ros/humble/lib /usr/bin/cmake /home/frida/bt_ascend/src/the_tree -DCMAKE_INSTALL_PREFIX=/home/frida/bt_ascend/install/the_tree
[0.026s] -- Found ament_cmake: 1.3.11 (/opt/ros/humble/share/ament_cmake/cmake)
[0.131s] -- Found rclcpp: 16.0.11 (/opt/ros/humble/share/rclcpp/cmake)
[0.152s] -- Found rosidl_generator_c: 3.1.6 (/opt/ros/humble/share/rosidl_generator_c/cmake)
[0.154s] -- Found rosidl_adapter: 3.1.6 (/opt/ros/humble/share/rosidl_adapter/cmake)
[0.158s] -- Found rosidl_generator_cpp: 3.1.6 (/opt/ros/humble/share/rosidl_generator_cpp/cmake)
[0.165s] -- Using all available rosidl_typesupport_c: rosidl_typesupport_fastrtps_c;rosidl_typesupport_introspection_c
[0.174s] -- Using all available rosidl_typesupport_cpp: rosidl_typesupport_fastrtps_cpp;rosidl_typesupport_introspection_cpp
[0.195s] -- Found rmw_implementation_cmake: 6.1.2 (/opt/ros/humble/share/rmw_implementation_cmake/cmake)
[0.196s] -- Found rmw_fastrtps_cpp: 6.2.7 (/opt/ros/humble/share/rmw_fastrtps_cpp/cmake)
[0.270s] -- Using RMW implementation 'rmw_fastrtps_cpp' as default
[0.301s] -- Found behaviortree_cpp: 4.6.2 (/home/frida/bt_ascend/install/behaviortree_cpp/share/behaviortree_cpp/cmake)
[0.303s] -- Found behaviortree_ros2: 0.2.0 (/home/frida/bt_ascend/install/behaviortree_ros2/share/behaviortree_ros2/cmake)
[0.333s] -- Found parameter_traits: 0.3.9 (/opt/ros/humble/share/parameter_traits/cmake)
[0.337s] -- Found rclcpp_lifecycle: 16.0.11 (/opt/ros/humble/share/rclcpp_lifecycle/cmake)
[0.349s] -- Found geometry_msgs: 4.2.4 (/opt/ros/humble/share/geometry_msgs/cmake)
[0.356s] -- Configuring incomplete, errors occurred!
[0.357s] See also "/home/frida/bt_ascend/build/the_tree/CMakeFiles/CMakeOutput.log".
[0.357s] [31mCMake Error at CMakeLists.txt:15 (target_link_libraries):
[0.357s]   Cannot specify link libraries for target "geometry_msgs::geometry_msgs"
[0.357s]   which is not built by this project.
[0.357s] 
[0.357s] [0m
[0.361s] Invoked command in '/home/frida/bt_ascend/build/the_tree' returned '1': CMAKE_PREFIX_PATH=/home/frida/bt_ascend/install/behaviortree_ros2:/home/frida/bt_ascend/install/btcpp_ros2_interfaces:/home/frida/bt_ascend/install/behaviortree_cpp:/home/frida/bt_ascend/install/btcpp_ros2_samples:/home/frida/ros2_ws/install/behaviortree_ros2:/home/frida/ros2_ws/install/btcpp_ros2_interfaces:/home/frida/ros2_ws/install/behaviortree_cpp:/home/frida/ros_tut/install/robot_cont:/opt/ros/humble LD_LIBRARY_PATH=/home/frida/bt_ascend/install/btcpp_ros2_interfaces/lib:/home/frida/bt_ascend/install/behaviortree_cpp/lib:/home/frida/bt_ascend/install/behaviortree_ros2/lib:/home/frida/ros2_ws/install/behaviortree_ros2/lib:/home/frida/ros2_ws/install/btcpp_ros2_interfaces/lib:/home/frida/ros2_ws/install/behaviortree_cpp/lib:/usr/lib/x86_64-linux-gnu/gazebo-11/plugins:/opt/ros/humble/opt/rviz_ogre_vendor/lib:/opt/ros/humble/lib/x86_64-linux-gnu:/opt/ros/humble/lib /usr/bin/cmake /home/frida/bt_ascend/src/the_tree -DCMAKE_INSTALL_PREFIX=/home/frida/bt_ascend/install/the_tree
