-- The C compiler identification is GNU 11.4.0
-- The CXX compiler identification is GNU 11.4.0
-- Detecting C compiler ABI info
-- Detecting C compiler ABI info - done
-- Check for working C compiler: /usr/bin/cc - skipped
-- Detecting C compile features
-- Detecting C compile features - done
-- Detecting CXX compiler ABI info
-- Detecting CXX compiler ABI info - done
-- Check for working CXX compiler: /usr/bin/c++ - skipped
-- Detecting CXX compile features
-- Detecting CXX compile features - done
-- Setting build type to 'Release' as none was specified.
-- Looking for pthread.h
-- Looking for pthread.h - found
-- Performing Test CMAKE_HAVE_LIBC_PTHREAD
-- Performing Test CMAKE_HAVE_LIBC_PTHREAD - Success
-- Found Threads: TRUE  
-- ------------------------------------------
-- BehaviourTree is being built with conan.
-- ------------------------------------------
-- Found ZeroMQ: /usr/lib/x86_64-linux-gnu/libzmq.so  
-- ZeroMQ_LIBRARIES: /usr/lib/x86_64-linux-gnu/libzmq.so
-- Found SQLite3: /usr/include (found version "3.37.2") 
-- SQLite3_LIBRARIES: /usr/lib/x86_64-linux-gnu/libsqlite3.so
-- BTCPP_EXTRA_LIBRARIES: /usr/lib/x86_64-linux-gnu/libzmq.so;/usr/lib/x86_64-linux-gnu/libsqlite3.so
-- BTCPP_LIB_DESTINATION:   lib 
-- BTCPP_INCLUDE_DESTINATION: include 
-- BTCPP_UNIT_TESTS:   ON 
-- Found GTest: /usr/lib/x86_64-linux-gnu/cmake/GTest/GTestConfig.cmake (found version "1.11.0")  
-- Configuring done
-- Generating done
[33mCMake Warning:
  Manually-specified variables were not used by the project:

    CATKIN_INSTALL_INTO_PREFIX_ROOT

[0m
-- Build files have been written to: /home/larsandre/Documents/ascend/IARC10_Autonomy/build/behaviortree_cpp
