[0.009s] Invoking command in '/home/larsandre/Documents/ascend/IARC10_Autonomy/build/behaviortree_cpp': /usr/bin/cmake /home/larsandre/Documents/ascend/IARC10_Autonomy/src/BehaviorTree.CPP -DCATKIN_INSTALL_INTO_PREFIX_ROOT=0 -DCMAKE_INSTALL_PREFIX=/home/larsandre/Documents/ascend/IARC10_Autonomy/install/behaviortree_cpp
[0.050s] -- The C compiler identification is GNU 11.4.0
[0.093s] -- The CXX compiler identification is GNU 11.4.0
[0.099s] -- Detecting C compiler ABI info
[0.152s] -- Detecting C compiler ABI info - done
[0.157s] -- Check for working C compiler: /usr/bin/cc - skipped
[0.157s] -- Detecting C compile features
[0.158s] -- Detecting C compile features - done
[0.160s] -- Detecting CXX compiler ABI info
[0.223s] -- Detecting CXX compiler ABI info - done
[0.228s] -- Check for working CXX compiler: /usr/bin/c++ - skipped
[0.229s] -- Detecting CXX compile features
[0.229s] -- Detecting CXX compile features - done
[0.229s] -- Setting build type to 'Release' as none was specified.
[0.230s] -- Looking for pthread.h
[0.288s] -- Looking for pthread.h - found
[0.288s] -- Performing Test CMAKE_HAVE_LIBC_PTHREAD
[0.350s] -- Performing Test CMAKE_HAVE_LIBC_PTHREAD - Success
[0.350s] -- Found Threads: TRUE  
[0.362s] -- ------------------------------------------
[0.362s] -- BehaviourTree is being built with conan.
[0.362s] -- ------------------------------------------
[0.369s] -- Found ZeroMQ: /usr/lib/x86_64-linux-gnu/libzmq.so  
[0.370s] -- ZeroMQ_LIBRARIES: /usr/lib/x86_64-linux-gnu/libzmq.so
[0.371s] -- Found SQLite3: /usr/include (found version "3.37.2") 
[0.371s] -- SQLite3_LIBRARIES: /usr/lib/x86_64-linux-gnu/libsqlite3.so
[0.376s] -- BTCPP_EXTRA_LIBRARIES: /usr/lib/x86_64-linux-gnu/libzmq.so;/usr/lib/x86_64-linux-gnu/libsqlite3.so
[0.376s] -- BTCPP_LIB_DESTINATION:   lib 
[0.376s] -- BTCPP_INCLUDE_DESTINATION: include 
[0.376s] -- BTCPP_UNIT_TESTS:   ON 
[0.381s] -- Found GTest: /usr/lib/x86_64-linux-gnu/cmake/GTest/GTestConfig.cmake (found version "1.11.0")  
[0.384s] -- Configuring done
[0.440s] -- Generating done
[0.442s] [33mCMake Warning:
[0.442s]   Manually-specified variables were not used by the project:
[0.443s] 
[0.443s]     CATKIN_INSTALL_INTO_PREFIX_ROOT
[0.443s] 
[0.443s] [0m
[0.451s] -- Build files have been written to: /home/larsandre/Documents/ascend/IARC10_Autonomy/build/behaviortree_cpp
