[0.009s] Invoking command in '/home/larsandre/Documents/ascend/IARC10_Autonomy/build/btcpp_ros2_interfaces': /usr/bin/cmake /home/larsandre/Documents/ascend/IARC10_Autonomy/src/BehaviorTree.ROS2/btcpp_ros2_interfaces -DCMAKE_INSTALL_PREFIX=/home/larsandre/Documents/ascend/IARC10_Autonomy/install/btcpp_ros2_interfaces
[0.047s] -- The C compiler identification is GNU 11.4.0
[0.090s] -- The CXX compiler identification is GNU 11.4.0
[0.096s] -- Detecting C compiler ABI info
[0.149s] -- Detecting C compiler ABI info - done
[0.154s] -- Check for working C compiler: /usr/bin/cc - skipped
[0.154s] -- Detecting C compile features
[0.154s] -- Detecting C compile features - done
[0.157s] -- Detecting CXX compiler ABI info
[0.220s] -- Detecting CXX compiler ABI info - done
[0.225s] -- Check for working CXX compiler: /usr/bin/c++ - skipped
[0.225s] -- Detecting CXX compile features
[0.225s] -- Detecting CXX compile features - done
[0.238s] [31mCMake Error at CMakeLists.txt:7 (find_package):
[0.238s]   By not providing "Findament_cmake.cmake" in CMAKE_MODULE_PATH this project
[0.239s]   has asked CMake to find a package configuration file provided by
[0.239s]   "ament_cmake", but CMake did not find one.
[0.239s] 
[0.239s]   Could not find a package configuration file provided by "ament_cmake" with
[0.239s]   any of the following names:
[0.239s] 
[0.239s]     ament_cmakeConfig.cmake
[0.239s]     ament_cmake-config.cmake
[0.239s] 
[0.239s]   Add the installation prefix of "ament_cmake" to CMAKE_PREFIX_PATH or set
[0.239s]   "ament_cmake_DIR" to a directory containing one of the above files.  If
[0.239s]   "ament_cmake" provides a separate development package or SDK, be sure it
[0.239s]   has been installed.
[0.239s] 
[0.239s] [0m
[0.239s] -- Configuring incomplete, errors occurred!
[0.239s] See also "/home/larsandre/Documents/ascend/IARC10_Autonomy/build/btcpp_ros2_interfaces/CMakeFiles/CMakeOutput.log".
