[0.011s] Invoking command in '/home/frida/bt_ascend/build/behaviortree_ros2': CMAKE_PREFIX_PATH=/home/frida/bt_ascend/install/btcpp_ros2_interfaces:/home/frida/bt_ascend/install/behaviortree_cpp:/home/frida/ros2_ws/install/behaviortree_ros2:/home/frida/ros2_ws/install/btcpp_ros2_interfaces:/home/frida/ros2_ws/install/behaviortree_cpp:/home/frida/bt_ascend/install/btcpp_ros2_samples:/home/frida/bt_ascend/install/behaviortree_ros2:/home/frida/ros_tut/install/robot_cont:/opt/ros/humble LD_LIBRARY_PATH=/home/frida/bt_ascend/install/btcpp_ros2_interfaces/lib:/home/frida/bt_ascend/install/behaviortree_cpp/lib:/home/frida/ros2_ws/install/behaviortree_ros2/lib:/home/frida/ros2_ws/install/btcpp_ros2_interfaces/lib:/home/frida/ros2_ws/install/behaviortree_cpp/lib:/home/frida/bt_ascend/install/behaviortree_ros2/lib:/usr/lib/x86_64-linux-gnu/gazebo-11/plugins:/opt/ros/humble/opt/rviz_ogre_vendor/lib:/opt/ros/humble/lib/x86_64-linux-gnu:/opt/ros/humble/lib PATH=/home/frida/bt_ascend/install/behaviortree_cpp/bin:/home/frida/ros2_ws/install/behaviortree_cpp/bin:/home/frida/.nvm/versions/node/v20.17.0/bin:/opt/ros/humble/bin:/usr/local/sbin:/usr/local/bin:/usr/sbin:/usr/bin:/sbin:/bin:/usr/games:/usr/local/games:/snap/bin:/snap/bin /usr/bin/cmake --build /home/frida/bt_ascend/build/behaviortree_ros2 -- -j16 -l16
[0.054s] [ 20%] Built target bt_executor_parameters
[0.087s] [100%] Built target behaviortree_ros2
[0.096s] Invoked command in '/home/frida/bt_ascend/build/behaviortree_ros2' returned '0': CMAKE_PREFIX_PATH=/home/frida/bt_ascend/install/btcpp_ros2_interfaces:/home/frida/bt_ascend/install/behaviortree_cpp:/home/frida/ros2_ws/install/behaviortree_ros2:/home/frida/ros2_ws/install/btcpp_ros2_interfaces:/home/frida/ros2_ws/install/behaviortree_cpp:/home/frida/bt_ascend/install/btcpp_ros2_samples:/home/frida/bt_ascend/install/behaviortree_ros2:/home/frida/ros_tut/install/robot_cont:/opt/ros/humble LD_LIBRARY_PATH=/home/frida/bt_ascend/install/btcpp_ros2_interfaces/lib:/home/frida/bt_ascend/install/behaviortree_cpp/lib:/home/frida/ros2_ws/install/behaviortree_ros2/lib:/home/frida/ros2_ws/install/btcpp_ros2_interfaces/lib:/home/frida/ros2_ws/install/behaviortree_cpp/lib:/home/frida/bt_ascend/install/behaviortree_ros2/lib:/usr/lib/x86_64-linux-gnu/gazebo-11/plugins:/opt/ros/humble/opt/rviz_ogre_vendor/lib:/opt/ros/humble/lib/x86_64-linux-gnu:/opt/ros/humble/lib PATH=/home/frida/bt_ascend/install/behaviortree_cpp/bin:/home/frida/ros2_ws/install/behaviortree_cpp/bin:/home/frida/.nvm/versions/node/v20.17.0/bin:/opt/ros/humble/bin:/usr/local/sbin:/usr/local/bin:/usr/sbin:/usr/bin:/sbin:/bin:/usr/games:/usr/local/games:/snap/bin:/snap/bin /usr/bin/cmake --build /home/frida/bt_ascend/build/behaviortree_ros2 -- -j16 -l16
[0.098s] Invoking command in '/home/frida/bt_ascend/build/behaviortree_ros2': CMAKE_PREFIX_PATH=/home/frida/bt_ascend/install/btcpp_ros2_interfaces:/home/frida/bt_ascend/install/behaviortree_cpp:/home/frida/ros2_ws/install/behaviortree_ros2:/home/frida/ros2_ws/install/btcpp_ros2_interfaces:/home/frida/ros2_ws/install/behaviortree_cpp:/home/frida/bt_ascend/install/btcpp_ros2_samples:/home/frida/bt_ascend/install/behaviortree_ros2:/home/frida/ros_tut/install/robot_cont:/opt/ros/humble LD_LIBRARY_PATH=/home/frida/bt_ascend/install/btcpp_ros2_interfaces/lib:/home/frida/bt_ascend/install/behaviortree_cpp/lib:/home/frida/ros2_ws/install/behaviortree_ros2/lib:/home/frida/ros2_ws/install/btcpp_ros2_interfaces/lib:/home/frida/ros2_ws/install/behaviortree_cpp/lib:/home/frida/bt_ascend/install/behaviortree_ros2/lib:/usr/lib/x86_64-linux-gnu/gazebo-11/plugins:/opt/ros/humble/opt/rviz_ogre_vendor/lib:/opt/ros/humble/lib/x86_64-linux-gnu:/opt/ros/humble/lib PATH=/home/frida/bt_ascend/install/behaviortree_cpp/bin:/home/frida/ros2_ws/install/behaviortree_cpp/bin:/home/frida/.nvm/versions/node/v20.17.0/bin:/opt/ros/humble/bin:/usr/local/sbin:/usr/local/bin:/usr/sbin:/usr/bin:/sbin:/bin:/usr/games:/usr/local/games:/snap/bin:/snap/bin /usr/bin/cmake --install /home/frida/bt_ascend/build/behaviortree_ros2
[0.102s] -- Install configuration: ""
[0.103s] -- Up-to-date: /home/frida/bt_ascend/install/behaviortree_ros2/include/bt_executor_parameters
[0.103s] -- Up-to-date: /home/frida/bt_ascend/install/behaviortree_ros2/include/bt_executor_parameters/bt_executor_parameters.hpp
[0.103s] -- Up-to-date: /home/frida/bt_ascend/install/behaviortree_ros2/include/
[0.103s] -- Up-to-date: /home/frida/bt_ascend/install/behaviortree_ros2/include//behaviortree_ros2
[0.103s] -- Up-to-date: /home/frida/bt_ascend/install/behaviortree_ros2/include//behaviortree_ros2/bt_service_node.hpp
[0.103s] -- Up-to-date: /home/frida/bt_ascend/install/behaviortree_ros2/include//behaviortree_ros2/bt_topic_pub_node.hpp
[0.103s] -- Up-to-date: /home/frida/bt_ascend/install/behaviortree_ros2/include//behaviortree_ros2/bt_utils.hpp
[0.103s] -- Up-to-date: /home/frida/bt_ascend/install/behaviortree_ros2/include//behaviortree_ros2/bt_action_node.hpp
[0.103s] -- Up-to-date: /home/frida/bt_ascend/install/behaviortree_ros2/include//behaviortree_ros2/tree_execution_server.hpp
[0.103s] -- Up-to-date: /home/frida/bt_ascend/install/behaviortree_ros2/include//behaviortree_ros2/ros_node_params.hpp
[0.103s] -- Up-to-date: /home/frida/bt_ascend/install/behaviortree_ros2/include//behaviortree_ros2/bt_topic_sub_node.hpp
[0.103s] -- Up-to-date: /home/frida/bt_ascend/install/behaviortree_ros2/include//behaviortree_ros2/plugins.hpp
[0.103s] -- Up-to-date: /home/frida/bt_ascend/install/behaviortree_ros2/share/behaviortree_ros2/environment/library_path.sh
[0.103s] -- Up-to-date: /home/frida/bt_ascend/install/behaviortree_ros2/share/behaviortree_ros2/environment/library_path.dsv
[0.103s] -- Up-to-date: /home/frida/bt_ascend/install/behaviortree_ros2/lib/libbehaviortree_ros2.a
[0.103s] -- Up-to-date: /home/frida/bt_ascend/install/behaviortree_ros2/share/ament_index/resource_index/package_run_dependencies/behaviortree_ros2
[0.103s] -- Up-to-date: /home/frida/bt_ascend/install/behaviortree_ros2/share/ament_index/resource_index/parent_prefix_path/behaviortree_ros2
[0.103s] -- Up-to-date: /home/frida/bt_ascend/install/behaviortree_ros2/share/behaviortree_ros2/environment/ament_prefix_path.sh
[0.103s] -- Up-to-date: /home/frida/bt_ascend/install/behaviortree_ros2/share/behaviortree_ros2/environment/ament_prefix_path.dsv
[0.103s] -- Up-to-date: /home/frida/bt_ascend/install/behaviortree_ros2/share/behaviortree_ros2/environment/path.sh
[0.103s] -- Up-to-date: /home/frida/bt_ascend/install/behaviortree_ros2/share/behaviortree_ros2/environment/path.dsv
[0.103s] -- Up-to-date: /home/frida/bt_ascend/install/behaviortree_ros2/share/behaviortree_ros2/local_setup.bash
[0.103s] -- Up-to-date: /home/frida/bt_ascend/install/behaviortree_ros2/share/behaviortree_ros2/local_setup.sh
[0.103s] -- Up-to-date: /home/frida/bt_ascend/install/behaviortree_ros2/share/behaviortree_ros2/local_setup.zsh
[0.103s] -- Up-to-date: /home/frida/bt_ascend/install/behaviortree_ros2/share/behaviortree_ros2/local_setup.dsv
[0.103s] -- Installing: /home/frida/bt_ascend/install/behaviortree_ros2/share/behaviortree_ros2/package.dsv
[0.103s] -- Up-to-date: /home/frida/bt_ascend/install/behaviortree_ros2/share/ament_index/resource_index/packages/behaviortree_ros2
[0.104s] -- Up-to-date: /home/frida/bt_ascend/install/behaviortree_ros2/share/behaviortree_ros2/cmake/behaviortree_ros2TargetsExport.cmake
[0.104s] -- Up-to-date: /home/frida/bt_ascend/install/behaviortree_ros2/share/behaviortree_ros2/cmake/behaviortree_ros2TargetsExport-noconfig.cmake
[0.104s] -- Up-to-date: /home/frida/bt_ascend/install/behaviortree_ros2/share/behaviortree_ros2/cmake/ament_cmake_export_targets-extras.cmake
[0.104s] -- Up-to-date: /home/frida/bt_ascend/install/behaviortree_ros2/share/behaviortree_ros2/cmake/ament_cmake_export_dependencies-extras.cmake
[0.104s] -- Up-to-date: /home/frida/bt_ascend/install/behaviortree_ros2/share/behaviortree_ros2/cmake/ament_cmake_export_include_directories-extras.cmake
[0.104s] -- Up-to-date: /home/frida/bt_ascend/install/behaviortree_ros2/share/behaviortree_ros2/cmake/ament_cmake_export_libraries-extras.cmake
[0.105s] -- Up-to-date: /home/frida/bt_ascend/install/behaviortree_ros2/share/behaviortree_ros2/cmake/behaviortree_ros2Config.cmake
[0.105s] -- Up-to-date: /home/frida/bt_ascend/install/behaviortree_ros2/share/behaviortree_ros2/cmake/behaviortree_ros2Config-version.cmake
[0.105s] -- Up-to-date: /home/frida/bt_ascend/install/behaviortree_ros2/share/behaviortree_ros2/package.xml
[0.105s] Invoked command in '/home/frida/bt_ascend/build/behaviortree_ros2' returned '0': CMAKE_PREFIX_PATH=/home/frida/bt_ascend/install/btcpp_ros2_interfaces:/home/frida/bt_ascend/install/behaviortree_cpp:/home/frida/ros2_ws/install/behaviortree_ros2:/home/frida/ros2_ws/install/btcpp_ros2_interfaces:/home/frida/ros2_ws/install/behaviortree_cpp:/home/frida/bt_ascend/install/btcpp_ros2_samples:/home/frida/bt_ascend/install/behaviortree_ros2:/home/frida/ros_tut/install/robot_cont:/opt/ros/humble LD_LIBRARY_PATH=/home/frida/bt_ascend/install/btcpp_ros2_interfaces/lib:/home/frida/bt_ascend/install/behaviortree_cpp/lib:/home/frida/ros2_ws/install/behaviortree_ros2/lib:/home/frida/ros2_ws/install/btcpp_ros2_interfaces/lib:/home/frida/ros2_ws/install/behaviortree_cpp/lib:/home/frida/bt_ascend/install/behaviortree_ros2/lib:/usr/lib/x86_64-linux-gnu/gazebo-11/plugins:/opt/ros/humble/opt/rviz_ogre_vendor/lib:/opt/ros/humble/lib/x86_64-linux-gnu:/opt/ros/humble/lib PATH=/home/frida/bt_ascend/install/behaviortree_cpp/bin:/home/frida/ros2_ws/install/behaviortree_cpp/bin:/home/frida/.nvm/versions/node/v20.17.0/bin:/opt/ros/humble/bin:/usr/local/sbin:/usr/local/bin:/usr/sbin:/usr/bin:/sbin:/bin:/usr/games:/usr/local/games:/snap/bin:/snap/bin /usr/bin/cmake --install /home/frida/bt_ascend/build/behaviortree_ros2
