[0.010s] Invoking command in '/home/larsandre/Documents/ascend/IARC10_Autonomy/build/bt_drone': /usr/bin/cmake /home/larsandre/Documents/ascend/IARC10_Autonomy/src/bt_drone -DCMAKE_INSTALL_PREFIX=/home/larsandre/Documents/ascend/IARC10_Autonomy/install/bt_drone
[0.160s] [31mCMake Error at CMakeLists.txt:21 (find_package):
[0.160s]   By not providing "Findament_cmake.cmake" in CMAKE_MODULE_PATH this project
[0.160s]   has asked CMake to find a package configuration file provided by
[0.160s]   "ament_cmake", but CMake did not find one.
[0.160s] 
[0.160s]   Could not find a package configuration file provided by "ament_cmake" with
[0.160s]   any of the following names:
[0.160s] 
[0.160s]     ament_cmakeConfig.cmake
[0.160s]     ament_cmake-config.cmake
[0.161s] 
[0.161s]   Add the installation prefix of "ament_cmake" to CMAKE_PREFIX_PATH or set
[0.161s]   "ament_cmake_DIR" to a directory containing one of the above files.  If
[0.161s]   "ament_cmake" provides a separate development package or SDK, be sure it
[0.161s]   has been installed.
[0.161s] 
[0.161s] [0m
[0.161s] -- Configuring incomplete, errors occurred!
[0.161s] See also "/home/larsandre/Documents/ascend/IARC10_Autonomy/build/bt_drone/CMakeFiles/CMakeOutput.log".
[0.162s] Invoked command in '/home/larsandre/Documents/ascend/IARC10_Autonomy/build/bt_drone' returned '1': /usr/bin/cmake /home/larsandre/Documents/ascend/IARC10_Autonomy/src/bt_drone -DCMAKE_INSTALL_PREFIX=/home/larsandre/Documents/ascend/IARC10_Autonomy/install/bt_drone
