[0.014s] Invoking command in '/home/larsandre/Documents/ascend/IARC10_Autonomy/build/btcpp_ros2_interfaces': CMAKE_PREFIX_PATH=/opt/ros/humble /usr/bin/cmake /home/larsandre/Documents/ascend/IARC10_Autonomy/src/BehaviorTree.ROS2/btcpp_ros2_interfaces -DCMAKE_INSTALL_PREFIX=/home/larsandre/Documents/ascend/IARC10_Autonomy/install/btcpp_ros2_interfaces
[0.025s] -- Found ament_cmake: 1.3.11 (/opt/ros/humble/share/ament_cmake/cmake)
[0.125s] [31mCMake Error at CMakeLists.txt:8 (find_package):
[0.125s]   By not providing "Findrosidl_default_generators.cmake" in CMAKE_MODULE_PATH
[0.125s]   this project has asked CMake to find a package configuration file provided
[0.125s]   by "rosidl_default_generators", but CMake did not find one.
[0.125s] 
[0.126s]   Could not find a package configuration file provided by
[0.126s]   "rosidl_default_generators" with any of the following names:
[0.126s] 
[0.126s]     rosidl_default_generatorsConfig.cmake
[0.126s]     rosidl_default_generators-config.cmake
[0.126s] 
[0.126s]   Add the installation prefix of "rosidl_default_generators" to
[0.126s]   CMAKE_PREFIX_PATH or set "rosidl_default_generators_DIR" to a directory
[0.126s]   containing one of the above files.  If "rosidl_default_generators" provides
[0.126s]   a separate development package or SDK, be sure it has been installed.
[0.126s] 
[0.126s] [0m
[0.126s] -- Configuring incomplete, errors occurred!
[0.126s] See also "/home/larsandre/Documents/ascend/IARC10_Autonomy/build/btcpp_ros2_interfaces/CMakeFiles/CMakeOutput.log".
[0.129s] Invoked command in '/home/larsandre/Documents/ascend/IARC10_Autonomy/build/btcpp_ros2_interfaces' returned '1': CMAKE_PREFIX_PATH=/opt/ros/humble /usr/bin/cmake /home/larsandre/Documents/ascend/IARC10_Autonomy/src/BehaviorTree.ROS2/btcpp_ros2_interfaces -DCMAKE_INSTALL_PREFIX=/home/larsandre/Documents/ascend/IARC10_Autonomy/install/btcpp_ros2_interfaces
