[0.012s] Invoking command in '/home/frida/bt_ascend/build/the_tree': CMAKE_PREFIX_PATH=/home/frida/bt_ascend/install/behaviortree_ros2:/home/frida/bt_ascend/install/btcpp_ros2_interfaces:/home/frida/bt_ascend/install/behaviortree_cpp:/home/frida/ros2_ws/install/behaviortree_ros2:/home/frida/ros2_ws/install/btcpp_ros2_interfaces:/home/frida/ros2_ws/install/behaviortree_cpp:/home/frida/bt_ascend/install/btcpp_ros2_samples:/home/frida/ros_tut/install/robot_cont:/opt/ros/humble LD_LIBRARY_PATH=/home/frida/bt_ascend/install/btcpp_ros2_interfaces/lib:/home/frida/bt_ascend/install/behaviortree_cpp/lib:/home/frida/ros2_ws/install/behaviortree_ros2/lib:/home/frida/ros2_ws/install/btcpp_ros2_interfaces/lib:/home/frida/ros2_ws/install/behaviortree_cpp/lib:/home/frida/bt_ascend/install/behaviortree_ros2/lib:/usr/lib/x86_64-linux-gnu/gazebo-11/plugins:/opt/ros/humble/opt/rviz_ogre_vendor/lib:/opt/ros/humble/lib/x86_64-linux-gnu:/opt/ros/humble/lib PATH=/home/frida/bt_ascend/install/behaviortree_cpp/bin:/home/frida/ros2_ws/install/behaviortree_cpp/bin:/home/frida/.nvm/versions/node/v20.17.0/bin:/opt/ros/humble/bin:/usr/local/sbin:/usr/local/bin:/usr/sbin:/usr/bin:/sbin:/bin:/usr/games:/usr/local/games:/snap/bin:/snap/bin /usr/bin/cmake /home/frida/bt_ascend/src/the_tree -DCMAKE_INSTALL_PREFIX=/home/frida/bt_ascend/install/the_tree
[0.020s] -- Found ament_cmake: 1.3.11 (/opt/ros/humble/share/ament_cmake/cmake)
[0.122s] -- Found rclcpp: 16.0.11 (/opt/ros/humble/share/rclcpp/cmake)
[0.142s] -- Found rosidl_generator_c: 3.1.6 (/opt/ros/humble/share/rosidl_generator_c/cmake)
[0.144s] -- Found rosidl_adapter: 3.1.6 (/opt/ros/humble/share/rosidl_adapter/cmake)
[0.148s] -- Found rosidl_generator_cpp: 3.1.6 (/opt/ros/humble/share/rosidl_generator_cpp/cmake)
[0.155s] -- Using all available rosidl_typesupport_c: rosidl_typesupport_fastrtps_c;rosidl_typesupport_introspection_c
[0.164s] -- Using all available rosidl_typesupport_cpp: rosidl_typesupport_fastrtps_cpp;rosidl_typesupport_introspection_cpp
[0.186s] -- Found rmw_implementation_cmake: 6.1.2 (/opt/ros/humble/share/rmw_implementation_cmake/cmake)
[0.187s] -- Found rmw_fastrtps_cpp: 6.2.7 (/opt/ros/humble/share/rmw_fastrtps_cpp/cmake)
[0.265s] -- Using RMW implementation 'rmw_fastrtps_cpp' as default
[0.296s] -- Found behaviortree_cpp: 4.6.2 (/home/frida/bt_ascend/install/behaviortree_cpp/share/behaviortree_cpp/cmake)
[0.298s] -- Found behaviortree_ros2: 0.2.0 (/home/frida/bt_ascend/install/behaviortree_ros2/share/behaviortree_ros2/cmake)
[0.328s] -- Found parameter_traits: 0.3.9 (/opt/ros/humble/share/parameter_traits/cmake)
[0.332s] -- Found rclcpp_lifecycle: 16.0.11 (/opt/ros/humble/share/rclcpp_lifecycle/cmake)
[0.343s] -- Found geometry_msgs: 4.2.4 (/opt/ros/humble/share/geometry_msgs/cmake)
[0.351s] -- Configuring incomplete, errors occurred!
[0.352s] See also "/home/frida/bt_ascend/build/the_tree/CMakeFiles/CMakeOutput.log".
[0.352s] [31mCMake Error at CMakeLists.txt:15 (target_link_libraries):
[0.352s]   Cannot specify link libraries for target "geometry_msgs::geometry_msgs"
[0.352s]   which is not built by this project.
[0.352s] 
[0.352s] [0m
[0.357s] Invoked command in '/home/frida/bt_ascend/build/the_tree' returned '1': CMAKE_PREFIX_PATH=/home/frida/bt_ascend/install/behaviortree_ros2:/home/frida/bt_ascend/install/btcpp_ros2_interfaces:/home/frida/bt_ascend/install/behaviortree_cpp:/home/frida/ros2_ws/install/behaviortree_ros2:/home/frida/ros2_ws/install/btcpp_ros2_interfaces:/home/frida/ros2_ws/install/behaviortree_cpp:/home/frida/bt_ascend/install/btcpp_ros2_samples:/home/frida/ros_tut/install/robot_cont:/opt/ros/humble LD_LIBRARY_PATH=/home/frida/bt_ascend/install/btcpp_ros2_interfaces/lib:/home/frida/bt_ascend/install/behaviortree_cpp/lib:/home/frida/ros2_ws/install/behaviortree_ros2/lib:/home/frida/ros2_ws/install/btcpp_ros2_interfaces/lib:/home/frida/ros2_ws/install/behaviortree_cpp/lib:/home/frida/bt_ascend/install/behaviortree_ros2/lib:/usr/lib/x86_64-linux-gnu/gazebo-11/plugins:/opt/ros/humble/opt/rviz_ogre_vendor/lib:/opt/ros/humble/lib/x86_64-linux-gnu:/opt/ros/humble/lib PATH=/home/frida/bt_ascend/install/behaviortree_cpp/bin:/home/frida/ros2_ws/install/behaviortree_cpp/bin:/home/frida/.nvm/versions/node/v20.17.0/bin:/opt/ros/humble/bin:/usr/local/sbin:/usr/local/bin:/usr/sbin:/usr/bin:/sbin:/bin:/usr/games:/usr/local/games:/snap/bin:/snap/bin /usr/bin/cmake /home/frida/bt_ascend/src/the_tree -DCMAKE_INSTALL_PREFIX=/home/frida/bt_ascend/install/the_tree
