[0.015s] Invoking command in '/home/larsandre/Documents/ascend/IARC10_Autonomy/build/behaviortree_ros2': CMAKE_PREFIX_PATH=/opt/ros/humble:/home/larsandre/Documents/ascend/IARC10_Autonomy/install/behaviortree_cpp LD_LIBRARY_PATH=/home/larsandre/Documents/ascend/IARC10_Autonomy/install/behaviortree_cpp/lib:${LD_LIBRARY_PATH} PATH=/home/larsandre/Documents/ascend/IARC10_Autonomy/install/behaviortree_cpp/bin:${PATH} PKG_CONFIG_PATH=/home/larsandre/Documents/ascend/IARC10_Autonomy/install/behaviortree_cpp/lib/x86_64-linux-gnu/pkgconfig:/home/larsandre/Documents/ascend/IARC10_Autonomy/install/behaviortree_cpp/lib/pkgconfig ROS_PACKAGE_PATH=/home/larsandre/Documents/ascend/IARC10_Autonomy/install/behaviortree_cpp/share /usr/bin/cmake /home/larsandre/Documents/ascend/IARC10_Autonomy/src/BehaviorTree.ROS2/behaviortree_ros2 -DCMAKE_INSTALL_PREFIX=/home/larsandre/Documents/ascend/IARC10_Autonomy/install/behaviortree_ros2
[0.057s] -- The C compiler identification is GNU 11.4.0
[0.099s] -- The CXX compiler identification is GNU 11.4.0
[0.105s] -- Detecting C compiler ABI info
[0.160s] -- Detecting C compiler ABI info - done
[0.165s] -- Check for working C compiler: /usr/bin/cc - skipped
[0.165s] -- Detecting C compile features
[0.166s] -- Detecting C compile features - done
[0.168s] -- Detecting CXX compiler ABI info
[0.230s] -- Detecting CXX compiler ABI info - done
[0.236s] -- Check for working CXX compiler: /usr/bin/c++ - skipped
[0.236s] -- Detecting CXX compile features
[0.236s] -- Detecting CXX compile features - done
[0.237s] -- Found ament_cmake: 1.3.11 (/opt/ros/humble/share/ament_cmake/cmake)
[0.343s] -- Found Python3: /usr/bin/python3 (found version "3.10.12") found components: Interpreter 
[0.401s] -- Found rclcpp: 16.0.11 (/opt/ros/humble/share/rclcpp/cmake)
[0.435s] -- Found rosidl_generator_c: 3.1.6 (/opt/ros/humble/share/rosidl_generator_c/cmake)
[0.438s] -- Found rosidl_adapter: 3.1.6 (/opt/ros/humble/share/rosidl_adapter/cmake)
[0.446s] -- Found rosidl_generator_cpp: 3.1.6 (/opt/ros/humble/share/rosidl_generator_cpp/cmake)
[0.457s] -- Using all available rosidl_typesupport_c: rosidl_typesupport_fastrtps_c;rosidl_typesupport_introspection_c
[0.471s] -- Using all available rosidl_typesupport_cpp: rosidl_typesupport_fastrtps_cpp;rosidl_typesupport_introspection_cpp
[0.508s] -- Found rmw_implementation_cmake: 6.1.2 (/opt/ros/humble/share/rmw_implementation_cmake/cmake)
[0.510s] -- Found rmw_fastrtps_cpp: 6.2.7 (/opt/ros/humble/share/rmw_fastrtps_cpp/cmake)
[0.590s] -- Found OpenSSL: /usr/lib/x86_64-linux-gnu/libcrypto.so (found version "3.0.2")  
[0.615s] -- Found FastRTPS: /opt/ros/humble/include  
[0.655s] -- Using RMW implementation 'rmw_fastrtps_cpp' as default
[0.661s] -- Looking for pthread.h
[0.723s] -- Looking for pthread.h - found
[0.723s] -- Performing Test CMAKE_HAVE_LIBC_PTHREAD
[0.786s] -- Performing Test CMAKE_HAVE_LIBC_PTHREAD - Success
[0.787s] -- Found Threads: TRUE  
[0.845s] [31mCMake Error at CMakeLists.txt:19 (find_package):
[0.845s]   By not providing "Findrclcpp_action.cmake" in CMAKE_MODULE_PATH this
[0.845s]   project has asked CMake to find a package configuration file provided by
[0.845s]   "rclcpp_action", but CMake did not find one.
[0.845s] 
[0.845s]   Could not find a package configuration file provided by "rclcpp_action"
[0.845s]   with any of the following names:
[0.845s] 
[0.845s]     rclcpp_actionConfig.cmake
[0.845s]     rclcpp_action-config.cmake
[0.845s] 
[0.845s]   Add the installation prefix of "rclcpp_action" to CMAKE_PREFIX_PATH or set
[0.846s]   "rclcpp_action_DIR" to a directory containing one of the above files.  If
[0.846s]   "rclcpp_action" provides a separate development package or SDK, be sure it
[0.846s]   has been installed.
[0.846s] 
[0.846s] [0m
[0.846s] -- Configuring incomplete, errors occurred!
[0.846s] See also "/home/larsandre/Documents/ascend/IARC10_Autonomy/build/behaviortree_ros2/CMakeFiles/CMakeOutput.log".
[0.852s] Invoked command in '/home/larsandre/Documents/ascend/IARC10_Autonomy/build/behaviortree_ros2' returned '1': CMAKE_PREFIX_PATH=/opt/ros/humble:/home/larsandre/Documents/ascend/IARC10_Autonomy/install/behaviortree_cpp LD_LIBRARY_PATH=/home/larsandre/Documents/ascend/IARC10_Autonomy/install/behaviortree_cpp/lib:${LD_LIBRARY_PATH} PATH=/home/larsandre/Documents/ascend/IARC10_Autonomy/install/behaviortree_cpp/bin:${PATH} PKG_CONFIG_PATH=/home/larsandre/Documents/ascend/IARC10_Autonomy/install/behaviortree_cpp/lib/x86_64-linux-gnu/pkgconfig:/home/larsandre/Documents/ascend/IARC10_Autonomy/install/behaviortree_cpp/lib/pkgconfig ROS_PACKAGE_PATH=/home/larsandre/Documents/ascend/IARC10_Autonomy/install/behaviortree_cpp/share /usr/bin/cmake /home/larsandre/Documents/ascend/IARC10_Autonomy/src/BehaviorTree.ROS2/behaviortree_ros2 -DCMAKE_INSTALL_PREFIX=/home/larsandre/Documents/ascend/IARC10_Autonomy/install/behaviortree_ros2
