[0.092s] DEBUG:colcon:Command line arguments: ['/usr/bin/colcon', 'list', '-p', '--base-paths', '/home/frida/bt_ascend']
[0.092s] DEBUG:colcon:Parsed command line arguments: Namespace(log_base=None, log_level=None, verb_name='list', build_base='build', ignore_user_meta=False, metas=['./colcon.meta'], base_paths=['/home/frida/bt_ascend'], packages_ignore=None, packages_ignore_regex=None, paths=None, packages_up_to=None, packages_up_to_regex=None, packages_above=None, packages_above_and_dependencies=None, packages_above_depth=None, packages_select_by_dep=None, packages_skip_by_dep=None, packages_skip_up_to=None, packages_select_build_failed=False, packages_skip_build_finished=False, packages_select_test_failures=False, packages_skip_test_passed=False, packages_select=None, packages_skip=None, packages_select_regex=None, packages_skip_regex=None, packages_start=None, packages_end=None, allow_overriding=[], topological_order=False, names_only=False, paths_only=True, topological_graph=False, topological_graph_dot=False, topological_graph_density=False, topological_graph_legend=False, topological_graph_dot_cluster=False, topological_graph_dot_include_skipped=False, verb_parser=<colcon_defaults.argument_parser.defaults.DefaultArgumentsDecorator object at 0x7535b7448e80>, verb_extension=<colcon_package_information.verb.list.ListVerb object at 0x7535b75bed10>, main=<bound method ListVerb.main of <colcon_package_information.verb.list.ListVerb object at 0x7535b75bed10>>)
[0.216s] Level 1:colcon.colcon_core.package_discovery:discover_packages(colcon_meta) check parameters
[0.217s] Level 1:colcon.colcon_core.package_discovery:discover_packages(recursive) check parameters
[0.217s] Level 1:colcon.colcon_core.package_discovery:discover_packages(ignore) check parameters
[0.217s] Level 1:colcon.colcon_core.package_discovery:discover_packages(path) check parameters
[0.217s] Level 1:colcon.colcon_core.package_discovery:discover_packages(recursive) discover
[0.217s] INFO:colcon.colcon_core.package_discovery:Crawling recursively for packages in '/home/frida/bt_ascend'
[0.217s] Level 1:colcon.colcon_core.package_identification:_identify(/home/frida/bt_ascend) by extensions ['ignore', 'ignore_ament_install']
[0.217s] Level 1:colcon.colcon_core.package_identification:_identify(/home/frida/bt_ascend) by extension 'ignore'
[0.217s] Level 1:colcon.colcon_core.package_identification:_identify(/home/frida/bt_ascend) by extension 'ignore_ament_install'
[0.217s] Level 1:colcon.colcon_core.package_identification:_identify(/home/frida/bt_ascend) by extensions ['colcon_pkg']
[0.217s] Level 1:colcon.colcon_core.package_identification:_identify(/home/frida/bt_ascend) by extension 'colcon_pkg'
[0.217s] Level 1:colcon.colcon_core.package_identification:_identify(/home/frida/bt_ascend) by extensions ['colcon_meta']
[0.217s] Level 1:colcon.colcon_core.package_identification:_identify(/home/frida/bt_ascend) by extension 'colcon_meta'
[0.217s] Level 1:colcon.colcon_core.package_identification:_identify(/home/frida/bt_ascend) by extensions ['ros']
[0.217s] Level 1:colcon.colcon_core.package_identification:_identify(/home/frida/bt_ascend) by extension 'ros'
[0.227s] Level 1:colcon.colcon_core.package_identification:_identify(/home/frida/bt_ascend) by extensions ['cmake', 'python']
[0.227s] Level 1:colcon.colcon_core.package_identification:_identify(/home/frida/bt_ascend) by extension 'cmake'
[0.227s] Level 1:colcon.colcon_core.package_identification:_identify(/home/frida/bt_ascend) by extension 'python'
[0.227s] Level 1:colcon.colcon_core.package_identification:_identify(/home/frida/bt_ascend) by extensions ['python_setup_py']
[0.227s] Level 1:colcon.colcon_core.package_identification:_identify(/home/frida/bt_ascend) by extension 'python_setup_py'
[0.228s] Level 1:colcon.colcon_core.package_identification:_identify(/home/frida/bt_ascend/build) by extensions ['ignore', 'ignore_ament_install']
[0.228s] Level 1:colcon.colcon_core.package_identification:_identify(/home/frida/bt_ascend/build) by extension 'ignore'
[0.228s] Level 1:colcon.colcon_core.package_identification:_identify(/home/frida/bt_ascend/build) ignored
[0.228s] Level 1:colcon.colcon_core.package_identification:_identify(/home/frida/bt_ascend/install) by extensions ['ignore', 'ignore_ament_install']
[0.228s] Level 1:colcon.colcon_core.package_identification:_identify(/home/frida/bt_ascend/install) by extension 'ignore'
[0.228s] Level 1:colcon.colcon_core.package_identification:_identify(/home/frida/bt_ascend/install) ignored
[0.228s] Level 1:colcon.colcon_core.package_identification:_identify(/home/frida/bt_ascend/log) by extensions ['ignore', 'ignore_ament_install']
[0.228s] Level 1:colcon.colcon_core.package_identification:_identify(/home/frida/bt_ascend/log) by extension 'ignore'
[0.228s] Level 1:colcon.colcon_core.package_identification:_identify(/home/frida/bt_ascend/log) ignored
[0.228s] Level 1:colcon.colcon_core.package_identification:_identify(/home/frida/bt_ascend/src) by extensions ['ignore', 'ignore_ament_install']
[0.228s] Level 1:colcon.colcon_core.package_identification:_identify(/home/frida/bt_ascend/src) by extension 'ignore'
[0.228s] Level 1:colcon.colcon_core.package_identification:_identify(/home/frida/bt_ascend/src) by extension 'ignore_ament_install'
[0.228s] Level 1:colcon.colcon_core.package_identification:_identify(/home/frida/bt_ascend/src) by extensions ['colcon_pkg']
[0.228s] Level 1:colcon.colcon_core.package_identification:_identify(/home/frida/bt_ascend/src) by extension 'colcon_pkg'
[0.228s] Level 1:colcon.colcon_core.package_identification:_identify(/home/frida/bt_ascend/src) by extensions ['colcon_meta']
[0.228s] Level 1:colcon.colcon_core.package_identification:_identify(/home/frida/bt_ascend/src) by extension 'colcon_meta'
[0.228s] Level 1:colcon.colcon_core.package_identification:_identify(/home/frida/bt_ascend/src) by extensions ['ros']
[0.228s] Level 1:colcon.colcon_core.package_identification:_identify(/home/frida/bt_ascend/src) by extension 'ros'
[0.228s] Level 1:colcon.colcon_core.package_identification:_identify(/home/frida/bt_ascend/src) by extensions ['cmake', 'python']
[0.228s] Level 1:colcon.colcon_core.package_identification:_identify(/home/frida/bt_ascend/src) by extension 'cmake'
[0.229s] Level 1:colcon.colcon_core.package_identification:_identify(/home/frida/bt_ascend/src) by extension 'python'
[0.229s] Level 1:colcon.colcon_core.package_identification:_identify(/home/frida/bt_ascend/src) by extensions ['python_setup_py']
[0.229s] Level 1:colcon.colcon_core.package_identification:_identify(/home/frida/bt_ascend/src) by extension 'python_setup_py'
[0.229s] Level 1:colcon.colcon_core.package_identification:_identify(/home/frida/bt_ascend/src/BehaviorTree.CPP) by extensions ['ignore', 'ignore_ament_install']
[0.229s] Level 1:colcon.colcon_core.package_identification:_identify(/home/frida/bt_ascend/src/BehaviorTree.CPP) by extension 'ignore'
[0.229s] Level 1:colcon.colcon_core.package_identification:_identify(/home/frida/bt_ascend/src/BehaviorTree.CPP) by extension 'ignore_ament_install'
[0.229s] Level 1:colcon.colcon_core.package_identification:_identify(/home/frida/bt_ascend/src/BehaviorTree.CPP) by extensions ['colcon_pkg']
[0.229s] Level 1:colcon.colcon_core.package_identification:_identify(/home/frida/bt_ascend/src/BehaviorTree.CPP) by extension 'colcon_pkg'
[0.229s] Level 1:colcon.colcon_core.package_identification:_identify(/home/frida/bt_ascend/src/BehaviorTree.CPP) by extensions ['colcon_meta']
[0.229s] Level 1:colcon.colcon_core.package_identification:_identify(/home/frida/bt_ascend/src/BehaviorTree.CPP) by extension 'colcon_meta'
[0.229s] Level 1:colcon.colcon_core.package_identification:_identify(/home/frida/bt_ascend/src/BehaviorTree.CPP) by extensions ['ros']
[0.229s] Level 1:colcon.colcon_core.package_identification:_identify(/home/frida/bt_ascend/src/BehaviorTree.CPP) by extension 'ros'
[0.234s] DEBUG:colcon.colcon_core.package_identification:Package '/home/frida/bt_ascend/src/BehaviorTree.CPP' with type 'ros.ament_cmake' and name 'behaviortree_cpp'
[0.235s] Level 1:colcon.colcon_core.package_identification:_identify(/home/frida/bt_ascend/src/BehaviorTree.ROS2) by extensions ['ignore', 'ignore_ament_install']
[0.235s] Level 1:colcon.colcon_core.package_identification:_identify(/home/frida/bt_ascend/src/BehaviorTree.ROS2) by extension 'ignore'
[0.235s] Level 1:colcon.colcon_core.package_identification:_identify(/home/frida/bt_ascend/src/BehaviorTree.ROS2) by extension 'ignore_ament_install'
[0.235s] Level 1:colcon.colcon_core.package_identification:_identify(/home/frida/bt_ascend/src/BehaviorTree.ROS2) by extensions ['colcon_pkg']
[0.235s] Level 1:colcon.colcon_core.package_identification:_identify(/home/frida/bt_ascend/src/BehaviorTree.ROS2) by extension 'colcon_pkg'
[0.235s] Level 1:colcon.colcon_core.package_identification:_identify(/home/frida/bt_ascend/src/BehaviorTree.ROS2) by extensions ['colcon_meta']
[0.235s] Level 1:colcon.colcon_core.package_identification:_identify(/home/frida/bt_ascend/src/BehaviorTree.ROS2) by extension 'colcon_meta'
[0.235s] Level 1:colcon.colcon_core.package_identification:_identify(/home/frida/bt_ascend/src/BehaviorTree.ROS2) by extensions ['ros']
[0.235s] Level 1:colcon.colcon_core.package_identification:_identify(/home/frida/bt_ascend/src/BehaviorTree.ROS2) by extension 'ros'
[0.235s] Level 1:colcon.colcon_core.package_identification:_identify(/home/frida/bt_ascend/src/BehaviorTree.ROS2) by extensions ['cmake', 'python']
[0.235s] Level 1:colcon.colcon_core.package_identification:_identify(/home/frida/bt_ascend/src/BehaviorTree.ROS2) by extension 'cmake'
[0.235s] Level 1:colcon.colcon_core.package_identification:_identify(/home/frida/bt_ascend/src/BehaviorTree.ROS2) by extension 'python'
[0.235s] Level 1:colcon.colcon_core.package_identification:_identify(/home/frida/bt_ascend/src/BehaviorTree.ROS2) by extensions ['python_setup_py']
[0.235s] Level 1:colcon.colcon_core.package_identification:_identify(/home/frida/bt_ascend/src/BehaviorTree.ROS2) by extension 'python_setup_py'
[0.235s] Level 1:colcon.colcon_core.package_identification:_identify(/home/frida/bt_ascend/src/BehaviorTree.ROS2/behaviortree_ros2) by extensions ['ignore', 'ignore_ament_install']
[0.235s] Level 1:colcon.colcon_core.package_identification:_identify(/home/frida/bt_ascend/src/BehaviorTree.ROS2/behaviortree_ros2) by extension 'ignore'
[0.235s] Level 1:colcon.colcon_core.package_identification:_identify(/home/frida/bt_ascend/src/BehaviorTree.ROS2/behaviortree_ros2) by extension 'ignore_ament_install'
[0.235s] Level 1:colcon.colcon_core.package_identification:_identify(/home/frida/bt_ascend/src/BehaviorTree.ROS2/behaviortree_ros2) by extensions ['colcon_pkg']
[0.235s] Level 1:colcon.colcon_core.package_identification:_identify(/home/frida/bt_ascend/src/BehaviorTree.ROS2/behaviortree_ros2) by extension 'colcon_pkg'
[0.235s] Level 1:colcon.colcon_core.package_identification:_identify(/home/frida/bt_ascend/src/BehaviorTree.ROS2/behaviortree_ros2) by extensions ['colcon_meta']
[0.235s] Level 1:colcon.colcon_core.package_identification:_identify(/home/frida/bt_ascend/src/BehaviorTree.ROS2/behaviortree_ros2) by extension 'colcon_meta'
[0.235s] Level 1:colcon.colcon_core.package_identification:_identify(/home/frida/bt_ascend/src/BehaviorTree.ROS2/behaviortree_ros2) by extensions ['ros']
[0.235s] Level 1:colcon.colcon_core.package_identification:_identify(/home/frida/bt_ascend/src/BehaviorTree.ROS2/behaviortree_ros2) by extension 'ros'
[0.236s] DEBUG:colcon.colcon_core.package_identification:Package '/home/frida/bt_ascend/src/BehaviorTree.ROS2/behaviortree_ros2' with type 'ros.ament_cmake' and name 'behaviortree_ros2'
[0.236s] Level 1:colcon.colcon_core.package_identification:_identify(/home/frida/bt_ascend/src/BehaviorTree.ROS2/btcpp_ros2_interfaces) by extensions ['ignore', 'ignore_ament_install']
[0.236s] Level 1:colcon.colcon_core.package_identification:_identify(/home/frida/bt_ascend/src/BehaviorTree.ROS2/btcpp_ros2_interfaces) by extension 'ignore'
[0.237s] Level 1:colcon.colcon_core.package_identification:_identify(/home/frida/bt_ascend/src/BehaviorTree.ROS2/btcpp_ros2_interfaces) by extension 'ignore_ament_install'
[0.237s] Level 1:colcon.colcon_core.package_identification:_identify(/home/frida/bt_ascend/src/BehaviorTree.ROS2/btcpp_ros2_interfaces) by extensions ['colcon_pkg']
[0.237s] Level 1:colcon.colcon_core.package_identification:_identify(/home/frida/bt_ascend/src/BehaviorTree.ROS2/btcpp_ros2_interfaces) by extension 'colcon_pkg'
[0.237s] Level 1:colcon.colcon_core.package_identification:_identify(/home/frida/bt_ascend/src/BehaviorTree.ROS2/btcpp_ros2_interfaces) by extensions ['colcon_meta']
[0.237s] Level 1:colcon.colcon_core.package_identification:_identify(/home/frida/bt_ascend/src/BehaviorTree.ROS2/btcpp_ros2_interfaces) by extension 'colcon_meta'
[0.237s] Level 1:colcon.colcon_core.package_identification:_identify(/home/frida/bt_ascend/src/BehaviorTree.ROS2/btcpp_ros2_interfaces) by extensions ['ros']
[0.237s] Level 1:colcon.colcon_core.package_identification:_identify(/home/frida/bt_ascend/src/BehaviorTree.ROS2/btcpp_ros2_interfaces) by extension 'ros'
[0.237s] DEBUG:colcon.colcon_core.package_identification:Package '/home/frida/bt_ascend/src/BehaviorTree.ROS2/btcpp_ros2_interfaces' with type 'ros.ament_cmake' and name 'btcpp_ros2_interfaces'
[0.237s] Level 1:colcon.colcon_core.package_identification:_identify(/home/frida/bt_ascend/src/BehaviorTree.ROS2/btcpp_ros2_samples) by extensions ['ignore', 'ignore_ament_install']
[0.237s] Level 1:colcon.colcon_core.package_identification:_identify(/home/frida/bt_ascend/src/BehaviorTree.ROS2/btcpp_ros2_samples) by extension 'ignore'
[0.237s] Level 1:colcon.colcon_core.package_identification:_identify(/home/frida/bt_ascend/src/BehaviorTree.ROS2/btcpp_ros2_samples) by extension 'ignore_ament_install'
[0.237s] Level 1:colcon.colcon_core.package_identification:_identify(/home/frida/bt_ascend/src/BehaviorTree.ROS2/btcpp_ros2_samples) by extensions ['colcon_pkg']
[0.237s] Level 1:colcon.colcon_core.package_identification:_identify(/home/frida/bt_ascend/src/BehaviorTree.ROS2/btcpp_ros2_samples) by extension 'colcon_pkg'
[0.237s] Level 1:colcon.colcon_core.package_identification:_identify(/home/frida/bt_ascend/src/BehaviorTree.ROS2/btcpp_ros2_samples) by extensions ['colcon_meta']
[0.237s] Level 1:colcon.colcon_core.package_identification:_identify(/home/frida/bt_ascend/src/BehaviorTree.ROS2/btcpp_ros2_samples) by extension 'colcon_meta'
[0.238s] Level 1:colcon.colcon_core.package_identification:_identify(/home/frida/bt_ascend/src/BehaviorTree.ROS2/btcpp_ros2_samples) by extensions ['ros']
[0.238s] Level 1:colcon.colcon_core.package_identification:_identify(/home/frida/bt_ascend/src/BehaviorTree.ROS2/btcpp_ros2_samples) by extension 'ros'
[0.238s] DEBUG:colcon.colcon_core.package_identification:Package '/home/frida/bt_ascend/src/BehaviorTree.ROS2/btcpp_ros2_samples' with type 'ros.ament_cmake' and name 'btcpp_ros2_samples'
[0.238s] Level 1:colcon.colcon_core.package_discovery:discover_packages(recursive) using defaults
