[0.015s] Invoking command in '/home/larsandre/Documents/ascend/IARC10_Autonomy/build/behaviortree_ros2': CMAKE_PREFIX_PATH=/opt/ros/humble:/home/larsandre/Documents/ascend/IARC10_Autonomy/install/behaviortree_cpp LD_LIBRARY_PATH=/home/larsandre/Documents/ascend/IARC10_Autonomy/install/behaviortree_cpp/lib:${LD_LIBRARY_PATH} PATH=/home/larsandre/Documents/ascend/IARC10_Autonomy/install/behaviortree_cpp/bin:${PATH} PKG_CONFIG_PATH=/home/larsandre/Documents/ascend/IARC10_Autonomy/install/behaviortree_cpp/lib/x86_64-linux-gnu/pkgconfig:/home/larsandre/Documents/ascend/IARC10_Autonomy/install/behaviortree_cpp/lib/pkgconfig ROS_PACKAGE_PATH=/home/larsandre/Documents/ascend/IARC10_Autonomy/install/behaviortree_cpp/share /usr/bin/cmake /home/larsandre/Documents/ascend/IARC10_Autonomy/src/BehaviorTree.ROS2/behaviortree_ros2 -DCMAKE_INSTALL_PREFIX=/home/larsandre/Documents/ascend/IARC10_Autonomy/install/behaviortree_ros2
[0.024s] -- Found ament_cmake: 1.3.11 (/opt/ros/humble/share/ament_cmake/cmake)
[0.112s] -- Found rclcpp: 16.0.11 (/opt/ros/humble/share/rclcpp/cmake)
[0.135s] -- Found rosidl_generator_c: 3.1.6 (/opt/ros/humble/share/rosidl_generator_c/cmake)
[0.137s] -- Found rosidl_adapter: 3.1.6 (/opt/ros/humble/share/rosidl_adapter/cmake)
[0.141s] -- Found rosidl_generator_cpp: 3.1.6 (/opt/ros/humble/share/rosidl_generator_cpp/cmake)
[0.148s] -- Using all available rosidl_typesupport_c: rosidl_typesupport_fastrtps_c;rosidl_typesupport_introspection_c
[0.157s] -- Using all available rosidl_typesupport_cpp: rosidl_typesupport_fastrtps_cpp;rosidl_typesupport_introspection_cpp
[0.180s] -- Found rmw_implementation_cmake: 6.1.2 (/opt/ros/humble/share/rmw_implementation_cmake/cmake)
[0.181s] -- Found rmw_fastrtps_cpp: 6.2.7 (/opt/ros/humble/share/rmw_fastrtps_cpp/cmake)
[0.267s] -- Using RMW implementation 'rmw_fastrtps_cpp' as default
[0.311s] [31mCMake Error at CMakeLists.txt:19 (find_package):
[0.311s]   By not providing "Findrclcpp_action.cmake" in CMAKE_MODULE_PATH this
[0.311s]   project has asked CMake to find a package configuration file provided by
[0.311s]   "rclcpp_action", but CMake did not find one.
[0.311s] 
[0.311s]   Could not find a package configuration file provided by "rclcpp_action"
[0.311s]   with any of the following names:
[0.311s] 
[0.312s]     rclcpp_actionConfig.cmake
[0.312s]     rclcpp_action-config.cmake
[0.312s] 
[0.312s]   Add the installation prefix of "rclcpp_action" to CMAKE_PREFIX_PATH or set
[0.312s]   "rclcpp_action_DIR" to a directory containing one of the above files.  If
[0.312s]   "rclcpp_action" provides a separate development package or SDK, be sure it
[0.312s]   has been installed.
[0.312s] 
[0.312s] [0m
[0.312s] -- Configuring incomplete, errors occurred!
[0.312s] See also "/home/larsandre/Documents/ascend/IARC10_Autonomy/build/behaviortree_ros2/CMakeFiles/CMakeOutput.log".
[0.315s] Invoked command in '/home/larsandre/Documents/ascend/IARC10_Autonomy/build/behaviortree_ros2' returned '1': CMAKE_PREFIX_PATH=/opt/ros/humble:/home/larsandre/Documents/ascend/IARC10_Autonomy/install/behaviortree_cpp LD_LIBRARY_PATH=/home/larsandre/Documents/ascend/IARC10_Autonomy/install/behaviortree_cpp/lib:${LD_LIBRARY_PATH} PATH=/home/larsandre/Documents/ascend/IARC10_Autonomy/install/behaviortree_cpp/bin:${PATH} PKG_CONFIG_PATH=/home/larsandre/Documents/ascend/IARC10_Autonomy/install/behaviortree_cpp/lib/x86_64-linux-gnu/pkgconfig:/home/larsandre/Documents/ascend/IARC10_Autonomy/install/behaviortree_cpp/lib/pkgconfig ROS_PACKAGE_PATH=/home/larsandre/Documents/ascend/IARC10_Autonomy/install/behaviortree_cpp/share /usr/bin/cmake /home/larsandre/Documents/ascend/IARC10_Autonomy/src/BehaviorTree.ROS2/behaviortree_ros2 -DCMAKE_INSTALL_PREFIX=/home/larsandre/Documents/ascend/IARC10_Autonomy/install/behaviortree_ros2
