[0.010s] Invoking command in '/home/frida/idk_anymore/build/bt_drone': CMAKE_PREFIX_PATH=${CMAKE_PREFIX_PATH}:/opt/ros/humble /usr/bin/cmake /home/frida/idk_anymore/src/bt_drone -DCMAKE_INSTALL_PREFIX=/home/frida/idk_anymore/install/bt_drone
[0.058s] -- The C compiler identification is GNU 11.4.0
[0.103s] -- The CXX compiler identification is GNU 11.4.0
[0.110s] -- Detecting C compiler ABI info
[0.167s] -- Detecting C compiler ABI info - done
[0.174s] -- Check for working C compiler: /usr/bin/cc - skipped
[0.174s] -- Detecting C compile features
[0.175s] -- Detecting C compile features - done
[0.177s] -- Detecting CXX compiler ABI info
[0.240s] -- Detecting CXX compiler ABI info - done
[0.249s] -- Check for working CXX compiler: /usr/bin/c++ - skipped
[0.249s] -- Detecting CXX compile features
[0.250s] -- Detecting CXX compile features - done
[0.252s] -- Found ament_cmake: 1.3.11 (/opt/ros/humble/share/ament_cmake/cmake)
[0.363s] -- Found Python3: /usr/bin/python3 (found version "3.10.12") found components: Interpreter 
[0.433s] -- Found geometry_msgs: 4.2.4 (/opt/ros/humble/share/geometry_msgs/cmake)
[0.455s] -- Found rosidl_generator_c: 3.1.6 (/opt/ros/humble/share/rosidl_generator_c/cmake)
[0.458s] -- Found rosidl_adapter: 3.1.6 (/opt/ros/humble/share/rosidl_adapter/cmake)
[0.463s] -- Found rosidl_generator_cpp: 3.1.6 (/opt/ros/humble/share/rosidl_generator_cpp/cmake)
[0.471s] -- Using all available rosidl_typesupport_c: rosidl_typesupport_fastrtps_c;rosidl_typesupport_introspection_c
[0.480s] -- Using all available rosidl_typesupport_cpp: rosidl_typesupport_fastrtps_cpp;rosidl_typesupport_introspection_cpp
[0.505s] -- Found sensor_msgs: 4.2.4 (/opt/ros/humble/share/sensor_msgs/cmake)
[0.517s] -- Found rclcpp: 16.0.11 (/opt/ros/humble/share/rclcpp/cmake)
[0.540s] -- Found rmw_implementation_cmake: 6.1.2 (/opt/ros/humble/share/rmw_implementation_cmake/cmake)
[0.542s] -- Found rmw_fastrtps_cpp: 6.2.7 (/opt/ros/humble/share/rmw_fastrtps_cpp/cmake)
[0.610s] -- Found OpenSSL: /usr/lib/x86_64-linux-gnu/libcrypto.so (found version "3.0.2")  
[0.632s] -- Found FastRTPS: /opt/ros/humble/include  
[0.664s] -- Using RMW implementation 'rmw_fastrtps_cpp' as default
[0.670s] -- Looking for pthread.h
[0.730s] -- Looking for pthread.h - found
[0.730s] -- Performing Test CMAKE_HAVE_LIBC_PTHREAD
[0.814s] -- Performing Test CMAKE_HAVE_LIBC_PTHREAD - Success
[0.815s] -- Found Threads: TRUE  
[0.870s] -- Found tf2: 0.25.9 (/opt/ros/humble/share/tf2/cmake)
[0.884s] -- Found behaviortree_ros2: 0.2.0 (/usr/local/share/behaviortree_ros2/cmake)
[0.977s] -- Found parameter_traits: 0.3.9 (/opt/ros/humble/share/parameter_traits/cmake)
[1.006s] -- Found rclcpp_lifecycle: 16.0.11 (/opt/ros/humble/share/rclcpp_lifecycle/cmake)
[1.055s] -- Found ament_lint_auto: 0.12.11 (/opt/ros/humble/share/ament_lint_auto/cmake)
[1.363s] -- Added test 'cppcheck' to perform static code analysis on C / C++ code
[1.364s] -- Configured cppcheck include dirs: /home/frida/idk_anymore/src/bt_drone/include
[1.364s] -- Configured cppcheck exclude dirs and/or files: 
[1.369s] -- Added test 'lint_cmake' to check CMake code style
[1.378s] -- Added test 'uncrustify' to check C / C++ code style
[1.378s] -- Configured uncrustify additional arguments: 
[1.378s] -- Added test 'xmllint' to check XML markup files
[1.383s] -- Configuring done
[1.432s] -- Generating done
[1.449s] -- Build files have been written to: /home/frida/idk_anymore/build/bt_drone
[1.491s] Invoked command in '/home/frida/idk_anymore/build/bt_drone' returned '0': CMAKE_PREFIX_PATH=${CMAKE_PREFIX_PATH}:/opt/ros/humble /usr/bin/cmake /home/frida/idk_anymore/src/bt_drone -DCMAKE_INSTALL_PREFIX=/home/frida/idk_anymore/install/bt_drone
[1.494s] Invoking command in '/home/frida/idk_anymore/build/bt_drone': CMAKE_PREFIX_PATH=${CMAKE_PREFIX_PATH}:/opt/ros/humble /usr/bin/cmake --build /home/frida/idk_anymore/build/bt_drone -- -j16 -l16
[1.659s] [ 25%] [32mBuilding CXX object CMakeFiles/waypoint_gen_lib.dir/src/waypoint_gen.cpp.o[0m
[2.382s] [01m[K/home/frida/idk_anymore/src/bt_drone/src/waypoint_gen.cpp:5:10:[m[K [01;31m[Kfatal error: [m[Kwaypoint_gen.hpp: No such file or directory
[2.382s]     5 | #include [01;31m[K"waypoint_gen.hpp"[m[K
[2.382s]       |          [01;31m[K^~~~~~~~~~~~~~~~~~[m[K
[2.386s] compilation terminated.
[2.391s] gmake[2]: *** [CMakeFiles/waypoint_gen_lib.dir/build.make:76: CMakeFiles/waypoint_gen_lib.dir/src/waypoint_gen.cpp.o] Error 1
[2.392s] gmake[1]: *** [CMakeFiles/Makefile2:139: CMakeFiles/waypoint_gen_lib.dir/all] Error 2
[2.392s] gmake: *** [Makefile:146: all] Error 2
[2.398s] Invoked command in '/home/frida/idk_anymore/build/bt_drone' returned '2': CMAKE_PREFIX_PATH=${CMAKE_PREFIX_PATH}:/opt/ros/humble /usr/bin/cmake --build /home/frida/idk_anymore/build/bt_drone -- -j16 -l16
