[0.008s] Invoking command in '/home/frida/bt_ascend/build/btcpp_ros2_interfaces': CMAKE_PREFIX_PATH=${CMAKE_PREFIX_PATH}:/home/frida/ros_tut/install/robot_cont:/opt/ros/humble /usr/bin/cmake --build /home/frida/bt_ascend/build/btcpp_ros2_interfaces -- -j16 -l16
[0.056s] [  2%] Built target btcpp_ros2_interfaces__cpp
[0.062s] [ 12%] Built target btcpp_ros2_interfaces__rosidl_generator_c
[0.068s] [ 12%] Built target ament_cmake_python_copy_btcpp_ros2_interfaces
[0.082s] [ 23%] Built target btcpp_ros2_interfaces__rosidl_typesupport_fastrtps_cpp
[0.084s] [ 34%] Built target btcpp_ros2_interfaces__rosidl_typesupport_introspection_cpp
[0.086s] [ 44%] Built target btcpp_ros2_interfaces__rosidl_typesupport_cpp
[0.090s] [ 55%] Built target btcpp_ros2_interfaces__rosidl_typesupport_fastrtps_c
[0.094s] [ 65%] Built target btcpp_ros2_interfaces__rosidl_typesupport_introspection_c
[0.096s] [ 76%] Built target btcpp_ros2_interfaces__rosidl_typesupport_c
[0.116s] [ 76%] Built target btcpp_ros2_interfaces
[0.135s] [ 78%] Built target btcpp_ros2_interfaces__py
[0.152s] [ 87%] Built target btcpp_ros2_interfaces__rosidl_generator_py
[0.173s] [ 91%] Built target btcpp_ros2_interfaces__rosidl_typesupport_introspection_c__pyext
[0.181s] [ 95%] Built target btcpp_ros2_interfaces__rosidl_typesupport_c__pyext
[0.184s] [100%] Built target btcpp_ros2_interfaces__rosidl_typesupport_fastrtps_c__pyext
[0.266s] running egg_info
[0.266s] writing btcpp_ros2_interfaces.egg-info/PKG-INFO
[0.266s] writing dependency_links to btcpp_ros2_interfaces.egg-info/dependency_links.txt
[0.266s] writing top-level names to btcpp_ros2_interfaces.egg-info/top_level.txt
[0.267s] reading manifest file 'btcpp_ros2_interfaces.egg-info/SOURCES.txt'
[0.267s] writing manifest file 'btcpp_ros2_interfaces.egg-info/SOURCES.txt'
[0.289s] [100%] Built target ament_cmake_python_build_btcpp_ros2_interfaces_egg
[0.302s] Invoked command in '/home/frida/bt_ascend/build/btcpp_ros2_interfaces' returned '0': CMAKE_PREFIX_PATH=${CMAKE_PREFIX_PATH}:/home/frida/ros_tut/install/robot_cont:/opt/ros/humble /usr/bin/cmake --build /home/frida/bt_ascend/build/btcpp_ros2_interfaces -- -j16 -l16
[0.304s] Invoking command in '/home/frida/bt_ascend/build/btcpp_ros2_interfaces': CMAKE_PREFIX_PATH=${CMAKE_PREFIX_PATH}:/home/frida/ros_tut/install/robot_cont:/opt/ros/humble /usr/bin/cmake --install /home/frida/bt_ascend/build/btcpp_ros2_interfaces
[0.313s] -- Install configuration: ""
[0.313s] -- Up-to-date: /home/frida/bt_ascend/install/btcpp_ros2_interfaces/share/ament_index/resource_index/rosidl_interfaces/btcpp_ros2_interfaces
[0.313s] -- Up-to-date: /home/frida/bt_ascend/install/btcpp_ros2_interfaces/include/btcpp_ros2_interfaces/btcpp_ros2_interfaces
[0.313s] -- Up-to-date: /home/frida/bt_ascend/install/btcpp_ros2_interfaces/include/btcpp_ros2_interfaces/btcpp_ros2_interfaces/action
[0.313s] -- Up-to-date: /home/frida/bt_ascend/install/btcpp_ros2_interfaces/include/btcpp_ros2_interfaces/btcpp_ros2_interfaces/action/detail
[0.314s] -- Up-to-date: /home/frida/bt_ascend/install/btcpp_ros2_interfaces/include/btcpp_ros2_interfaces/btcpp_ros2_interfaces/action/detail/execute_tree__functions.c
[0.314s] -- Up-to-date: /home/frida/bt_ascend/install/btcpp_ros2_interfaces/include/btcpp_ros2_interfaces/btcpp_ros2_interfaces/action/detail/execute_tree__struct.h
[0.314s] -- Up-to-date: /home/frida/bt_ascend/install/btcpp_ros2_interfaces/include/btcpp_ros2_interfaces/btcpp_ros2_interfaces/action/detail/sleep__struct.h
[0.314s] -- Up-to-date: /home/frida/bt_ascend/install/btcpp_ros2_interfaces/include/btcpp_ros2_interfaces/btcpp_ros2_interfaces/action/detail/sleep__functions.h
[0.314s] -- Up-to-date: /home/frida/bt_ascend/install/btcpp_ros2_interfaces/include/btcpp_ros2_interfaces/btcpp_ros2_interfaces/action/detail/sleep__functions.c
[0.314s] -- Up-to-date: /home/frida/bt_ascend/install/btcpp_ros2_interfaces/include/btcpp_ros2_interfaces/btcpp_ros2_interfaces/action/detail/execute_tree__functions.h
[0.314s] -- Up-to-date: /home/frida/bt_ascend/install/btcpp_ros2_interfaces/include/btcpp_ros2_interfaces/btcpp_ros2_interfaces/action/detail/sleep__type_support.h
[0.315s] -- Up-to-date: /home/frida/bt_ascend/install/btcpp_ros2_interfaces/include/btcpp_ros2_interfaces/btcpp_ros2_interfaces/action/detail/execute_tree__type_support.h
[0.315s] -- Up-to-date: /home/frida/bt_ascend/install/btcpp_ros2_interfaces/include/btcpp_ros2_interfaces/btcpp_ros2_interfaces/action/sleep.h
[0.315s] -- Up-to-date: /home/frida/bt_ascend/install/btcpp_ros2_interfaces/include/btcpp_ros2_interfaces/btcpp_ros2_interfaces/action/execute_tree.h
[0.315s] -- Up-to-date: /home/frida/bt_ascend/install/btcpp_ros2_interfaces/include/btcpp_ros2_interfaces/btcpp_ros2_interfaces/msg
[0.315s] -- Up-to-date: /home/frida/bt_ascend/install/btcpp_ros2_interfaces/include/btcpp_ros2_interfaces/btcpp_ros2_interfaces/msg/rosidl_generator_c__visibility_control.h
[0.315s] -- Up-to-date: /home/frida/bt_ascend/install/btcpp_ros2_interfaces/include/btcpp_ros2_interfaces/btcpp_ros2_interfaces/msg/node_status.h
[0.315s] -- Up-to-date: /home/frida/bt_ascend/install/btcpp_ros2_interfaces/include/btcpp_ros2_interfaces/btcpp_ros2_interfaces/msg/detail
[0.315s] -- Up-to-date: /home/frida/bt_ascend/install/btcpp_ros2_interfaces/include/btcpp_ros2_interfaces/btcpp_ros2_interfaces/msg/detail/node_status__functions.h
[0.315s] -- Up-to-date: /home/frida/bt_ascend/install/btcpp_ros2_interfaces/include/btcpp_ros2_interfaces/btcpp_ros2_interfaces/msg/detail/node_status__struct.h
[0.316s] -- Up-to-date: /home/frida/bt_ascend/install/btcpp_ros2_interfaces/include/btcpp_ros2_interfaces/btcpp_ros2_interfaces/msg/detail/node_status__functions.c
[0.316s] -- Up-to-date: /home/frida/bt_ascend/install/btcpp_ros2_interfaces/include/btcpp_ros2_interfaces/btcpp_ros2_interfaces/msg/detail/node_status__type_support.h
[0.316s] -- Up-to-date: /home/frida/bt_ascend/install/btcpp_ros2_interfaces/share/btcpp_ros2_interfaces/environment/library_path.sh
[0.316s] -- Up-to-date: /home/frida/bt_ascend/install/btcpp_ros2_interfaces/share/btcpp_ros2_interfaces/environment/library_path.dsv
[0.316s] -- Up-to-date: /home/frida/bt_ascend/install/btcpp_ros2_interfaces/lib/libbtcpp_ros2_interfaces__rosidl_generator_c.so
[0.316s] -- Up-to-date: /home/frida/bt_ascend/install/btcpp_ros2_interfaces/include/btcpp_ros2_interfaces/btcpp_ros2_interfaces
[0.316s] -- Up-to-date: /home/frida/bt_ascend/install/btcpp_ros2_interfaces/include/btcpp_ros2_interfaces/btcpp_ros2_interfaces/action
[0.316s] -- Up-to-date: /home/frida/bt_ascend/install/btcpp_ros2_interfaces/include/btcpp_ros2_interfaces/btcpp_ros2_interfaces/action/detail
[0.316s] -- Up-to-date: /home/frida/bt_ascend/install/btcpp_ros2_interfaces/include/btcpp_ros2_interfaces/btcpp_ros2_interfaces/action/detail/execute_tree__rosidl_typesupport_fastrtps_c.h
[0.317s] -- Up-to-date: /home/frida/bt_ascend/install/btcpp_ros2_interfaces/include/btcpp_ros2_interfaces/btcpp_ros2_interfaces/action/detail/sleep__rosidl_typesupport_fastrtps_c.h
[0.317s] -- Up-to-date: /home/frida/bt_ascend/install/btcpp_ros2_interfaces/include/btcpp_ros2_interfaces/btcpp_ros2_interfaces/msg
[0.317s] -- Up-to-date: /home/frida/bt_ascend/install/btcpp_ros2_interfaces/include/btcpp_ros2_interfaces/btcpp_ros2_interfaces/msg/detail
[0.317s] -- Up-to-date: /home/frida/bt_ascend/install/btcpp_ros2_interfaces/include/btcpp_ros2_interfaces/btcpp_ros2_interfaces/msg/detail/node_status__rosidl_typesupport_fastrtps_c.h
[0.317s] -- Up-to-date: /home/frida/bt_ascend/install/btcpp_ros2_interfaces/include/btcpp_ros2_interfaces/btcpp_ros2_interfaces/msg/rosidl_typesupport_fastrtps_c__visibility_control.h
[0.317s] -- Up-to-date: /home/frida/bt_ascend/install/btcpp_ros2_interfaces/lib/libbtcpp_ros2_interfaces__rosidl_typesupport_fastrtps_c.so
[0.317s] -- Up-to-date: /home/frida/bt_ascend/install/btcpp_ros2_interfaces/include/btcpp_ros2_interfaces/btcpp_ros2_interfaces
[0.317s] -- Up-to-date: /home/frida/bt_ascend/install/btcpp_ros2_interfaces/include/btcpp_ros2_interfaces/btcpp_ros2_interfaces/action
[0.317s] -- Up-to-date: /home/frida/bt_ascend/install/btcpp_ros2_interfaces/include/btcpp_ros2_interfaces/btcpp_ros2_interfaces/action/detail
[0.317s] -- Up-to-date: /home/frida/bt_ascend/install/btcpp_ros2_interfaces/include/btcpp_ros2_interfaces/btcpp_ros2_interfaces/action/detail/sleep__type_support.c
[0.317s] -- Up-to-date: /home/frida/bt_ascend/install/btcpp_ros2_interfaces/include/btcpp_ros2_interfaces/btcpp_ros2_interfaces/action/detail/execute_tree__rosidl_typesupport_introspection_c.h
[0.317s] -- Up-to-date: /home/frida/bt_ascend/install/btcpp_ros2_interfaces/include/btcpp_ros2_interfaces/btcpp_ros2_interfaces/action/detail/execute_tree__type_support.c
[0.318s] -- Up-to-date: /home/frida/bt_ascend/install/btcpp_ros2_interfaces/include/btcpp_ros2_interfaces/btcpp_ros2_interfaces/action/detail/sleep__rosidl_typesupport_introspection_c.h
[0.318s] -- Up-to-date: /home/frida/bt_ascend/install/btcpp_ros2_interfaces/include/btcpp_ros2_interfaces/btcpp_ros2_interfaces/msg
[0.318s] -- Up-to-date: /home/frida/bt_ascend/install/btcpp_ros2_interfaces/include/btcpp_ros2_interfaces/btcpp_ros2_interfaces/msg/rosidl_typesupport_introspection_c__visibility_control.h
[0.318s] -- Up-to-date: /home/frida/bt_ascend/install/btcpp_ros2_interfaces/include/btcpp_ros2_interfaces/btcpp_ros2_interfaces/msg/detail
[0.318s] -- Up-to-date: /home/frida/bt_ascend/install/btcpp_ros2_interfaces/include/btcpp_ros2_interfaces/btcpp_ros2_interfaces/msg/detail/node_status__rosidl_typesupport_introspection_c.h
[0.318s] -- Up-to-date: /home/frida/bt_ascend/install/btcpp_ros2_interfaces/include/btcpp_ros2_interfaces/btcpp_ros2_interfaces/msg/detail/node_status__type_support.c
[0.318s] -- Up-to-date: /home/frida/bt_ascend/install/btcpp_ros2_interfaces/lib/libbtcpp_ros2_interfaces__rosidl_typesupport_introspection_c.so
[0.318s] -- Up-to-date: /home/frida/bt_ascend/install/btcpp_ros2_interfaces/lib/libbtcpp_ros2_interfaces__rosidl_typesupport_c.so
[0.318s] -- Up-to-date: /home/frida/bt_ascend/install/btcpp_ros2_interfaces/include/btcpp_ros2_interfaces/btcpp_ros2_interfaces
[0.318s] -- Up-to-date: /home/frida/bt_ascend/install/btcpp_ros2_interfaces/include/btcpp_ros2_interfaces/btcpp_ros2_interfaces/action
[0.318s] -- Up-to-date: /home/frida/bt_ascend/install/btcpp_ros2_interfaces/include/btcpp_ros2_interfaces/btcpp_ros2_interfaces/action/sleep.hpp
[0.318s] -- Up-to-date: /home/frida/bt_ascend/install/btcpp_ros2_interfaces/include/btcpp_ros2_interfaces/btcpp_ros2_interfaces/action/detail
[0.318s] -- Up-to-date: /home/frida/bt_ascend/install/btcpp_ros2_interfaces/include/btcpp_ros2_interfaces/btcpp_ros2_interfaces/action/detail/execute_tree__traits.hpp
[0.319s] -- Up-to-date: /home/frida/bt_ascend/install/btcpp_ros2_interfaces/include/btcpp_ros2_interfaces/btcpp_ros2_interfaces/action/detail/execute_tree__builder.hpp
[0.319s] -- Up-to-date: /home/frida/bt_ascend/install/btcpp_ros2_interfaces/include/btcpp_ros2_interfaces/btcpp_ros2_interfaces/action/detail/sleep__type_support.hpp
[0.319s] -- Up-to-date: /home/frida/bt_ascend/install/btcpp_ros2_interfaces/include/btcpp_ros2_interfaces/btcpp_ros2_interfaces/action/detail/execute_tree__struct.hpp
[0.319s] -- Up-to-date: /home/frida/bt_ascend/install/btcpp_ros2_interfaces/include/btcpp_ros2_interfaces/btcpp_ros2_interfaces/action/detail/execute_tree__type_support.hpp
[0.319s] -- Up-to-date: /home/frida/bt_ascend/install/btcpp_ros2_interfaces/include/btcpp_ros2_interfaces/btcpp_ros2_interfaces/action/detail/sleep__struct.hpp
[0.319s] -- Up-to-date: /home/frida/bt_ascend/install/btcpp_ros2_interfaces/include/btcpp_ros2_interfaces/btcpp_ros2_interfaces/action/detail/sleep__traits.hpp
[0.319s] -- Up-to-date: /home/frida/bt_ascend/install/btcpp_ros2_interfaces/include/btcpp_ros2_interfaces/btcpp_ros2_interfaces/action/detail/sleep__builder.hpp
[0.319s] -- Up-to-date: /home/frida/bt_ascend/install/btcpp_ros2_interfaces/include/btcpp_ros2_interfaces/btcpp_ros2_interfaces/action/execute_tree.hpp
[0.319s] -- Up-to-date: /home/frida/bt_ascend/install/btcpp_ros2_interfaces/include/btcpp_ros2_interfaces/btcpp_ros2_interfaces/msg
[0.319s] -- Up-to-date: /home/frida/bt_ascend/install/btcpp_ros2_interfaces/include/btcpp_ros2_interfaces/btcpp_ros2_interfaces/msg/node_status.hpp
[0.319s] -- Up-to-date: /home/frida/bt_ascend/install/btcpp_ros2_interfaces/include/btcpp_ros2_interfaces/btcpp_ros2_interfaces/msg/rosidl_generator_cpp__visibility_control.hpp
[0.319s] -- Up-to-date: /home/frida/bt_ascend/install/btcpp_ros2_interfaces/include/btcpp_ros2_interfaces/btcpp_ros2_interfaces/msg/detail
[0.319s] -- Up-to-date: /home/frida/bt_ascend/install/btcpp_ros2_interfaces/include/btcpp_ros2_interfaces/btcpp_ros2_interfaces/msg/detail/node_status__type_support.hpp
[0.320s] -- Up-to-date: /home/frida/bt_ascend/install/btcpp_ros2_interfaces/include/btcpp_ros2_interfaces/btcpp_ros2_interfaces/msg/detail/node_status__builder.hpp
[0.320s] -- Up-to-date: /home/frida/bt_ascend/install/btcpp_ros2_interfaces/include/btcpp_ros2_interfaces/btcpp_ros2_interfaces/msg/detail/node_status__struct.hpp
[0.320s] -- Up-to-date: /home/frida/bt_ascend/install/btcpp_ros2_interfaces/include/btcpp_ros2_interfaces/btcpp_ros2_interfaces/msg/detail/node_status__traits.hpp
[0.320s] -- Up-to-date: /home/frida/bt_ascend/install/btcpp_ros2_interfaces/include/btcpp_ros2_interfaces/btcpp_ros2_interfaces
[0.320s] -- Up-to-date: /home/frida/bt_ascend/install/btcpp_ros2_interfaces/include/btcpp_ros2_interfaces/btcpp_ros2_interfaces/action
[0.320s] -- Up-to-date: /home/frida/bt_ascend/install/btcpp_ros2_interfaces/include/btcpp_ros2_interfaces/btcpp_ros2_interfaces/action/detail
[0.320s] -- Up-to-date: /home/frida/bt_ascend/install/btcpp_ros2_interfaces/include/btcpp_ros2_interfaces/btcpp_ros2_interfaces/action/detail/execute_tree__rosidl_typesupport_fastrtps_cpp.hpp
[0.320s] -- Up-to-date: /home/frida/bt_ascend/install/btcpp_ros2_interfaces/include/btcpp_ros2_interfaces/btcpp_ros2_interfaces/action/detail/sleep__rosidl_typesupport_fastrtps_cpp.hpp
[0.320s] -- Up-to-date: /home/frida/bt_ascend/install/btcpp_ros2_interfaces/include/btcpp_ros2_interfaces/btcpp_ros2_interfaces/action/detail/dds_fastrtps
[0.320s] -- Up-to-date: /home/frida/bt_ascend/install/btcpp_ros2_interfaces/include/btcpp_ros2_interfaces/btcpp_ros2_interfaces/msg
[0.320s] -- Up-to-date: /home/frida/bt_ascend/install/btcpp_ros2_interfaces/include/btcpp_ros2_interfaces/btcpp_ros2_interfaces/msg/detail
[0.320s] -- Up-to-date: /home/frida/bt_ascend/install/btcpp_ros2_interfaces/include/btcpp_ros2_interfaces/btcpp_ros2_interfaces/msg/detail/dds_fastrtps
[0.321s] -- Up-to-date: /home/frida/bt_ascend/install/btcpp_ros2_interfaces/include/btcpp_ros2_interfaces/btcpp_ros2_interfaces/msg/detail/node_status__rosidl_typesupport_fastrtps_cpp.hpp
[0.321s] -- Up-to-date: /home/frida/bt_ascend/install/btcpp_ros2_interfaces/include/btcpp_ros2_interfaces/btcpp_ros2_interfaces/msg/rosidl_typesupport_fastrtps_cpp__visibility_control.h
[0.321s] -- Up-to-date: /home/frida/bt_ascend/install/btcpp_ros2_interfaces/lib/libbtcpp_ros2_interfaces__rosidl_typesupport_fastrtps_cpp.so
[0.321s] -- Up-to-date: /home/frida/bt_ascend/install/btcpp_ros2_interfaces/include/btcpp_ros2_interfaces/btcpp_ros2_interfaces
[0.321s] -- Up-to-date: /home/frida/bt_ascend/install/btcpp_ros2_interfaces/include/btcpp_ros2_interfaces/btcpp_ros2_interfaces/action
[0.321s] -- Up-to-date: /home/frida/bt_ascend/install/btcpp_ros2_interfaces/include/btcpp_ros2_interfaces/btcpp_ros2_interfaces/action/detail
[0.321s] -- Up-to-date: /home/frida/bt_ascend/install/btcpp_ros2_interfaces/include/btcpp_ros2_interfaces/btcpp_ros2_interfaces/action/detail/sleep__type_support.cpp
[0.321s] -- Up-to-date: /home/frida/bt_ascend/install/btcpp_ros2_interfaces/include/btcpp_ros2_interfaces/btcpp_ros2_interfaces/action/detail/execute_tree__type_support.cpp
[0.321s] -- Up-to-date: /home/frida/bt_ascend/install/btcpp_ros2_interfaces/include/btcpp_ros2_interfaces/btcpp_ros2_interfaces/action/detail/execute_tree__rosidl_typesupport_introspection_cpp.hpp
[0.321s] -- Up-to-date: /home/frida/bt_ascend/install/btcpp_ros2_interfaces/include/btcpp_ros2_interfaces/btcpp_ros2_interfaces/action/detail/sleep__rosidl_typesupport_introspection_cpp.hpp
[0.321s] -- Up-to-date: /home/frida/bt_ascend/install/btcpp_ros2_interfaces/include/btcpp_ros2_interfaces/btcpp_ros2_interfaces/msg
[0.321s] -- Up-to-date: /home/frida/bt_ascend/install/btcpp_ros2_interfaces/include/btcpp_ros2_interfaces/btcpp_ros2_interfaces/msg/detail
[0.321s] -- Up-to-date: /home/frida/bt_ascend/install/btcpp_ros2_interfaces/include/btcpp_ros2_interfaces/btcpp_ros2_interfaces/msg/detail/node_status__rosidl_typesupport_introspection_cpp.hpp
[0.322s] -- Up-to-date: /home/frida/bt_ascend/install/btcpp_ros2_interfaces/include/btcpp_ros2_interfaces/btcpp_ros2_interfaces/msg/detail/node_status__type_support.cpp
[0.322s] -- Up-to-date: /home/frida/bt_ascend/install/btcpp_ros2_interfaces/lib/libbtcpp_ros2_interfaces__rosidl_typesupport_introspection_cpp.so
[0.322s] -- Up-to-date: /home/frida/bt_ascend/install/btcpp_ros2_interfaces/lib/libbtcpp_ros2_interfaces__rosidl_typesupport_cpp.so
[0.322s] -- Up-to-date: /home/frida/bt_ascend/install/btcpp_ros2_interfaces/share/btcpp_ros2_interfaces/environment/pythonpath.sh
[0.322s] -- Up-to-date: /home/frida/bt_ascend/install/btcpp_ros2_interfaces/share/btcpp_ros2_interfaces/environment/pythonpath.dsv
[0.322s] -- Up-to-date: /home/frida/bt_ascend/install/btcpp_ros2_interfaces/local/lib/python3.10/dist-packages/btcpp_ros2_interfaces-0.2.0-py3.10.egg-info
[0.322s] -- Installing: /home/frida/bt_ascend/install/btcpp_ros2_interfaces/local/lib/python3.10/dist-packages/btcpp_ros2_interfaces-0.2.0-py3.10.egg-info/top_level.txt
[0.322s] -- Installing: /home/frida/bt_ascend/install/btcpp_ros2_interfaces/local/lib/python3.10/dist-packages/btcpp_ros2_interfaces-0.2.0-py3.10.egg-info/SOURCES.txt
[0.322s] -- Installing: /home/frida/bt_ascend/install/btcpp_ros2_interfaces/local/lib/python3.10/dist-packages/btcpp_ros2_interfaces-0.2.0-py3.10.egg-info/dependency_links.txt
[0.322s] -- Installing: /home/frida/bt_ascend/install/btcpp_ros2_interfaces/local/lib/python3.10/dist-packages/btcpp_ros2_interfaces-0.2.0-py3.10.egg-info/PKG-INFO
[0.322s] -- Up-to-date: /home/frida/bt_ascend/install/btcpp_ros2_interfaces/local/lib/python3.10/dist-packages/btcpp_ros2_interfaces
[0.322s] -- Up-to-date: /home/frida/bt_ascend/install/btcpp_ros2_interfaces/local/lib/python3.10/dist-packages/btcpp_ros2_interfaces/libbtcpp_ros2_interfaces__rosidl_generator_py.so
[0.323s] -- Up-to-date: /home/frida/bt_ascend/install/btcpp_ros2_interfaces/local/lib/python3.10/dist-packages/btcpp_ros2_interfaces/action
[0.323s] -- Up-to-date: /home/frida/bt_ascend/install/btcpp_ros2_interfaces/local/lib/python3.10/dist-packages/btcpp_ros2_interfaces/action/_execute_tree.py
[0.323s] -- Up-to-date: /home/frida/bt_ascend/install/btcpp_ros2_interfaces/local/lib/python3.10/dist-packages/btcpp_ros2_interfaces/action/_sleep.py
[0.323s] -- Up-to-date: /home/frida/bt_ascend/install/btcpp_ros2_interfaces/local/lib/python3.10/dist-packages/btcpp_ros2_interfaces/action/_sleep_s.c
[0.323s] -- Up-to-date: /home/frida/bt_ascend/install/btcpp_ros2_interfaces/local/lib/python3.10/dist-packages/btcpp_ros2_interfaces/action/_execute_tree_s.c
[0.323s] -- Up-to-date: /home/frida/bt_ascend/install/btcpp_ros2_interfaces/local/lib/python3.10/dist-packages/btcpp_ros2_interfaces/action/__init__.py
[0.323s] -- Up-to-date: /home/frida/bt_ascend/install/btcpp_ros2_interfaces/local/lib/python3.10/dist-packages/btcpp_ros2_interfaces/_btcpp_ros2_interfaces_s.ep.rosidl_typesupport_introspection_c.c
[0.323s] -- Up-to-date: /home/frida/bt_ascend/install/btcpp_ros2_interfaces/local/lib/python3.10/dist-packages/btcpp_ros2_interfaces/_btcpp_ros2_interfaces_s.ep.rosidl_typesupport_c.c
[0.323s] -- Up-to-date: /home/frida/bt_ascend/install/btcpp_ros2_interfaces/local/lib/python3.10/dist-packages/btcpp_ros2_interfaces/btcpp_ros2_interfaces_s__rosidl_typesupport_c.cpython-310-x86_64-linux-gnu.so
[0.323s] -- Up-to-date: /home/frida/bt_ascend/install/btcpp_ros2_interfaces/local/lib/python3.10/dist-packages/btcpp_ros2_interfaces/_btcpp_ros2_interfaces_s.ep.rosidl_typesupport_fastrtps_c.c
[0.323s] -- Up-to-date: /home/frida/bt_ascend/install/btcpp_ros2_interfaces/local/lib/python3.10/dist-packages/btcpp_ros2_interfaces/btcpp_ros2_interfaces_s__rosidl_typesupport_fastrtps_c.cpython-310-x86_64-linux-gnu.so
[0.323s] -- Up-to-date: /home/frida/bt_ascend/install/btcpp_ros2_interfaces/local/lib/python3.10/dist-packages/btcpp_ros2_interfaces/btcpp_ros2_interfaces_s__rosidl_typesupport_introspection_c.cpython-310-x86_64-linux-gnu.so
[0.323s] -- Up-to-date: /home/frida/bt_ascend/install/btcpp_ros2_interfaces/local/lib/python3.10/dist-packages/btcpp_ros2_interfaces/msg
[0.323s] -- Up-to-date: /home/frida/bt_ascend/install/btcpp_ros2_interfaces/local/lib/python3.10/dist-packages/btcpp_ros2_interfaces/msg/_node_status_s.c
[0.323s] -- Up-to-date: /home/frida/bt_ascend/install/btcpp_ros2_interfaces/local/lib/python3.10/dist-packages/btcpp_ros2_interfaces/msg/_node_status.py
[0.323s] -- Up-to-date: /home/frida/bt_ascend/install/btcpp_ros2_interfaces/local/lib/python3.10/dist-packages/btcpp_ros2_interfaces/msg/__init__.py
[0.323s] -- Up-to-date: /home/frida/bt_ascend/install/btcpp_ros2_interfaces/local/lib/python3.10/dist-packages/btcpp_ros2_interfaces/__init__.py
[0.342s] Listing '/home/frida/bt_ascend/install/btcpp_ros2_interfaces/local/lib/python3.10/dist-packages/btcpp_ros2_interfaces'...
[0.342s] Listing '/home/frida/bt_ascend/install/btcpp_ros2_interfaces/local/lib/python3.10/dist-packages/btcpp_ros2_interfaces/action'...
[0.342s] Listing '/home/frida/bt_ascend/install/btcpp_ros2_interfaces/local/lib/python3.10/dist-packages/btcpp_ros2_interfaces/msg'...
[0.346s] -- Up-to-date: /home/frida/bt_ascend/install/btcpp_ros2_interfaces/local/lib/python3.10/dist-packages/btcpp_ros2_interfaces/btcpp_ros2_interfaces_s__rosidl_typesupport_fastrtps_c.cpython-310-x86_64-linux-gnu.so
[0.346s] -- Up-to-date: /home/frida/bt_ascend/install/btcpp_ros2_interfaces/local/lib/python3.10/dist-packages/btcpp_ros2_interfaces/btcpp_ros2_interfaces_s__rosidl_typesupport_introspection_c.cpython-310-x86_64-linux-gnu.so
[0.346s] -- Up-to-date: /home/frida/bt_ascend/install/btcpp_ros2_interfaces/local/lib/python3.10/dist-packages/btcpp_ros2_interfaces/btcpp_ros2_interfaces_s__rosidl_typesupport_c.cpython-310-x86_64-linux-gnu.so
[0.346s] -- Up-to-date: /home/frida/bt_ascend/install/btcpp_ros2_interfaces/lib/libbtcpp_ros2_interfaces__rosidl_generator_py.so
[0.347s] -- Up-to-date: /home/frida/bt_ascend/install/btcpp_ros2_interfaces/share/btcpp_ros2_interfaces/msg/NodeStatus.idl
[0.347s] -- Up-to-date: /home/frida/bt_ascend/install/btcpp_ros2_interfaces/share/btcpp_ros2_interfaces/action/ExecuteTree.idl
[0.347s] -- Up-to-date: /home/frida/bt_ascend/install/btcpp_ros2_interfaces/share/btcpp_ros2_interfaces/action/Sleep.idl
[0.347s] -- Up-to-date: /home/frida/bt_ascend/install/btcpp_ros2_interfaces/share/btcpp_ros2_interfaces/msg/NodeStatus.msg
[0.347s] -- Up-to-date: /home/frida/bt_ascend/install/btcpp_ros2_interfaces/share/btcpp_ros2_interfaces/action/ExecuteTree.action
[0.347s] -- Up-to-date: /home/frida/bt_ascend/install/btcpp_ros2_interfaces/share/btcpp_ros2_interfaces/action/Sleep.action
[0.347s] -- Up-to-date: /home/frida/bt_ascend/install/btcpp_ros2_interfaces/share/ament_index/resource_index/package_run_dependencies/btcpp_ros2_interfaces
[0.347s] -- Up-to-date: /home/frida/bt_ascend/install/btcpp_ros2_interfaces/share/ament_index/resource_index/parent_prefix_path/btcpp_ros2_interfaces
[0.347s] -- Up-to-date: /home/frida/bt_ascend/install/btcpp_ros2_interfaces/share/btcpp_ros2_interfaces/environment/ament_prefix_path.sh
[0.347s] -- Up-to-date: /home/frida/bt_ascend/install/btcpp_ros2_interfaces/share/btcpp_ros2_interfaces/environment/ament_prefix_path.dsv
[0.347s] -- Up-to-date: /home/frida/bt_ascend/install/btcpp_ros2_interfaces/share/btcpp_ros2_interfaces/environment/path.sh
[0.347s] -- Up-to-date: /home/frida/bt_ascend/install/btcpp_ros2_interfaces/share/btcpp_ros2_interfaces/environment/path.dsv
[0.348s] -- Up-to-date: /home/frida/bt_ascend/install/btcpp_ros2_interfaces/share/btcpp_ros2_interfaces/local_setup.bash
[0.348s] -- Up-to-date: /home/frida/bt_ascend/install/btcpp_ros2_interfaces/share/btcpp_ros2_interfaces/local_setup.sh
[0.348s] -- Up-to-date: /home/frida/bt_ascend/install/btcpp_ros2_interfaces/share/btcpp_ros2_interfaces/local_setup.zsh
[0.348s] -- Up-to-date: /home/frida/bt_ascend/install/btcpp_ros2_interfaces/share/btcpp_ros2_interfaces/local_setup.dsv
[0.348s] -- Installing: /home/frida/bt_ascend/install/btcpp_ros2_interfaces/share/btcpp_ros2_interfaces/package.dsv
[0.348s] -- Up-to-date: /home/frida/bt_ascend/install/btcpp_ros2_interfaces/share/ament_index/resource_index/packages/btcpp_ros2_interfaces
[0.348s] -- Up-to-date: /home/frida/bt_ascend/install/btcpp_ros2_interfaces/share/btcpp_ros2_interfaces/cmake/export_btcpp_ros2_interfaces__rosidl_generator_cExport.cmake
[0.349s] -- Up-to-date: /home/frida/bt_ascend/install/btcpp_ros2_interfaces/share/btcpp_ros2_interfaces/cmake/export_btcpp_ros2_interfaces__rosidl_generator_cExport-noconfig.cmake
[0.349s] -- Up-to-date: /home/frida/bt_ascend/install/btcpp_ros2_interfaces/share/btcpp_ros2_interfaces/cmake/export_btcpp_ros2_interfaces__rosidl_typesupport_fastrtps_cExport.cmake
[0.349s] -- Up-to-date: /home/frida/bt_ascend/install/btcpp_ros2_interfaces/share/btcpp_ros2_interfaces/cmake/export_btcpp_ros2_interfaces__rosidl_typesupport_fastrtps_cExport-noconfig.cmake
[0.349s] -- Up-to-date: /home/frida/bt_ascend/install/btcpp_ros2_interfaces/share/btcpp_ros2_interfaces/cmake/btcpp_ros2_interfaces__rosidl_typesupport_introspection_cExport.cmake
[0.349s] -- Up-to-date: /home/frida/bt_ascend/install/btcpp_ros2_interfaces/share/btcpp_ros2_interfaces/cmake/btcpp_ros2_interfaces__rosidl_typesupport_introspection_cExport-noconfig.cmake
[0.349s] -- Up-to-date: /home/frida/bt_ascend/install/btcpp_ros2_interfaces/share/btcpp_ros2_interfaces/cmake/btcpp_ros2_interfaces__rosidl_typesupport_cExport.cmake
[0.349s] -- Up-to-date: /home/frida/bt_ascend/install/btcpp_ros2_interfaces/share/btcpp_ros2_interfaces/cmake/btcpp_ros2_interfaces__rosidl_typesupport_cExport-noconfig.cmake
[0.349s] -- Up-to-date: /home/frida/bt_ascend/install/btcpp_ros2_interfaces/share/btcpp_ros2_interfaces/cmake/export_btcpp_ros2_interfaces__rosidl_generator_cppExport.cmake
[0.350s] -- Up-to-date: /home/frida/bt_ascend/install/btcpp_ros2_interfaces/share/btcpp_ros2_interfaces/cmake/export_btcpp_ros2_interfaces__rosidl_typesupport_fastrtps_cppExport.cmake
[0.350s] -- Up-to-date: /home/frida/bt_ascend/install/btcpp_ros2_interfaces/share/btcpp_ros2_interfaces/cmake/export_btcpp_ros2_interfaces__rosidl_typesupport_fastrtps_cppExport-noconfig.cmake
[0.351s] -- Up-to-date: /home/frida/bt_ascend/install/btcpp_ros2_interfaces/share/btcpp_ros2_interfaces/cmake/btcpp_ros2_interfaces__rosidl_typesupport_introspection_cppExport.cmake
[0.351s] -- Up-to-date: /home/frida/bt_ascend/install/btcpp_ros2_interfaces/share/btcpp_ros2_interfaces/cmake/btcpp_ros2_interfaces__rosidl_typesupport_introspection_cppExport-noconfig.cmake
[0.351s] -- Up-to-date: /home/frida/bt_ascend/install/btcpp_ros2_interfaces/share/btcpp_ros2_interfaces/cmake/btcpp_ros2_interfaces__rosidl_typesupport_cppExport.cmake
[0.351s] -- Up-to-date: /home/frida/bt_ascend/install/btcpp_ros2_interfaces/share/btcpp_ros2_interfaces/cmake/btcpp_ros2_interfaces__rosidl_typesupport_cppExport-noconfig.cmake
[0.351s] -- Up-to-date: /home/frida/bt_ascend/install/btcpp_ros2_interfaces/share/btcpp_ros2_interfaces/cmake/export_btcpp_ros2_interfaces__rosidl_generator_pyExport.cmake
[0.352s] -- Up-to-date: /home/frida/bt_ascend/install/btcpp_ros2_interfaces/share/btcpp_ros2_interfaces/cmake/export_btcpp_ros2_interfaces__rosidl_generator_pyExport-noconfig.cmake
[0.352s] -- Up-to-date: /home/frida/bt_ascend/install/btcpp_ros2_interfaces/share/btcpp_ros2_interfaces/cmake/rosidl_cmake-extras.cmake
[0.352s] -- Up-to-date: /home/frida/bt_ascend/install/btcpp_ros2_interfaces/share/btcpp_ros2_interfaces/cmake/ament_cmake_export_dependencies-extras.cmake
[0.352s] -- Up-to-date: /home/frida/bt_ascend/install/btcpp_ros2_interfaces/share/btcpp_ros2_interfaces/cmake/ament_cmake_export_include_directories-extras.cmake
[0.353s] -- Up-to-date: /home/frida/bt_ascend/install/btcpp_ros2_interfaces/share/btcpp_ros2_interfaces/cmake/ament_cmake_export_libraries-extras.cmake
[0.353s] -- Up-to-date: /home/frida/bt_ascend/install/btcpp_ros2_interfaces/share/btcpp_ros2_interfaces/cmake/ament_cmake_export_targets-extras.cmake
[0.353s] -- Up-to-date: /home/frida/bt_ascend/install/btcpp_ros2_interfaces/share/btcpp_ros2_interfaces/cmake/rosidl_cmake_export_typesupport_targets-extras.cmake
[0.354s] -- Up-to-date: /home/frida/bt_ascend/install/btcpp_ros2_interfaces/share/btcpp_ros2_interfaces/cmake/rosidl_cmake_export_typesupport_libraries-extras.cmake
[0.354s] -- Up-to-date: /home/frida/bt_ascend/install/btcpp_ros2_interfaces/share/btcpp_ros2_interfaces/cmake/btcpp_ros2_interfacesConfig.cmake
[0.354s] -- Up-to-date: /home/frida/bt_ascend/install/btcpp_ros2_interfaces/share/btcpp_ros2_interfaces/cmake/btcpp_ros2_interfacesConfig-version.cmake
[0.354s] -- Up-to-date: /home/frida/bt_ascend/install/btcpp_ros2_interfaces/share/btcpp_ros2_interfaces/package.xml
[0.355s] Invoked command in '/home/frida/bt_ascend/build/btcpp_ros2_interfaces' returned '0': CMAKE_PREFIX_PATH=${CMAKE_PREFIX_PATH}:/home/frida/ros_tut/install/robot_cont:/opt/ros/humble /usr/bin/cmake --install /home/frida/bt_ascend/build/btcpp_ros2_interfaces
