[0.011s] Invoking command in '/home/frida/bt_ascend/build/behaviortree_cpp': CMAKE_PREFIX_PATH=${CMAKE_PREFIX_PATH}:/home/frida/ros_tut/install/robot_cont:/opt/ros/humble /usr/bin/cmake /home/frida/bt_ascend/src/BehaviorTree.CPP -DCMAKE_INSTALL_PREFIX=/home/frida/bt_ascend/install/behaviortree_cpp
[0.091s] -- The C compiler identification is GNU 11.4.0
[0.153s] -- The CXX compiler identification is GNU 11.4.0
[0.159s] -- Detecting C compiler ABI info
[0.217s] -- Detecting C compiler ABI info - done
[0.223s] -- Check for working C compiler: /usr/bin/cc - skipped
[0.223s] -- Detecting C compile features
[0.223s] -- Detecting C compile features - done
[0.226s] -- Detecting CXX compiler ABI info
[0.301s] -- Detecting CXX compiler ABI info - done
[0.310s] -- Check for working CXX compiler: /usr/bin/c++ - skipped
[0.310s] -- Detecting CXX compile features
[0.311s] -- Detecting CXX compile features - done
[0.311s] -- Setting build type to 'Release' as none was specified.
[0.312s] -- Looking for pthread.h
[0.375s] -- Looking for pthread.h - found
[0.375s] -- Performing Test CMAKE_HAVE_LIBC_PTHREAD
[0.440s] -- Performing Test CMAKE_HAVE_LIBC_PTHREAD - Success
[0.441s] -- Found Threads: TRUE  
[0.560s] -- Found Python3: /usr/bin/python3 (found version "3.10.12") found components: Interpreter 
[0.626s] -- ------------------------------------------
[0.626s] -- BehaviourTree is being built using AMENT.
[0.626s] -- ------------------------------------------
[0.635s] -- Found ZeroMQ: /usr/lib/x86_64-linux-gnu/libzmq.so  
[0.637s] -- Found SQLite3: /usr/include (found version "3.37.2") 
[0.638s] -- Found ament_index_cpp: 1.4.0 (/opt/ros/humble/share/ament_index_cpp/cmake)
[0.643s] -- BTCPP_EXTRA_LIBRARIES: $<BUILD_INTERFACE:ament_index_cpp::ament_index_cpp>;$<BUILD_INTERFACE:/usr/lib/x86_64-linux-gnu/libzmq.so>;$<BUILD_INTERFACE:/usr/lib/x86_64-linux-gnu/libsqlite3.so>
[0.643s] -- BTCPP_LIB_DESTINATION:   lib 
[0.644s] -- BTCPP_INCLUDE_DESTINATION: include 
[0.644s] -- BTCPP_UNIT_TESTS:   ON 
[0.646s] -- Found ament_cmake_gtest: 1.3.11 (/opt/ros/humble/share/ament_cmake_gtest/cmake)
[0.648s] -- Found gtest sources under '/opt/ros/humble/src/gtest_vendor': C++ tests using 'Google Test' will be built
[0.703s] -- Configuring done
[0.741s] -- Generating done
[0.750s] -- Build files have been written to: /home/frida/bt_ascend/build/behaviortree_cpp
[0.755s] Invoked command in '/home/frida/bt_ascend/build/behaviortree_cpp' returned '0': CMAKE_PREFIX_PATH=${CMAKE_PREFIX_PATH}:/home/frida/ros_tut/install/robot_cont:/opt/ros/humble /usr/bin/cmake /home/frida/bt_ascend/src/BehaviorTree.CPP -DCMAKE_INSTALL_PREFIX=/home/frida/bt_ascend/install/behaviortree_cpp
[0.757s] Invoking command in '/home/frida/bt_ascend/build/behaviortree_cpp': CMAKE_PREFIX_PATH=${CMAKE_PREFIX_PATH}:/home/frida/ros_tut/install/robot_cont:/opt/ros/humble /usr/bin/cmake --build /home/frida/bt_ascend/build/behaviortree_cpp -- -j16 -l16
[0.804s] [  2%] [32mBuilding CXX object CMakeFiles/minitrace.dir/3rdparty/minitrace/minitrace.cpp.o[0m
[0.804s] [  2%] [32mBuilding CXX object gtest/CMakeFiles/gtest_main.dir/src/gtest_main.cc.o[0m
[0.805s] [  3%] [32mBuilding CXX object 3rdparty/lexy/src/CMakeFiles/lexy_file.dir/input/file.cpp.o[0m
[0.805s] [  3%] [32mBuilding CXX object gtest/CMakeFiles/gtest.dir/src/gtest-all.cc.o[0m
[0.922s] [  4%] [32m[1mLinking CXX static library liblexy_file.a[0m
[0.950s] [  4%] [32m[1mLinking CXX static library libminitrace.a[0m
[0.956s] [  4%] Built target lexy_file
[0.983s] [  4%] Built target minitrace
[1.008s] [  4%] [32mBuilding CXX object CMakeFiles/behaviortree_cpp.dir/src/action_node.cpp.o[0m
[1.008s] [  5%] [32mBuilding CXX object CMakeFiles/behaviortree_cpp.dir/src/condition_node.cpp.o[0m
[1.008s] [  7%] [32mBuilding CXX object CMakeFiles/behaviortree_cpp.dir/src/bt_factory.cpp.o[0m
[1.008s] [  7%] [32mBuilding CXX object CMakeFiles/behaviortree_cpp.dir/src/decorator_node.cpp.o[0m
[1.008s] [  7%] [32mBuilding CXX object CMakeFiles/behaviortree_cpp.dir/src/control_node.cpp.o[0m
[1.008s] [  8%] [32mBuilding CXX object CMakeFiles/behaviortree_cpp.dir/src/behavior_tree.cpp.o[0m
[1.008s] [  9%] [32mBuilding CXX object CMakeFiles/behaviortree_cpp.dir/src/tree_node.cpp.o[0m
[1.008s] [ 10%] [32mBuilding CXX object CMakeFiles/behaviortree_cpp.dir/src/basic_types.cpp.o[0m
[1.008s] [ 10%] [32mBuilding CXX object CMakeFiles/behaviortree_cpp.dir/src/json_export.cpp.o[0m
[1.009s] [ 10%] [32mBuilding CXX object CMakeFiles/behaviortree_cpp.dir/src/blackboard.cpp.o[0m
[1.009s] [ 11%] [32mBuilding CXX object CMakeFiles/behaviortree_cpp.dir/src/actions/test_node.cpp.o[0m
[1.009s] [ 12%] [32mBuilding CXX object CMakeFiles/behaviortree_cpp.dir/src/shared_library.cpp.o[0m
[1.015s] [ 13%] [32mBuilding CXX object CMakeFiles/behaviortree_cpp.dir/src/script_parser.cpp.o[0m
[1.023s] [ 14%] [32mBuilding CXX object CMakeFiles/behaviortree_cpp.dir/src/xml_parsing.cpp.o[0m
[1.991s] [ 14%] [32mBuilding CXX object CMakeFiles/behaviortree_cpp.dir/src/actions/sleep_node.cpp.o[0m
[2.734s] [ 14%] [32m[1mLinking CXX static library libgtest_main.a[0m
[2.838s] [ 14%] Built target gtest_main
[2.874s] [ 15%] [32mBuilding CXX object CMakeFiles/behaviortree_cpp.dir/src/actions/updated_action.cpp.o[0m
[5.576s] [ 16%] [32mBuilding CXX object CMakeFiles/behaviortree_cpp.dir/src/decorators/delay_node.cpp.o[0m
[7.076s] [ 17%] [32mBuilding CXX object CMakeFiles/behaviortree_cpp.dir/src/decorators/inverter_node.cpp.o[0m
[7.476s] [ 17%] [32mBuilding CXX object CMakeFiles/behaviortree_cpp.dir/src/decorators/repeat_node.cpp.o[0m
[8.230s] [ 18%] [32mBuilding CXX object CMakeFiles/behaviortree_cpp.dir/src/decorators/retry_node.cpp.o[0m
[8.689s] [ 19%] [32mBuilding CXX object CMakeFiles/behaviortree_cpp.dir/src/decorators/subtree_node.cpp.o[0m
[9.772s] [ 20%] [32mBuilding CXX object CMakeFiles/behaviortree_cpp.dir/src/decorators/timeout_node.cpp.o[0m
[9.889s] [ 20%] [32mBuilding CXX object CMakeFiles/behaviortree_cpp.dir/src/decorators/updated_decorator.cpp.o[0m
[10.104s] [ 21%] [32mBuilding CXX object CMakeFiles/behaviortree_cpp.dir/src/controls/if_then_else_node.cpp.o[0m
[10.513s] [ 22%] [32mBuilding CXX object CMakeFiles/behaviortree_cpp.dir/src/controls/fallback_node.cpp.o[0m
[11.018s] [ 22%] [32mBuilding CXX object CMakeFiles/behaviortree_cpp.dir/src/controls/parallel_node.cpp.o[0m
[11.032s] [ 23%] [32mBuilding CXX object CMakeFiles/behaviortree_cpp.dir/src/controls/parallel_all_node.cpp.o[0m
[12.863s] [ 24%] [32mBuilding CXX object CMakeFiles/behaviortree_cpp.dir/src/controls/reactive_sequence.cpp.o[0m
[13.864s] [ 25%] [32mBuilding CXX object CMakeFiles/behaviortree_cpp.dir/src/controls/reactive_fallback.cpp.o[0m
[14.321s] [ 25%] [32mBuilding CXX object CMakeFiles/behaviortree_cpp.dir/src/controls/sequence_node.cpp.o[0m
[14.482s] [ 26%] [32mBuilding CXX object CMakeFiles/behaviortree_cpp.dir/src/controls/sequence_with_memory_node.cpp.o[0m
[14.715s] [ 27%] [32mBuilding CXX object CMakeFiles/behaviortree_cpp.dir/src/controls/switch_node.cpp.o[0m
[14.832s] [ 28%] [32mBuilding CXX object CMakeFiles/behaviortree_cpp.dir/src/controls/while_do_else_node.cpp.o[0m
[15.100s] [ 28%] [32mBuilding CXX object CMakeFiles/behaviortree_cpp.dir/src/loggers/bt_cout_logger.cpp.o[0m
[16.400s] [ 29%] [32mBuilding CXX object CMakeFiles/behaviortree_cpp.dir/src/loggers/bt_file_logger_v2.cpp.o[0m
[16.551s] [ 30%] [32mBuilding CXX object CMakeFiles/behaviortree_cpp.dir/src/loggers/bt_minitrace_logger.cpp.o[0m
[16.858s] [ 31%] [32mBuilding CXX object CMakeFiles/behaviortree_cpp.dir/src/loggers/bt_observer.cpp.o[0m
[17.355s] [ 31%] [32mBuilding CXX object CMakeFiles/behaviortree_cpp.dir/3rdparty/tinyxml2/tinyxml2.cpp.o[0m
[17.469s] [ 32%] [32mBuilding CXX object CMakeFiles/behaviortree_cpp.dir/src/loggers/groot2_publisher.cpp.o[0m
[17.676s] [ 33%] [32mBuilding CXX object CMakeFiles/behaviortree_cpp.dir/src/loggers/bt_sqlite_logger.cpp.o[0m
[17.944s] [ 33%] [32mBuilding CXX object CMakeFiles/behaviortree_cpp.dir/src/shared_library_UNIX.cpp.o[0m
[19.317s] [ 34%] [32m[1mLinking CXX static library libgtest.a[0m
[19.381s] [ 34%] Built target gtest
[29.458s] [ 35%] [32m[1mLinking CXX shared library libbehaviortree_cpp.so[0m
[29.594s] [ 35%] Built target behaviortree_cpp
[29.619s] [ 36%] [32mBuilding CXX object sample_nodes/CMakeFiles/crossdoor_nodes_dyn.dir/crossdoor_nodes.cpp.o[0m
[29.619s] [ 37%] [32mBuilding CXX object tools/CMakeFiles/bt4_plugin_manifest.dir/bt_plugin_manifest.cpp.o[0m
[29.622s] [ 38%] [32mBuilding CXX object sample_nodes/CMakeFiles/bt_sample_nodes.dir/dummy_nodes.cpp.o[0m
[29.625s] [ 38%] [32mBuilding CXX object sample_nodes/CMakeFiles/dummy_nodes_dyn.dir/dummy_nodes.cpp.o[0m
[29.625s] [ 39%] [32mBuilding CXX object sample_nodes/CMakeFiles/movebase_node_dyn.dir/movebase_node.cpp.o[0m
[29.625s] [ 39%] [32mBuilding CXX object examples/CMakeFiles/test_plugin_action.dir/plugin_example/plugin_action.cpp.o[0m
[29.625s] [ 40%] [32mBuilding CXX object sample_nodes/CMakeFiles/bt_sample_nodes.dir/crossdoor_nodes.cpp.o[0m
[29.625s] [ 41%] [32mBuilding CXX object sample_nodes/CMakeFiles/bt_sample_nodes.dir/movebase_node.cpp.o[0m
[29.628s] [ 42%] [32mBuilding CXX object examples/CMakeFiles/test_plugin_executor.dir/plugin_example/plugin_executor.cpp.o[0m
[29.629s] [ 43%] [32mBuilding CXX object examples/CMakeFiles/t01_first_tree_dynamic.dir/t01_build_your_first_tree.cpp.o[0m
[33.269s] [ 44%] [32m[1mLinking CXX shared library bin/libcrossdoor_nodes_dyn.so[0m
[33.458s] [ 44%] Built target crossdoor_nodes_dyn
[34.157s] [ 45%] [32m[1mLinking CXX shared library bin/libdummy_nodes_dyn.so[0m
[34.309s] [ 45%] Built target dummy_nodes_dyn
[34.423s] [ 45%] [32m[1mLinking CXX executable bt4_plugin_manifest[0m
[34.605s] [ 45%] Built target bt4_plugin_manifest
[35.376s] [ 46%] [32m[1mLinking CXX shared library test_plugin_action.so[0m
[35.510s] [ 46%] Built target test_plugin_action
[36.441s] [ 47%] [32m[1mLinking CXX executable test_plugin_executor[0m
[36.741s] [ 47%] Built target test_plugin_executor
[37.126s] [ 47%] [32m[1mLinking CXX executable t01_first_tree_dynamic[0m
[37.287s] [ 47%] Built target t01_first_tree_dynamic
[38.517s] [ 47%] [32m[1mLinking CXX static library lib/libbt_sample_nodes.a[0m
[38.570s] [ 47%] Built target bt_sample_nodes
[38.615s] [ 48%] [32mBuilding CXX object examples/CMakeFiles/t03_generic_ports.dir/t03_generic_ports.cpp.o[0m
[38.615s] [ 48%] [32mBuilding CXX object examples/CMakeFiles/t02_basic_ports.dir/t02_basic_ports.cpp.o[0m
[38.619s] [ 48%] [32mBuilding CXX object examples/CMakeFiles/t04_reactive_sequence.dir/t04_reactive_sequence.cpp.o[0m
[38.620s] [ 49%] [32mBuilding CXX object tests/CMakeFiles/behaviortree_cpp_test.dir/src/action_test_node.cpp.o[0m
[38.621s] [ 50%] [32mBuilding CXX object examples/CMakeFiles/t12_default_ports.dir/t12_default_ports.cpp.o[0m
[38.626s] [ 51%] [32mBuilding CXX object examples/CMakeFiles/t01_first_tree_static.dir/t01_build_your_first_tree.cpp.o[0m
[38.626s] [ 52%] [32mBuilding CXX object examples/CMakeFiles/t10_observer.dir/t10_observer.cpp.o[0m
[38.626s] [ 52%] [32mBuilding CXX object examples/CMakeFiles/t08_additional_node_args.dir/t08_additional_node_args.cpp.o[0m
[38.627s] [ 54%] [32mBuilding CXX object examples/CMakeFiles/t05_crossdoor.dir/t05_crossdoor.cpp.o[0m
[38.627s] [ 54%] [32mBuilding CXX object examples/CMakeFiles/t07_load_multiple_xml.dir/t07_load_multiple_xml.cpp.o[0m
[38.630s] [ 55%] [32mBuilding CXX object examples/CMakeFiles/t13_access_by_ref.dir/t13_access_by_ref.cpp.o[0m
[38.634s] [ 57%] [32mBuilding CXX object examples/CMakeFiles/t11_groot_howto.dir/t11_groot_howto.cpp.o[0m
[38.634s] [ 57%] [32mBuilding CXX object examples/CMakeFiles/t14_subtree_model.dir/t14_subtree_model.cpp.o[0m
[38.635s] [ 58%] [32m[1mLinking CXX shared library bin/libmovebase_node_dyn.so[0m
[38.644s] [ 59%] [32mBuilding CXX object examples/CMakeFiles/t09_scripting.dir/t09_scripting.cpp.o[0m
[38.644s] [ 59%] [32mBuilding CXX object examples/CMakeFiles/t06_subtree_port_remapping.dir/t06_subtree_port_remapping.cpp.o[0m
[39.112s] [ 59%] Built target movebase_node_dyn
[39.371s] [ 59%] [32mBuilding CXX object examples/CMakeFiles/t15_nodes_mocking.dir/t15_nodes_mocking.cpp.o[0m
[44.118s] [ 60%] [32mBuilding CXX object tests/CMakeFiles/behaviortree_cpp_test.dir/src/condition_test_node.cpp.o[0m
[45.471s] [ 61%] [32m[1mLinking CXX executable t07_load_multiple_xml[0m
[45.802s] [ 61%] Built target t07_load_multiple_xml
[45.834s] [ 62%] [32mBuilding CXX object examples/CMakeFiles/t16_global_blackboard.dir/t16_global_blackboard.cpp.o[0m
[47.268s] [ 63%] [32m[1mLinking CXX executable t01_first_tree_static[0m
[47.579s] [ 64%] [32m[1mLinking CXX executable t03_generic_ports[0m
[47.710s] [ 64%] Built target t03_generic_ports
[47.721s] [ 64%] [32mBuilding CXX object tests/CMakeFiles/behaviortree_cpp_test.dir/gtest_any.cpp.o[0m
[47.839s] [ 65%] [32m[1mLinking CXX executable t02_basic_ports[0m
[48.020s] [ 65%] Built target t01_first_tree_static
[48.282s] [ 65%] [32mBuilding CXX object examples/CMakeFiles/t17_blackboard_backup.dir/t17_blackboard_backup.cpp.o[0m
[48.340s] [ 66%] [32m[1mLinking CXX executable t12_default_ports[0m
[48.528s] [ 66%] Built target t12_default_ports
[48.552s] [ 67%] [32mBuilding CXX object tests/CMakeFiles/behaviortree_cpp_test.dir/gtest_blackboard.cpp.o[0m
[48.555s] [ 67%] Built target t02_basic_ports
[48.776s] [ 68%] [32mBuilding CXX object examples/CMakeFiles/t18_waypoints.dir/t18_waypoints.cpp.o[0m
[49.191s] [ 68%] [32m[1mLinking CXX executable t13_access_by_ref[0m
[49.837s] [ 68%] Built target t13_access_by_ref
[49.976s] [ 69%] [32mBuilding CXX object tests/CMakeFiles/behaviortree_cpp_test.dir/gtest_coroutines.cpp.o[0m
[50.137s] [ 70%] [32m[1mLinking CXX executable t06_subtree_port_remapping[0m
[50.533s] [ 70%] [32m[1mLinking CXX executable t09_scripting[0m
[50.864s] [ 70%] Built target t09_scripting
[50.878s] [ 71%] [32mBuilding CXX object tests/CMakeFiles/behaviortree_cpp_test.dir/gtest_decorator.cpp.o[0m
[50.942s] [ 72%] [32m[1mLinking CXX executable t04_reactive_sequence[0m
[50.970s] [ 72%] Built target t06_subtree_port_remapping
[51.004s] [ 73%] [32mBuilding CXX object examples/CMakeFiles/ex01_wrap_legacy.dir/ex01_wrap_legacy.cpp.o[0m
[51.189s] [ 73%] Built target t04_reactive_sequence
[51.205s] [ 73%] [32mBuilding CXX object tests/CMakeFiles/behaviortree_cpp_test.dir/gtest_enums.cpp.o[0m
[51.354s] [ 74%] [32m[1mLinking CXX executable t08_additional_node_args[0m
[51.604s] [ 74%] Built target t08_additional_node_args
[51.624s] [ 75%] [32mBuilding CXX object tests/CMakeFiles/behaviortree_cpp_test.dir/gtest_factory.cpp.o[0m
[52.083s] [ 76%] [32m[1mLinking CXX executable t14_subtree_model[0m
[52.271s] [ 76%] [32m[1mLinking CXX executable t11_groot_howto[0m
[52.306s] [ 76%] Built target t14_subtree_model
[52.321s] [ 77%] [32mBuilding CXX object tests/CMakeFiles/behaviortree_cpp_test.dir/gtest_fallback.cpp.o[0m
[52.468s] [ 77%] Built target t11_groot_howto
[52.482s] [ 77%] [32mBuilding CXX object tests/CMakeFiles/behaviortree_cpp_test.dir/gtest_parallel.cpp.o[0m
[52.586s] [ 78%] [32mBuilding CXX object tests/CMakeFiles/behaviortree_cpp_test.dir/gtest_preconditions.cpp.o[0m
[54.224s] [ 79%] [32m[1mLinking CXX executable t10_observer[0m
[54.558s] [ 79%] Built target t10_observer
[54.573s] [ 80%] [32mBuilding CXX object tests/CMakeFiles/behaviortree_cpp_test.dir/gtest_ports.cpp.o[0m
[54.920s] [ 81%] [32m[1mLinking CXX executable t15_nodes_mocking[0m
[55.379s] [ 82%] [32mBuilding CXX object tests/CMakeFiles/behaviortree_cpp_test.dir/gtest_postconditions.cpp.o[0m
[55.394s] [ 83%] [32m[1mLinking CXX executable t16_global_blackboard[0m
[55.578s] [ 83%] Built target t16_global_blackboard
[55.594s] [ 83%] [32mBuilding CXX object tests/CMakeFiles/behaviortree_cpp_test.dir/gtest_match.cpp.o[0m
[55.611s] [ 83%] Built target t15_nodes_mocking
[55.708s] [ 83%] [32mBuilding CXX object examples/CMakeFiles/ex02_runtime_ports.dir/ex02_runtime_ports.cpp.o[0m
[58.111s] [ 84%] [32mBuilding CXX object tests/CMakeFiles/behaviortree_cpp_test.dir/gtest_json.cpp.o[0m
[59.483s] [ 85%] [32m[1mLinking CXX executable ex01_wrap_legacy[0m
[59.669s] [ 85%] Built target ex01_wrap_legacy
[59.687s] [ 86%] [32mBuilding CXX object tests/CMakeFiles/behaviortree_cpp_test.dir/gtest_reactive.cpp.o[0m
[60.170s] [ 87%] [32m[1mLinking CXX executable t17_blackboard_backup[0m
[60.363s] [ 87%] Built target t17_blackboard_backup
[60.377s] [ 88%] [32mBuilding CXX object tests/CMakeFiles/behaviortree_cpp_test.dir/gtest_reactive_backchaining.cpp.o[0m
[62.856s] [ 89%] [32m[1mLinking CXX executable t05_crossdoor[0m
[63.618s] [ 89%] Built target t05_crossdoor
[63.636s] [ 89%] [32mBuilding CXX object tests/CMakeFiles/behaviortree_cpp_test.dir/gtest_sequence.cpp.o[0m
[64.464s] [ 90%] [32m[1mLinking CXX executable ex02_runtime_ports[0m
[65.002s] [ 91%] [32mBuilding CXX object tests/CMakeFiles/behaviortree_cpp_test.dir/gtest_skipping.cpp.o[0m
[65.215s] [ 91%] Built target ex02_runtime_ports
[65.251s] [ 92%] [32mBuilding CXX object tests/CMakeFiles/behaviortree_cpp_test.dir/gtest_substitution.cpp.o[0m
[66.640s] [ 93%] [32m[1mLinking CXX executable t18_waypoints[0m
[66.824s] [ 93%] Built target t18_waypoints
[66.839s] [ 93%] [32mBuilding CXX object tests/CMakeFiles/behaviortree_cpp_test.dir/gtest_subtree.cpp.o[0m
[67.975s] [ 94%] [32mBuilding CXX object tests/CMakeFiles/behaviortree_cpp_test.dir/gtest_switch.cpp.o[0m
[68.185s] [ 95%] [32mBuilding CXX object examples/CMakeFiles/ex03_sqlite_log.dir/ex03_sqlite_log.cpp.o[0m
[69.823s] [ 96%] [32mBuilding CXX object tests/CMakeFiles/behaviortree_cpp_test.dir/gtest_tree.cpp.o[0m
[73.459s] [ 97%] [32mBuilding CXX object tests/CMakeFiles/behaviortree_cpp_test.dir/gtest_updates.cpp.o[0m
[74.800s] [ 97%] [32mBuilding CXX object tests/CMakeFiles/behaviortree_cpp_test.dir/gtest_wakeup.cpp.o[0m
[75.904s] [ 98%] [32mBuilding CXX object tests/CMakeFiles/behaviortree_cpp_test.dir/script_parser_test.cpp.o[0m
[78.802s] [ 99%] [32m[1mLinking CXX executable ex03_sqlite_log[0m
[78.928s] [ 99%] Built target ex03_sqlite_log
[95.749s] [100%] [32m[1mLinking CXX executable behaviortree_cpp_test[0m
[95.946s] [100%] Built target behaviortree_cpp_test
[95.955s] Invoked command in '/home/frida/bt_ascend/build/behaviortree_cpp' returned '0': CMAKE_PREFIX_PATH=${CMAKE_PREFIX_PATH}:/home/frida/ros_tut/install/robot_cont:/opt/ros/humble /usr/bin/cmake --build /home/frida/bt_ascend/build/behaviortree_cpp -- -j16 -l16
[95.957s] Invoking command in '/home/frida/bt_ascend/build/behaviortree_cpp': CMAKE_PREFIX_PATH=${CMAKE_PREFIX_PATH}:/home/frida/ros_tut/install/robot_cont:/opt/ros/humble /usr/bin/cmake --install /home/frida/bt_ascend/build/behaviortree_cpp
[95.969s] -- Install configuration: "Release"
[95.970s] -- Installing: /home/frida/bt_ascend/install/behaviortree_cpp/lib/liblexy_file.a
[95.970s] -- Installing: /home/frida/bt_ascend/install/behaviortree_cpp/lib/cmake/lexy/lexyTargets.cmake
[95.970s] -- Installing: /home/frida/bt_ascend/install/behaviortree_cpp/lib/cmake/lexy/lexyTargets-release.cmake
[95.970s] -- Installing: /home/frida/bt_ascend/install/behaviortree_cpp/lib/cmake/lexy/lexyConfig.cmake
[95.970s] -- Installing: /home/frida/bt_ascend/install/behaviortree_cpp/lib/cmake/lexy/lexyConfigVersion.cmake
[95.970s] -- Installing: /home/frida/bt_ascend/install/behaviortree_cpp/include/lexy
[95.971s] -- Installing: /home/frida/bt_ascend/install/behaviortree_cpp/include/lexy/callback
[95.971s] -- Installing: /home/frida/bt_ascend/install/behaviortree_cpp/include/lexy/callback/base.hpp
[95.971s] -- Installing: /home/frida/bt_ascend/install/behaviortree_cpp/include/lexy/callback/composition.hpp
[95.971s] -- Installing: /home/frida/bt_ascend/install/behaviortree_cpp/include/lexy/callback/container.hpp
[95.971s] -- Installing: /home/frida/bt_ascend/install/behaviortree_cpp/include/lexy/callback/object.hpp
[95.971s] -- Installing: /home/frida/bt_ascend/install/behaviortree_cpp/include/lexy/callback/bind.hpp
[95.972s] -- Installing: /home/frida/bt_ascend/install/behaviortree_cpp/include/lexy/callback/forward.hpp
[95.972s] -- Installing: /home/frida/bt_ascend/install/behaviortree_cpp/include/lexy/callback/bit_cast.hpp
[95.972s] -- Installing: /home/frida/bt_ascend/install/behaviortree_cpp/include/lexy/callback/string.hpp
[95.972s] -- Installing: /home/frida/bt_ascend/install/behaviortree_cpp/include/lexy/callback/fold.hpp
[95.972s] -- Installing: /home/frida/bt_ascend/install/behaviortree_cpp/include/lexy/callback/adapter.hpp
[95.972s] -- Installing: /home/frida/bt_ascend/install/behaviortree_cpp/include/lexy/callback/aggregate.hpp
[95.972s] -- Installing: /home/frida/bt_ascend/install/behaviortree_cpp/include/lexy/callback/noop.hpp
[95.972s] -- Installing: /home/frida/bt_ascend/install/behaviortree_cpp/include/lexy/callback/integer.hpp
[95.972s] -- Installing: /home/frida/bt_ascend/install/behaviortree_cpp/include/lexy/callback/constant.hpp
[95.972s] -- Installing: /home/frida/bt_ascend/install/behaviortree_cpp/include/lexy/input_location.hpp
[95.972s] -- Installing: /home/frida/bt_ascend/install/behaviortree_cpp/include/lexy/token.hpp
[95.973s] -- Installing: /home/frida/bt_ascend/install/behaviortree_cpp/include/lexy/encoding.hpp
[95.973s] -- Installing: /home/frida/bt_ascend/install/behaviortree_cpp/include/lexy/_detail
[95.973s] -- Installing: /home/frida/bt_ascend/install/behaviortree_cpp/include/lexy/_detail/unicode_database.hpp
[95.973s] -- Installing: /home/frida/bt_ascend/install/behaviortree_cpp/include/lexy/_detail/iterator.hpp
[95.973s] -- Installing: /home/frida/bt_ascend/install/behaviortree_cpp/include/lexy/_detail/buffer_builder.hpp
[95.973s] -- Installing: /home/frida/bt_ascend/install/behaviortree_cpp/include/lexy/_detail/tuple.hpp
[95.973s] -- Installing: /home/frida/bt_ascend/install/behaviortree_cpp/include/lexy/_detail/stateless_lambda.hpp
[95.973s] -- Installing: /home/frida/bt_ascend/install/behaviortree_cpp/include/lexy/_detail/swar.hpp
[95.973s] -- Installing: /home/frida/bt_ascend/install/behaviortree_cpp/include/lexy/_detail/string_view.hpp
[95.973s] -- Installing: /home/frida/bt_ascend/install/behaviortree_cpp/include/lexy/_detail/assert.hpp
[95.973s] -- Installing: /home/frida/bt_ascend/install/behaviortree_cpp/include/lexy/_detail/type_name.hpp
[95.974s] -- Installing: /home/frida/bt_ascend/install/behaviortree_cpp/include/lexy/_detail/std.hpp
[95.974s] -- Installing: /home/frida/bt_ascend/install/behaviortree_cpp/include/lexy/_detail/lazy_init.hpp
[95.974s] -- Installing: /home/frida/bt_ascend/install/behaviortree_cpp/include/lexy/_detail/detect.hpp
[95.974s] -- Installing: /home/frida/bt_ascend/install/behaviortree_cpp/include/lexy/_detail/code_point.hpp
[95.974s] -- Installing: /home/frida/bt_ascend/install/behaviortree_cpp/include/lexy/_detail/config.hpp
[95.974s] -- Installing: /home/frida/bt_ascend/install/behaviortree_cpp/include/lexy/_detail/invoke.hpp
[95.974s] -- Installing: /home/frida/bt_ascend/install/behaviortree_cpp/include/lexy/_detail/integer_sequence.hpp
[95.974s] -- Installing: /home/frida/bt_ascend/install/behaviortree_cpp/include/lexy/_detail/nttp_string.hpp
[95.974s] -- Installing: /home/frida/bt_ascend/install/behaviortree_cpp/include/lexy/_detail/memory_resource.hpp
[95.974s] -- Installing: /home/frida/bt_ascend/install/behaviortree_cpp/include/lexy/_detail/any_ref.hpp
[95.974s] -- Installing: /home/frida/bt_ascend/install/behaviortree_cpp/include/lexy/dsl.hpp
[95.975s] -- Installing: /home/frida/bt_ascend/install/behaviortree_cpp/include/lexy/callback.hpp
[95.975s] -- Installing: /home/frida/bt_ascend/install/behaviortree_cpp/include/lexy/action
[95.975s] -- Installing: /home/frida/bt_ascend/install/behaviortree_cpp/include/lexy/action/base.hpp
[95.975s] -- Installing: /home/frida/bt_ascend/install/behaviortree_cpp/include/lexy/action/scan.hpp
[95.975s] -- Installing: /home/frida/bt_ascend/install/behaviortree_cpp/include/lexy/action/trace.hpp
[95.975s] -- Installing: /home/frida/bt_ascend/install/behaviortree_cpp/include/lexy/action/parse_as_tree.hpp
[95.975s] -- Installing: /home/frida/bt_ascend/install/behaviortree_cpp/include/lexy/action/parse.hpp
[95.975s] -- Installing: /home/frida/bt_ascend/install/behaviortree_cpp/include/lexy/action/match.hpp
[95.975s] -- Installing: /home/frida/bt_ascend/install/behaviortree_cpp/include/lexy/action/validate.hpp
[95.975s] -- Installing: /home/frida/bt_ascend/install/behaviortree_cpp/include/lexy/dsl
[95.975s] -- Installing: /home/frida/bt_ascend/install/behaviortree_cpp/include/lexy/dsl/flags.hpp
[95.975s] -- Installing: /home/frida/bt_ascend/install/behaviortree_cpp/include/lexy/dsl/base.hpp
[95.975s] -- Installing: /home/frida/bt_ascend/install/behaviortree_cpp/include/lexy/dsl/combination.hpp
[95.975s] -- Installing: /home/frida/bt_ascend/install/behaviortree_cpp/include/lexy/dsl/repeat.hpp
[95.976s] -- Installing: /home/frida/bt_ascend/install/behaviortree_cpp/include/lexy/dsl/parse_tree_node.hpp
[95.976s] -- Installing: /home/frida/bt_ascend/install/behaviortree_cpp/include/lexy/dsl/newline.hpp
[95.976s] -- Installing: /home/frida/bt_ascend/install/behaviortree_cpp/include/lexy/dsl/scan.hpp
[95.976s] -- Installing: /home/frida/bt_ascend/install/behaviortree_cpp/include/lexy/dsl/option.hpp
[95.976s] -- Installing: /home/frida/bt_ascend/install/behaviortree_cpp/include/lexy/dsl/follow.hpp
[95.976s] -- Installing: /home/frida/bt_ascend/install/behaviortree_cpp/include/lexy/dsl/unicode.hpp
[95.976s] -- Installing: /home/frida/bt_ascend/install/behaviortree_cpp/include/lexy/dsl/token.hpp
[95.976s] -- Installing: /home/frida/bt_ascend/install/behaviortree_cpp/include/lexy/dsl/parse_as.hpp
[95.976s] -- Installing: /home/frida/bt_ascend/install/behaviortree_cpp/include/lexy/dsl/subgrammar.hpp
[95.976s] -- Installing: /home/frida/bt_ascend/install/behaviortree_cpp/include/lexy/dsl/bom.hpp
[95.976s] -- Installing: /home/frida/bt_ascend/install/behaviortree_cpp/include/lexy/dsl/terminator.hpp
[95.976s] -- Installing: /home/frida/bt_ascend/install/behaviortree_cpp/include/lexy/dsl/digit.hpp
[95.976s] -- Installing: /home/frida/bt_ascend/install/behaviortree_cpp/include/lexy/dsl/context_flag.hpp
[95.976s] -- Installing: /home/frida/bt_ascend/install/behaviortree_cpp/include/lexy/dsl/recover.hpp
[95.976s] -- Installing: /home/frida/bt_ascend/install/behaviortree_cpp/include/lexy/dsl/expression.hpp
[95.977s] -- Installing: /home/frida/bt_ascend/install/behaviortree_cpp/include/lexy/dsl/return.hpp
[95.977s] -- Installing: /home/frida/bt_ascend/install/behaviortree_cpp/include/lexy/dsl/separator.hpp
[95.977s] -- Installing: /home/frida/bt_ascend/install/behaviortree_cpp/include/lexy/dsl/list.hpp
[95.977s] -- Installing: /home/frida/bt_ascend/install/behaviortree_cpp/include/lexy/dsl/effect.hpp
[95.977s] -- Installing: /home/frida/bt_ascend/install/behaviortree_cpp/include/lexy/dsl/context_identifier.hpp
[95.977s] -- Installing: /home/frida/bt_ascend/install/behaviortree_cpp/include/lexy/dsl/sign.hpp
[95.977s] -- Installing: /home/frida/bt_ascend/install/behaviortree_cpp/include/lexy/dsl/member.hpp
[95.977s] -- Installing: /home/frida/bt_ascend/install/behaviortree_cpp/include/lexy/dsl/whitespace.hpp
[95.977s] -- Installing: /home/frida/bt_ascend/install/behaviortree_cpp/include/lexy/dsl/branch.hpp
[95.977s] -- Installing: /home/frida/bt_ascend/install/behaviortree_cpp/include/lexy/dsl/capture.hpp
[95.977s] -- Installing: /home/frida/bt_ascend/install/behaviortree_cpp/include/lexy/dsl/bits.hpp
[95.977s] -- Installing: /home/frida/bt_ascend/install/behaviortree_cpp/include/lexy/dsl/code_point.hpp
[95.978s] -- Installing: /home/frida/bt_ascend/install/behaviortree_cpp/include/lexy/dsl/byte.hpp
[95.978s] -- Installing: /home/frida/bt_ascend/install/behaviortree_cpp/include/lexy/dsl/times.hpp
[95.978s] -- Installing: /home/frida/bt_ascend/install/behaviortree_cpp/include/lexy/dsl/delimited.hpp
[95.978s] -- Installing: /home/frida/bt_ascend/install/behaviortree_cpp/include/lexy/dsl/operator.hpp
[95.978s] -- Installing: /home/frida/bt_ascend/install/behaviortree_cpp/include/lexy/dsl/choice.hpp
[95.978s] -- Installing: /home/frida/bt_ascend/install/behaviortree_cpp/include/lexy/dsl/brackets.hpp
[95.978s] -- Installing: /home/frida/bt_ascend/install/behaviortree_cpp/include/lexy/dsl/symbol.hpp
[95.978s] -- Installing: /home/frida/bt_ascend/install/behaviortree_cpp/include/lexy/dsl/lookahead.hpp
[95.978s] -- Installing: /home/frida/bt_ascend/install/behaviortree_cpp/include/lexy/dsl/production.hpp
[95.978s] -- Installing: /home/frida/bt_ascend/install/behaviortree_cpp/include/lexy/dsl/char_class.hpp
[95.978s] -- Installing: /home/frida/bt_ascend/install/behaviortree_cpp/include/lexy/dsl/until.hpp
[95.978s] -- Installing: /home/frida/bt_ascend/install/behaviortree_cpp/include/lexy/dsl/if.hpp
[95.978s] -- Installing: /home/frida/bt_ascend/install/behaviortree_cpp/include/lexy/dsl/error.hpp
[95.978s] -- Installing: /home/frida/bt_ascend/install/behaviortree_cpp/include/lexy/dsl/eof.hpp
[95.978s] -- Installing: /home/frida/bt_ascend/install/behaviortree_cpp/include/lexy/dsl/context_counter.hpp
[95.978s] -- Installing: /home/frida/bt_ascend/install/behaviortree_cpp/include/lexy/dsl/integer.hpp
[95.978s] -- Installing: /home/frida/bt_ascend/install/behaviortree_cpp/include/lexy/dsl/peek.hpp
[95.979s] -- Installing: /home/frida/bt_ascend/install/behaviortree_cpp/include/lexy/dsl/identifier.hpp
[95.979s] -- Installing: /home/frida/bt_ascend/install/behaviortree_cpp/include/lexy/dsl/sequence.hpp
[95.979s] -- Installing: /home/frida/bt_ascend/install/behaviortree_cpp/include/lexy/dsl/case_folding.hpp
[95.979s] -- Installing: /home/frida/bt_ascend/install/behaviortree_cpp/include/lexy/dsl/any.hpp
[95.979s] -- Installing: /home/frida/bt_ascend/install/behaviortree_cpp/include/lexy/dsl/punctuator.hpp
[95.979s] -- Installing: /home/frida/bt_ascend/install/behaviortree_cpp/include/lexy/dsl/literal.hpp
[95.979s] -- Installing: /home/frida/bt_ascend/install/behaviortree_cpp/include/lexy/dsl/position.hpp
[95.979s] -- Installing: /home/frida/bt_ascend/install/behaviortree_cpp/include/lexy/dsl/ascii.hpp
[95.979s] -- Installing: /home/frida/bt_ascend/install/behaviortree_cpp/include/lexy/dsl/loop.hpp
[95.979s] -- Installing: /home/frida/bt_ascend/install/behaviortree_cpp/include/lexy/lexeme.hpp
[95.979s] -- Installing: /home/frida/bt_ascend/install/behaviortree_cpp/include/lexy/parse_tree.hpp
[95.979s] -- Installing: /home/frida/bt_ascend/install/behaviortree_cpp/include/lexy/visualize.hpp
[95.979s] -- Installing: /home/frida/bt_ascend/install/behaviortree_cpp/include/lexy/code_point.hpp
[95.979s] -- Installing: /home/frida/bt_ascend/install/behaviortree_cpp/include/lexy/grammar.hpp
[95.979s] -- Installing: /home/frida/bt_ascend/install/behaviortree_cpp/include/lexy/error.hpp
[95.979s] -- Installing: /home/frida/bt_ascend/install/behaviortree_cpp/include/lexy/input
[95.979s] -- Installing: /home/frida/bt_ascend/install/behaviortree_cpp/include/lexy/input/base.hpp
[95.979s] -- Installing: /home/frida/bt_ascend/install/behaviortree_cpp/include/lexy/input/buffer.hpp
[95.979s] -- Installing: /home/frida/bt_ascend/install/behaviortree_cpp/include/lexy/input/parse_tree_input.hpp
[95.980s] -- Installing: /home/frida/bt_ascend/install/behaviortree_cpp/include/lexy/input/string_input.hpp
[95.980s] -- Installing: /home/frida/bt_ascend/install/behaviortree_cpp/include/lexy/input/file.hpp
[95.980s] -- Installing: /home/frida/bt_ascend/install/behaviortree_cpp/include/lexy/input/argv_input.hpp
[95.980s] -- Installing: /home/frida/bt_ascend/install/behaviortree_cpp/include/lexy/input/lexeme_input.hpp
[95.980s] -- Installing: /home/frida/bt_ascend/install/behaviortree_cpp/include/lexy/input/range_input.hpp
[95.980s] -- Installing: /home/frida/bt_ascend/install/behaviortree_cpp/include/lexy_ext
[95.980s] -- Installing: /home/frida/bt_ascend/install/behaviortree_cpp/include/lexy_ext/shell.hpp
[95.980s] -- Installing: /home/frida/bt_ascend/install/behaviortree_cpp/include/lexy_ext/parse_tree_algorithm.hpp
[95.980s] -- Installing: /home/frida/bt_ascend/install/behaviortree_cpp/include/lexy_ext/report_error.hpp
[95.980s] -- Installing: /home/frida/bt_ascend/install/behaviortree_cpp/include/lexy_ext/parse_tree_doctest.hpp
[95.980s] -- Installing: /home/frida/bt_ascend/install/behaviortree_cpp/include/lexy_ext/compiler_explorer.hpp
[95.980s] -- Installing: /home/frida/bt_ascend/install/behaviortree_cpp/share/behaviortree_cpp/bt_plugins/libcrossdoor_nodes_dyn.so
[95.981s] -- Set runtime path of "/home/frida/bt_ascend/install/behaviortree_cpp/share/behaviortree_cpp/bt_plugins/libcrossdoor_nodes_dyn.so" to ""
[95.981s] -- Installing: /home/frida/bt_ascend/install/behaviortree_cpp/share/behaviortree_cpp/bt_plugins/libdummy_nodes_dyn.so
[95.981s] -- Set runtime path of "/home/frida/bt_ascend/install/behaviortree_cpp/share/behaviortree_cpp/bt_plugins/libdummy_nodes_dyn.so" to ""
[95.981s] -- Installing: /home/frida/bt_ascend/install/behaviortree_cpp/share/behaviortree_cpp/bt_plugins/libmovebase_node_dyn.so
[95.981s] -- Set runtime path of "/home/frida/bt_ascend/install/behaviortree_cpp/share/behaviortree_cpp/bt_plugins/libmovebase_node_dyn.so" to ""
[95.981s] -- Installing: /home/frida/bt_ascend/install/behaviortree_cpp/bin/bt4_plugin_manifest
[95.981s] -- Set runtime path of "/home/frida/bt_ascend/install/behaviortree_cpp/bin/bt4_plugin_manifest" to ""
[95.982s] -- Installing: /home/frida/bt_ascend/install/behaviortree_cpp/lib/libbehaviortree_cpp.so
[95.983s] -- Set runtime path of "/home/frida/bt_ascend/install/behaviortree_cpp/lib/libbehaviortree_cpp.so" to ""
[95.983s] -- Up-to-date: /home/frida/bt_ascend/install/behaviortree_cpp/include
[95.983s] -- Installing: /home/frida/bt_ascend/install/behaviortree_cpp/include/behaviortree_cpp
[95.983s] -- Installing: /home/frida/bt_ascend/install/behaviortree_cpp/include/behaviortree_cpp/contrib
[95.983s] -- Installing: /home/frida/bt_ascend/install/behaviortree_cpp/include/behaviortree_cpp/contrib/json.hpp
[95.984s] -- Installing: /home/frida/bt_ascend/install/behaviortree_cpp/include/behaviortree_cpp/contrib/expected.hpp
[95.984s] -- Installing: /home/frida/bt_ascend/install/behaviortree_cpp/include/behaviortree_cpp/contrib/magic_enum.hpp
[95.984s] -- Installing: /home/frida/bt_ascend/install/behaviortree_cpp/include/behaviortree_cpp/contrib/any.hpp
[95.984s] -- Installing: /home/frida/bt_ascend/install/behaviortree_cpp/include/behaviortree_cpp/utils
[95.984s] -- Installing: /home/frida/bt_ascend/install/behaviortree_cpp/include/behaviortree_cpp/utils/simple_string.hpp
[95.984s] -- Installing: /home/frida/bt_ascend/install/behaviortree_cpp/include/behaviortree_cpp/utils/safe_any.hpp
[95.984s] -- Installing: /home/frida/bt_ascend/install/behaviortree_cpp/include/behaviortree_cpp/utils/convert_impl.hpp
[95.984s] -- Installing: /home/frida/bt_ascend/install/behaviortree_cpp/include/behaviortree_cpp/utils/shared_library.h
[95.984s] -- Installing: /home/frida/bt_ascend/install/behaviortree_cpp/include/behaviortree_cpp/utils/locked_reference.hpp
[95.984s] -- Installing: /home/frida/bt_ascend/install/behaviortree_cpp/include/behaviortree_cpp/utils/platform.hpp
[95.984s] -- Installing: /home/frida/bt_ascend/install/behaviortree_cpp/include/behaviortree_cpp/utils/wakeup_signal.hpp
[95.984s] -- Installing: /home/frida/bt_ascend/install/behaviortree_cpp/include/behaviortree_cpp/utils/strcat.hpp
[95.985s] -- Installing: /home/frida/bt_ascend/install/behaviortree_cpp/include/behaviortree_cpp/utils/timer_queue.h
[95.985s] -- Installing: /home/frida/bt_ascend/install/behaviortree_cpp/include/behaviortree_cpp/utils/demangle_util.h
[95.985s] -- Installing: /home/frida/bt_ascend/install/behaviortree_cpp/include/behaviortree_cpp/utils/signal.h
[95.985s] -- Installing: /home/frida/bt_ascend/install/behaviortree_cpp/include/behaviortree_cpp/control_node.h
[95.985s] -- Installing: /home/frida/bt_ascend/install/behaviortree_cpp/include/behaviortree_cpp/xml_parsing.h
[95.985s] -- Installing: /home/frida/bt_ascend/install/behaviortree_cpp/include/behaviortree_cpp/condition_node.h
[95.985s] -- Installing: /home/frida/bt_ascend/install/behaviortree_cpp/include/behaviortree_cpp/exceptions.h
[95.985s] -- Installing: /home/frida/bt_ascend/install/behaviortree_cpp/include/behaviortree_cpp/blackboard.h
[95.985s] -- Installing: /home/frida/bt_ascend/install/behaviortree_cpp/include/behaviortree_cpp/loggers
[95.985s] -- Installing: /home/frida/bt_ascend/install/behaviortree_cpp/include/behaviortree_cpp/loggers/groot2_publisher.h
[95.985s] -- Installing: /home/frida/bt_ascend/install/behaviortree_cpp/include/behaviortree_cpp/loggers/bt_minitrace_logger.h
[95.985s] -- Installing: /home/frida/bt_ascend/install/behaviortree_cpp/include/behaviortree_cpp/loggers/bt_sqlite_logger.h
[95.985s] -- Installing: /home/frida/bt_ascend/install/behaviortree_cpp/include/behaviortree_cpp/loggers/abstract_logger.h
[95.985s] -- Installing: /home/frida/bt_ascend/install/behaviortree_cpp/include/behaviortree_cpp/loggers/bt_file_logger_v2.h
[95.985s] -- Installing: /home/frida/bt_ascend/install/behaviortree_cpp/include/behaviortree_cpp/loggers/bt_observer.h
[95.985s] -- Installing: /home/frida/bt_ascend/install/behaviortree_cpp/include/behaviortree_cpp/loggers/groot2_protocol.h
[95.985s] -- Installing: /home/frida/bt_ascend/install/behaviortree_cpp/include/behaviortree_cpp/loggers/bt_cout_logger.h
[95.985s] -- Installing: /home/frida/bt_ascend/install/behaviortree_cpp/include/behaviortree_cpp/tree_node.h
[95.985s] -- Installing: /home/frida/bt_ascend/install/behaviortree_cpp/include/behaviortree_cpp/decorators
[95.985s] -- Installing: /home/frida/bt_ascend/install/behaviortree_cpp/include/behaviortree_cpp/decorators/force_failure_node.h
[95.985s] -- Installing: /home/frida/bt_ascend/install/behaviortree_cpp/include/behaviortree_cpp/decorators/run_once_node.h
[95.985s] -- Installing: /home/frida/bt_ascend/install/behaviortree_cpp/include/behaviortree_cpp/decorators/loop_node.h
[95.985s] -- Installing: /home/frida/bt_ascend/install/behaviortree_cpp/include/behaviortree_cpp/decorators/subtree_node.h
[95.985s] -- Installing: /home/frida/bt_ascend/install/behaviortree_cpp/include/behaviortree_cpp/decorators/timeout_node.h
[95.985s] -- Installing: /home/frida/bt_ascend/install/behaviortree_cpp/include/behaviortree_cpp/decorators/updated_decorator.h
[95.986s] -- Installing: /home/frida/bt_ascend/install/behaviortree_cpp/include/behaviortree_cpp/decorators/repeat_node.h
[95.986s] -- Installing: /home/frida/bt_ascend/install/behaviortree_cpp/include/behaviortree_cpp/decorators/consume_queue.h
[95.986s] -- Installing: /home/frida/bt_ascend/install/behaviortree_cpp/include/behaviortree_cpp/decorators/inverter_node.h
[95.986s] -- Installing: /home/frida/bt_ascend/install/behaviortree_cpp/include/behaviortree_cpp/decorators/keep_running_until_failure_node.h
[95.986s] -- Installing: /home/frida/bt_ascend/install/behaviortree_cpp/include/behaviortree_cpp/decorators/script_precondition.h
[95.986s] -- Installing: /home/frida/bt_ascend/install/behaviortree_cpp/include/behaviortree_cpp/decorators/force_success_node.h
[95.986s] -- Installing: /home/frida/bt_ascend/install/behaviortree_cpp/include/behaviortree_cpp/decorators/delay_node.h
[95.986s] -- Installing: /home/frida/bt_ascend/install/behaviortree_cpp/include/behaviortree_cpp/decorators/retry_node.h
[95.986s] -- Installing: /home/frida/bt_ascend/install/behaviortree_cpp/include/behaviortree_cpp/decorator_node.h
[95.986s] -- Installing: /home/frida/bt_ascend/install/behaviortree_cpp/include/behaviortree_cpp/bt_factory.h
[95.986s] -- Installing: /home/frida/bt_ascend/install/behaviortree_cpp/include/behaviortree_cpp/controls
[95.986s] -- Installing: /home/frida/bt_ascend/install/behaviortree_cpp/include/behaviortree_cpp/controls/manual_node.h
[95.986s] -- Installing: /home/frida/bt_ascend/install/behaviortree_cpp/include/behaviortree_cpp/controls/if_then_else_node.h
[95.986s] -- Installing: /home/frida/bt_ascend/install/behaviortree_cpp/include/behaviortree_cpp/controls/reactive_fallback.h
[95.986s] -- Installing: /home/frida/bt_ascend/install/behaviortree_cpp/include/behaviortree_cpp/controls/while_do_else_node.h
[95.986s] -- Installing: /home/frida/bt_ascend/install/behaviortree_cpp/include/behaviortree_cpp/controls/parallel_all_node.h
[95.986s] -- Installing: /home/frida/bt_ascend/install/behaviortree_cpp/include/behaviortree_cpp/controls/sequence_with_memory_node.h
[95.986s] -- Installing: /home/frida/bt_ascend/install/behaviortree_cpp/include/behaviortree_cpp/controls/sequence_node.h
[95.986s] -- Installing: /home/frida/bt_ascend/install/behaviortree_cpp/include/behaviortree_cpp/controls/fallback_node.h
[95.986s] -- Installing: /home/frida/bt_ascend/install/behaviortree_cpp/include/behaviortree_cpp/controls/switch_node.h
[95.986s] -- Installing: /home/frida/bt_ascend/install/behaviortree_cpp/include/behaviortree_cpp/controls/reactive_sequence.h
[95.986s] -- Installing: /home/frida/bt_ascend/install/behaviortree_cpp/include/behaviortree_cpp/controls/parallel_node.h
[95.986s] -- Installing: /home/frida/bt_ascend/install/behaviortree_cpp/include/behaviortree_cpp/actions
[95.986s] -- Installing: /home/frida/bt_ascend/install/behaviortree_cpp/include/behaviortree_cpp/actions/always_failure_node.h
[95.986s] -- Installing: /home/frida/bt_ascend/install/behaviortree_cpp/include/behaviortree_cpp/actions/sleep_node.h
[95.986s] -- Installing: /home/frida/bt_ascend/install/behaviortree_cpp/include/behaviortree_cpp/actions/script_condition.h
[95.987s] -- Installing: /home/frida/bt_ascend/install/behaviortree_cpp/include/behaviortree_cpp/actions/pop_from_queue.hpp
[95.987s] -- Installing: /home/frida/bt_ascend/install/behaviortree_cpp/include/behaviortree_cpp/actions/script_node.h
[95.987s] -- Installing: /home/frida/bt_ascend/install/behaviortree_cpp/include/behaviortree_cpp/actions/set_blackboard_node.h
[95.987s] -- Installing: /home/frida/bt_ascend/install/behaviortree_cpp/include/behaviortree_cpp/actions/test_node.h
[95.987s] -- Installing: /home/frida/bt_ascend/install/behaviortree_cpp/include/behaviortree_cpp/actions/updated_action.h
[95.987s] -- Installing: /home/frida/bt_ascend/install/behaviortree_cpp/include/behaviortree_cpp/actions/always_success_node.h
[95.987s] -- Installing: /home/frida/bt_ascend/install/behaviortree_cpp/include/behaviortree_cpp/actions/unset_blackboard_node.h
[95.987s] -- Installing: /home/frida/bt_ascend/install/behaviortree_cpp/include/behaviortree_cpp/json_export.h
[95.987s] -- Installing: /home/frida/bt_ascend/install/behaviortree_cpp/include/behaviortree_cpp/leaf_node.h
[95.987s] -- Installing: /home/frida/bt_ascend/install/behaviortree_cpp/include/behaviortree_cpp/action_node.h
[95.987s] -- Installing: /home/frida/bt_ascend/install/behaviortree_cpp/include/behaviortree_cpp/flatbuffers
[95.987s] -- Installing: /home/frida/bt_ascend/install/behaviortree_cpp/include/behaviortree_cpp/flatbuffers/bt_flatbuffer_helper.h
[95.987s] -- Installing: /home/frida/bt_ascend/install/behaviortree_cpp/include/behaviortree_cpp/scripting
[95.987s] -- Installing: /home/frida/bt_ascend/install/behaviortree_cpp/include/behaviortree_cpp/scripting/any_types.hpp
[95.987s] -- Installing: /home/frida/bt_ascend/install/behaviortree_cpp/include/behaviortree_cpp/scripting/script_parser.hpp
[95.987s] -- Installing: /home/frida/bt_ascend/install/behaviortree_cpp/include/behaviortree_cpp/scripting/operators.hpp
[95.987s] -- Installing: /home/frida/bt_ascend/install/behaviortree_cpp/include/behaviortree_cpp/bt_parser.h
[95.987s] -- Installing: /home/frida/bt_ascend/install/behaviortree_cpp/include/behaviortree_cpp/behavior_tree.h
[95.987s] -- Installing: /home/frida/bt_ascend/install/behaviortree_cpp/include/behaviortree_cpp/basic_types.h
[95.987s] -- Installing: /home/frida/bt_ascend/install/behaviortree_cpp/share/behaviortree_cpp/environment/library_path.sh
[95.987s] -- Installing: /home/frida/bt_ascend/install/behaviortree_cpp/share/behaviortree_cpp/environment/library_path.dsv
[95.987s] -- Installing: /home/frida/bt_ascend/install/behaviortree_cpp/share/ament_index/resource_index/package_run_dependencies/behaviortree_cpp
[95.987s] -- Installing: /home/frida/bt_ascend/install/behaviortree_cpp/share/ament_index/resource_index/parent_prefix_path/behaviortree_cpp
[95.987s] -- Installing: /home/frida/bt_ascend/install/behaviortree_cpp/share/behaviortree_cpp/environment/ament_prefix_path.sh
[95.988s] -- Installing: /home/frida/bt_ascend/install/behaviortree_cpp/share/behaviortree_cpp/environment/ament_prefix_path.dsv
[95.988s] -- Installing: /home/frida/bt_ascend/install/behaviortree_cpp/share/behaviortree_cpp/environment/path.sh
[95.988s] -- Installing: /home/frida/bt_ascend/install/behaviortree_cpp/share/behaviortree_cpp/environment/path.dsv
[95.988s] -- Installing: /home/frida/bt_ascend/install/behaviortree_cpp/share/behaviortree_cpp/local_setup.bash
[95.988s] -- Installing: /home/frida/bt_ascend/install/behaviortree_cpp/share/behaviortree_cpp/local_setup.sh
[95.988s] -- Installing: /home/frida/bt_ascend/install/behaviortree_cpp/share/behaviortree_cpp/local_setup.zsh
[95.988s] -- Installing: /home/frida/bt_ascend/install/behaviortree_cpp/share/behaviortree_cpp/local_setup.dsv
[95.988s] -- Installing: /home/frida/bt_ascend/install/behaviortree_cpp/share/behaviortree_cpp/package.dsv
[95.988s] -- Installing: /home/frida/bt_ascend/install/behaviortree_cpp/share/ament_index/resource_index/packages/behaviortree_cpp
[95.988s] -- Installing: /home/frida/bt_ascend/install/behaviortree_cpp/share/behaviortree_cpp/cmake/behaviortree_cppTargetsExport.cmake
[95.988s] -- Installing: /home/frida/bt_ascend/install/behaviortree_cpp/share/behaviortree_cpp/cmake/behaviortree_cppTargetsExport-release.cmake
[95.988s] -- Installing: /home/frida/bt_ascend/install/behaviortree_cpp/share/behaviortree_cpp/cmake/ament_cmake_export_dependencies-extras.cmake
[95.988s] -- Installing: /home/frida/bt_ascend/install/behaviortree_cpp/share/behaviortree_cpp/cmake/ament_cmake_export_include_directories-extras.cmake
[95.988s] -- Installing: /home/frida/bt_ascend/install/behaviortree_cpp/share/behaviortree_cpp/cmake/ament_cmake_export_libraries-extras.cmake
[95.988s] -- Installing: /home/frida/bt_ascend/install/behaviortree_cpp/share/behaviortree_cpp/cmake/ament_cmake_export_targets-extras.cmake
[95.988s] -- Installing: /home/frida/bt_ascend/install/behaviortree_cpp/share/behaviortree_cpp/cmake/behaviortree_cppConfig.cmake
[95.988s] -- Installing: /home/frida/bt_ascend/install/behaviortree_cpp/share/behaviortree_cpp/cmake/behaviortree_cppConfig-version.cmake
[95.988s] -- Installing: /home/frida/bt_ascend/install/behaviortree_cpp/share/behaviortree_cpp/package.xml
[95.990s] Invoked command in '/home/frida/bt_ascend/build/behaviortree_cpp' returned '0': CMAKE_PREFIX_PATH=${CMAKE_PREFIX_PATH}:/home/frida/ros_tut/install/robot_cont:/opt/ros/humble /usr/bin/cmake --install /home/frida/bt_ascend/build/behaviortree_cpp
