[0.013s] Invoking command in '/home/frida/bt_ascend/build/behaviortree_ros2': AMENT_PREFIX_PATH=/home/frida/bt_ascend/install/btcpp_ros2_interfaces:/home/frida/bt_ascend/install/behaviortree_cpp:${AMENT_PREFIX_PATH} CMAKE_PREFIX_PATH=/home/frida/bt_ascend/install/btcpp_ros2_interfaces:/home/frida/bt_ascend/install/behaviortree_cpp:/home/frida/ros2_ws/install/behaviortree_ros2:/home/frida/ros2_ws/install/btcpp_ros2_interfaces:/home/frida/ros2_ws/install/behaviortree_cpp:/home/frida/ros_tut/install/robot_cont:/opt/ros/humble LD_LIBRARY_PATH=/home/frida/bt_ascend/install/btcpp_ros2_interfaces/lib:/home/frida/bt_ascend/install/behaviortree_cpp/lib:${LD_LIBRARY_PATH} PATH=/home/frida/bt_ascend/install/behaviortree_cpp/bin:${PATH} PYTHONPATH=/home/frida/bt_ascend/install/btcpp_ros2_interfaces/local/lib/python3.10/dist-packages:${PYTHONPATH} /usr/bin/cmake /home/frida/bt_ascend/src/BehaviorTree.ROS2/behaviortree_ros2 -DCMAKE_INSTALL_PREFIX=/home/frida/bt_ascend/install/behaviortree_ros2
[0.099s] -- The C compiler identification is GNU 11.4.0
[0.168s] -- The CXX compiler identification is GNU 11.4.0
[0.176s] -- Detecting C compiler ABI info
[0.268s] -- Detecting C compiler ABI info - done
[0.273s] -- Check for working C compiler: /usr/bin/cc - skipped
[0.273s] -- Detecting C compile features
[0.273s] -- Detecting C compile features - done
[0.276s] -- Detecting CXX compiler ABI info
[0.371s] -- Detecting CXX compiler ABI info - done
[0.376s] -- Check for working CXX compiler: /usr/bin/c++ - skipped
[0.376s] -- Detecting CXX compile features
[0.377s] -- Detecting CXX compile features - done
[0.378s] -- Found ament_cmake: 1.3.11 (/opt/ros/humble/share/ament_cmake/cmake)
[0.506s] -- Found Python3: /usr/bin/python3 (found version "3.10.12") found components: Interpreter 
[0.570s] -- Found rclcpp: 16.0.11 (/opt/ros/humble/share/rclcpp/cmake)
[0.599s] -- Found rosidl_generator_c: 3.1.6 (/opt/ros/humble/share/rosidl_generator_c/cmake)
[0.602s] -- Found rosidl_adapter: 3.1.6 (/opt/ros/humble/share/rosidl_adapter/cmake)
[0.608s] -- Found rosidl_generator_cpp: 3.1.6 (/opt/ros/humble/share/rosidl_generator_cpp/cmake)
[0.616s] -- Using all available rosidl_typesupport_c: rosidl_typesupport_fastrtps_c;rosidl_typesupport_introspection_c
[0.626s] -- Using all available rosidl_typesupport_cpp: rosidl_typesupport_fastrtps_cpp;rosidl_typesupport_introspection_cpp
[0.656s] -- Found rmw_implementation_cmake: 6.1.2 (/opt/ros/humble/share/rmw_implementation_cmake/cmake)
[0.658s] -- Found rmw_fastrtps_cpp: 6.2.7 (/opt/ros/humble/share/rmw_fastrtps_cpp/cmake)
[0.750s] -- Found OpenSSL: /usr/lib/x86_64-linux-gnu/libcrypto.so (found version "3.0.2")  
[0.781s] -- Found FastRTPS: /opt/ros/humble/include  
[0.812s] -- Using RMW implementation 'rmw_fastrtps_cpp' as default
[0.823s] -- Looking for pthread.h
[0.911s] -- Looking for pthread.h - found
[0.911s] -- Performing Test CMAKE_HAVE_LIBC_PTHREAD
[1.014s] -- Performing Test CMAKE_HAVE_LIBC_PTHREAD - Success
[1.015s] -- Found Threads: TRUE  
[1.050s] -- Found rclcpp_action: 16.0.11 (/opt/ros/humble/share/rclcpp_action/cmake)
[1.072s] -- Found behaviortree_cpp: 4.6.2 (/home/frida/bt_ascend/install/behaviortree_cpp/share/behaviortree_cpp/cmake)
[1.074s] -- Found btcpp_ros2_interfaces: 0.2.0 (/home/frida/bt_ascend/install/btcpp_ros2_interfaces/share/btcpp_ros2_interfaces/cmake)
[1.084s] -- Found generate_parameter_library: 0.3.9 (/opt/ros/humble/share/generate_parameter_library/cmake)
[1.085s] -- Found parameter_traits: 0.3.9 (/opt/ros/humble/share/parameter_traits/cmake)
[1.098s] -- Found rclcpp_lifecycle: 16.0.11 (/opt/ros/humble/share/rclcpp_lifecycle/cmake)
[1.157s] -- Configuring done
[1.165s] -- Generating done
[1.167s] -- Build files have been written to: /home/frida/bt_ascend/build/behaviortree_ros2
[1.175s] Invoked command in '/home/frida/bt_ascend/build/behaviortree_ros2' returned '0': AMENT_PREFIX_PATH=/home/frida/bt_ascend/install/btcpp_ros2_interfaces:/home/frida/bt_ascend/install/behaviortree_cpp:${AMENT_PREFIX_PATH} CMAKE_PREFIX_PATH=/home/frida/bt_ascend/install/btcpp_ros2_interfaces:/home/frida/bt_ascend/install/behaviortree_cpp:/home/frida/ros2_ws/install/behaviortree_ros2:/home/frida/ros2_ws/install/btcpp_ros2_interfaces:/home/frida/ros2_ws/install/behaviortree_cpp:/home/frida/ros_tut/install/robot_cont:/opt/ros/humble LD_LIBRARY_PATH=/home/frida/bt_ascend/install/btcpp_ros2_interfaces/lib:/home/frida/bt_ascend/install/behaviortree_cpp/lib:${LD_LIBRARY_PATH} PATH=/home/frida/bt_ascend/install/behaviortree_cpp/bin:${PATH} PYTHONPATH=/home/frida/bt_ascend/install/btcpp_ros2_interfaces/local/lib/python3.10/dist-packages:${PYTHONPATH} /usr/bin/cmake /home/frida/bt_ascend/src/BehaviorTree.ROS2/behaviortree_ros2 -DCMAKE_INSTALL_PREFIX=/home/frida/bt_ascend/install/behaviortree_ros2
[1.177s] Invoking command in '/home/frida/bt_ascend/build/behaviortree_ros2': AMENT_PREFIX_PATH=/home/frida/bt_ascend/install/btcpp_ros2_interfaces:/home/frida/bt_ascend/install/behaviortree_cpp:${AMENT_PREFIX_PATH} CMAKE_PREFIX_PATH=/home/frida/bt_ascend/install/btcpp_ros2_interfaces:/home/frida/bt_ascend/install/behaviortree_cpp:/home/frida/ros2_ws/install/behaviortree_ros2:/home/frida/ros2_ws/install/btcpp_ros2_interfaces:/home/frida/ros2_ws/install/behaviortree_cpp:/home/frida/ros_tut/install/robot_cont:/opt/ros/humble LD_LIBRARY_PATH=/home/frida/bt_ascend/install/btcpp_ros2_interfaces/lib:/home/frida/bt_ascend/install/behaviortree_cpp/lib:${LD_LIBRARY_PATH} PATH=/home/frida/bt_ascend/install/behaviortree_cpp/bin:${PATH} PYTHONPATH=/home/frida/bt_ascend/install/btcpp_ros2_interfaces/local/lib/python3.10/dist-packages:${PYTHONPATH} /usr/bin/cmake --build /home/frida/bt_ascend/build/behaviortree_ros2 -- -j16 -l16
[1.226s] [ 20%] [34m[1mRunning `/opt/ros/humble/bin/generate_parameter_library_cpp /home/frida/bt_ascend/build/behaviortree_ros2/bt_executor_parameters/include//bt_executor_parameters.hpp /home/frida/bt_ascend/src/BehaviorTree.ROS2/behaviortree_ros2/src/bt_executor_parameters.yaml `[0m
[1.402s] [ 20%] Built target bt_executor_parameters
[1.424s] [ 40%] [32mBuilding CXX object CMakeFiles/behaviortree_ros2.dir/src/bt_utils.cpp.o[0m
[1.424s] [ 60%] [32mBuilding CXX object CMakeFiles/behaviortree_ros2.dir/src/tree_execution_server.cpp.o[0m
[1.424s] [ 80%] [32mBuilding CXX object CMakeFiles/behaviortree_ros2.dir/src/bt_ros2.cpp.o[0m
[7.253s] [100%] [32m[1mLinking CXX static library libbehaviortree_ros2.a[0m
[7.311s] [100%] Built target behaviortree_ros2
[7.329s] Invoked command in '/home/frida/bt_ascend/build/behaviortree_ros2' returned '0': AMENT_PREFIX_PATH=/home/frida/bt_ascend/install/btcpp_ros2_interfaces:/home/frida/bt_ascend/install/behaviortree_cpp:${AMENT_PREFIX_PATH} CMAKE_PREFIX_PATH=/home/frida/bt_ascend/install/btcpp_ros2_interfaces:/home/frida/bt_ascend/install/behaviortree_cpp:/home/frida/ros2_ws/install/behaviortree_ros2:/home/frida/ros2_ws/install/btcpp_ros2_interfaces:/home/frida/ros2_ws/install/behaviortree_cpp:/home/frida/ros_tut/install/robot_cont:/opt/ros/humble LD_LIBRARY_PATH=/home/frida/bt_ascend/install/btcpp_ros2_interfaces/lib:/home/frida/bt_ascend/install/behaviortree_cpp/lib:${LD_LIBRARY_PATH} PATH=/home/frida/bt_ascend/install/behaviortree_cpp/bin:${PATH} PYTHONPATH=/home/frida/bt_ascend/install/btcpp_ros2_interfaces/local/lib/python3.10/dist-packages:${PYTHONPATH} /usr/bin/cmake --build /home/frida/bt_ascend/build/behaviortree_ros2 -- -j16 -l16
[7.331s] Invoking command in '/home/frida/bt_ascend/build/behaviortree_ros2': AMENT_PREFIX_PATH=/home/frida/bt_ascend/install/btcpp_ros2_interfaces:/home/frida/bt_ascend/install/behaviortree_cpp:${AMENT_PREFIX_PATH} CMAKE_PREFIX_PATH=/home/frida/bt_ascend/install/btcpp_ros2_interfaces:/home/frida/bt_ascend/install/behaviortree_cpp:/home/frida/ros2_ws/install/behaviortree_ros2:/home/frida/ros2_ws/install/btcpp_ros2_interfaces:/home/frida/ros2_ws/install/behaviortree_cpp:/home/frida/ros_tut/install/robot_cont:/opt/ros/humble LD_LIBRARY_PATH=/home/frida/bt_ascend/install/btcpp_ros2_interfaces/lib:/home/frida/bt_ascend/install/behaviortree_cpp/lib:${LD_LIBRARY_PATH} PATH=/home/frida/bt_ascend/install/behaviortree_cpp/bin:${PATH} PYTHONPATH=/home/frida/bt_ascend/install/btcpp_ros2_interfaces/local/lib/python3.10/dist-packages:${PYTHONPATH} /usr/bin/cmake --install /home/frida/bt_ascend/build/behaviortree_ros2
[7.341s] -- Install configuration: ""
[7.341s] -- Installing: /home/frida/bt_ascend/install/behaviortree_ros2/include/bt_executor_parameters
[7.342s] -- Installing: /home/frida/bt_ascend/install/behaviortree_ros2/include/bt_executor_parameters/bt_executor_parameters.hpp
[7.342s] -- Up-to-date: /home/frida/bt_ascend/install/behaviortree_ros2/include/
[7.342s] -- Installing: /home/frida/bt_ascend/install/behaviortree_ros2/include//behaviortree_ros2
[7.342s] -- Installing: /home/frida/bt_ascend/install/behaviortree_ros2/include//behaviortree_ros2/bt_service_node.hpp
[7.342s] -- Installing: /home/frida/bt_ascend/install/behaviortree_ros2/include//behaviortree_ros2/bt_topic_pub_node.hpp
[7.342s] -- Installing: /home/frida/bt_ascend/install/behaviortree_ros2/include//behaviortree_ros2/bt_utils.hpp
[7.342s] -- Installing: /home/frida/bt_ascend/install/behaviortree_ros2/include//behaviortree_ros2/bt_action_node.hpp
[7.342s] -- Installing: /home/frida/bt_ascend/install/behaviortree_ros2/include//behaviortree_ros2/tree_execution_server.hpp
[7.342s] -- Installing: /home/frida/bt_ascend/install/behaviortree_ros2/include//behaviortree_ros2/ros_node_params.hpp
[7.342s] -- Installing: /home/frida/bt_ascend/install/behaviortree_ros2/include//behaviortree_ros2/bt_topic_sub_node.hpp
[7.342s] -- Installing: /home/frida/bt_ascend/install/behaviortree_ros2/include//behaviortree_ros2/plugins.hpp
[7.343s] -- Installing: /home/frida/bt_ascend/install/behaviortree_ros2/share/behaviortree_ros2/environment/library_path.sh
[7.343s] -- Installing: /home/frida/bt_ascend/install/behaviortree_ros2/share/behaviortree_ros2/environment/library_path.dsv
[7.343s] -- Installing: /home/frida/bt_ascend/install/behaviortree_ros2/lib/libbehaviortree_ros2.a
[7.346s] -- Installing: /home/frida/bt_ascend/install/behaviortree_ros2/share/ament_index/resource_index/package_run_dependencies/behaviortree_ros2
[7.346s] -- Installing: /home/frida/bt_ascend/install/behaviortree_ros2/share/ament_index/resource_index/parent_prefix_path/behaviortree_ros2
[7.346s] -- Installing: /home/frida/bt_ascend/install/behaviortree_ros2/share/behaviortree_ros2/environment/ament_prefix_path.sh
[7.346s] -- Installing: /home/frida/bt_ascend/install/behaviortree_ros2/share/behaviortree_ros2/environment/ament_prefix_path.dsv
[7.346s] -- Installing: /home/frida/bt_ascend/install/behaviortree_ros2/share/behaviortree_ros2/environment/path.sh
[7.346s] -- Installing: /home/frida/bt_ascend/install/behaviortree_ros2/share/behaviortree_ros2/environment/path.dsv
[7.346s] -- Installing: /home/frida/bt_ascend/install/behaviortree_ros2/share/behaviortree_ros2/local_setup.bash
[7.346s] -- Installing: /home/frida/bt_ascend/install/behaviortree_ros2/share/behaviortree_ros2/local_setup.sh
[7.346s] -- Installing: /home/frida/bt_ascend/install/behaviortree_ros2/share/behaviortree_ros2/local_setup.zsh
[7.347s] -- Installing: /home/frida/bt_ascend/install/behaviortree_ros2/share/behaviortree_ros2/local_setup.dsv
[7.347s] -- Installing: /home/frida/bt_ascend/install/behaviortree_ros2/share/behaviortree_ros2/package.dsv
[7.347s] -- Installing: /home/frida/bt_ascend/install/behaviortree_ros2/share/ament_index/resource_index/packages/behaviortree_ros2
[7.347s] -- Installing: /home/frida/bt_ascend/install/behaviortree_ros2/share/behaviortree_ros2/cmake/behaviortree_ros2TargetsExport.cmake
[7.347s] -- Installing: /home/frida/bt_ascend/install/behaviortree_ros2/share/behaviortree_ros2/cmake/behaviortree_ros2TargetsExport-noconfig.cmake
[7.347s] -- Installing: /home/frida/bt_ascend/install/behaviortree_ros2/share/behaviortree_ros2/cmake/ament_cmake_export_targets-extras.cmake
[7.347s] -- Installing: /home/frida/bt_ascend/install/behaviortree_ros2/share/behaviortree_ros2/cmake/ament_cmake_export_dependencies-extras.cmake
[7.347s] -- Installing: /home/frida/bt_ascend/install/behaviortree_ros2/share/behaviortree_ros2/cmake/ament_cmake_export_include_directories-extras.cmake
[7.347s] -- Installing: /home/frida/bt_ascend/install/behaviortree_ros2/share/behaviortree_ros2/cmake/ament_cmake_export_libraries-extras.cmake
[7.347s] -- Installing: /home/frida/bt_ascend/install/behaviortree_ros2/share/behaviortree_ros2/cmake/behaviortree_ros2Config.cmake
[7.347s] -- Installing: /home/frida/bt_ascend/install/behaviortree_ros2/share/behaviortree_ros2/cmake/behaviortree_ros2Config-version.cmake
[7.347s] -- Installing: /home/frida/bt_ascend/install/behaviortree_ros2/share/behaviortree_ros2/package.xml
[7.349s] Invoked command in '/home/frida/bt_ascend/build/behaviortree_ros2' returned '0': AMENT_PREFIX_PATH=/home/frida/bt_ascend/install/btcpp_ros2_interfaces:/home/frida/bt_ascend/install/behaviortree_cpp:${AMENT_PREFIX_PATH} CMAKE_PREFIX_PATH=/home/frida/bt_ascend/install/btcpp_ros2_interfaces:/home/frida/bt_ascend/install/behaviortree_cpp:/home/frida/ros2_ws/install/behaviortree_ros2:/home/frida/ros2_ws/install/btcpp_ros2_interfaces:/home/frida/ros2_ws/install/behaviortree_cpp:/home/frida/ros_tut/install/robot_cont:/opt/ros/humble LD_LIBRARY_PATH=/home/frida/bt_ascend/install/btcpp_ros2_interfaces/lib:/home/frida/bt_ascend/install/behaviortree_cpp/lib:${LD_LIBRARY_PATH} PATH=/home/frida/bt_ascend/install/behaviortree_cpp/bin:${PATH} PYTHONPATH=/home/frida/bt_ascend/install/btcpp_ros2_interfaces/local/lib/python3.10/dist-packages:${PYTHONPATH} /usr/bin/cmake --install /home/frida/bt_ascend/build/behaviortree_ros2
